INCLUDING DEPENDENCY Bridge
INCLUDING DEPENDENCY SuiSystem
INCLUDING DEPENDENCY Sui
INCLUDING DEPENDENCY MoveStdlib
BUILDING sui_amm
[0m[1m[38;5;11mwarning[W09002][0m[1m: unused variable[0m
   [0m[34mâ”Œâ”€[0m ./tests/metadata_tests.move:23:17
   [0m[34mâ”‚[0m
[0m[34m23[0m [0m[34mâ”‚[0m             let [0m[33mclock[0m = clock::create_for_testing(ctx);
   [0m[34mâ”‚[0m                 [0m[33m^^^^^[0m [0m[33mUnused local variable 'clock'. Consider removing or prefixing with an underscore: '_clock'[0m
   [0m[34mâ”‚[0m
   [0m[34m=[0m This warning can be suppressed with '#[allow(unused_variable)]' applied to the 'module' or module member ('const', 'fun', or 'struct')

[0m[1m[38;5;9merror[E03002][0m[1m: unbound module[0m
   [0m[34mâ”Œâ”€[0m ./tests/metadata_tests.move:23:25
   [0m[34mâ”‚[0m
[0m[34m23[0m [0m[34mâ”‚[0m             let clock = [0m[31mclock[0m::create_for_testing(ctx);
   [0m[34mâ”‚[0m                         [0m[31m^^^^^[0m [0m[31mUnbound module alias 'clock'[0m

[0m[1m[38;5;11mwarning[W09002][0m[1m: unused variable[0m
   [0m[34mâ”Œâ”€[0m ./tests/metadata_tests.move:32:17
   [0m[34mâ”‚[0m
[0m[34m32[0m [0m[34mâ”‚[0m             let [0m[33mclock[0m = clock::create_for_testing(ctx);
   [0m[34mâ”‚[0m                 [0m[33m^^^^^[0m [0m[33mUnused local variable 'clock'. Consider removing or prefixing with an underscore: '_clock'[0m
   [0m[34mâ”‚[0m
   [0m[34m=[0m This warning can be suppressed with '#[allow(unused_variable)]' applied to the 'module' or module member ('const', 'fun', or 'struct')

[0m[1m[38;5;9merror[E03002][0m[1m: unbound module[0m
   [0m[34mâ”Œâ”€[0m ./tests/metadata_tests.move:32:25
   [0m[34mâ”‚[0m
[0m[34m32[0m [0m[34mâ”‚[0m             let clock = [0m[31mclock[0m::create_for_testing(ctx);
   [0m[34mâ”‚[0m                         [0m[31m^^^^^[0m [0m[31mUnbound module alias 'clock'[0m

[0m[1m[38;5;9merror[E04007][0m[1m: incompatible types[0m
    [0m[34mâ”Œâ”€[0m ./tests/metadata_tests.move:37:50
    [0m[34mâ”‚[0m  
[0m[34m 37[0m [0m[34mâ”‚[0m               let (position, refund_a, refund_b) = [0m[31mfactory::create_pool<TokenA, TokenB>([0m
    [0m[34mâ”‚[0m [0m[31mâ•­[0m[0m[31mâ”€â”€â”€â”€â”€â”€â”€â”€â”€â”€â”€â”€â”€â”€â”€â”€â”€â”€â”€â”€â”€â”€â”€â”€â”€â”€â”€â”€â”€â”€â”€â”€â”€â”€â”€â”€â”€â”€â”€â”€â”€â”€â”€â”€â”€â”€â”€â”€â”€â”€^[0m
[0m[34m 38[0m [0m[34mâ”‚[0m [0m[31mâ”‚[0m [0m[31m                registry,[0m
[0m[34m 39[0m [0m[34mâ”‚[0m [0m[31mâ”‚[0m [0m[31m                30,[0m
[0m[34m 40[0m [0m[34mâ”‚[0m [0m[31mâ”‚[0m [0m[31m                0,[0m
    [0m[34mÂ·[0m [0m[31mâ”‚[0m
[0m[34m 43[0m [0m[34mâ”‚[0m [0m[31mâ”‚[0m [0m[31m                ctx[0m
[0m[34m 44[0m [0m[34mâ”‚[0m [0m[31mâ”‚[0m [0m[31m            )[0m;
    [0m[34mâ”‚[0m [0m[31mâ•°[0m[0m[31mâ”€â”€â”€â”€â”€â”€â”€â”€â”€â”€â”€â”€â”€^ Invalid call of 'sui_amm::factory::create_pool'. Invalid argument for parameter 'clock'[0m
    [0m[34mâ”‚[0m  
    [0m[34mâ”Œâ”€[0m /home/sati/.move/https___github_com_MystenLabs_sui_git_494fa6ede17f366f1cd850f01ccb9f42dc75c470/crates/sui-framework/packages/sui-framework/sources/test/test_scenario.move:370:47
    [0m[34mâ”‚[0m
[0m[34m370[0m [0m[34mâ”‚[0m public fun ctx(scenario: &mut Scenario): &mut TxContext {
    [0m[34mâ”‚[0m                                               [0m[34m---------[0m [0m[34mGiven: 'sui::tx_context::TxContext'[0m
    [0m[34mâ”‚[0m
    [0m[34mâ”Œâ”€[0m ./sources/factory.move:84:17
    [0m[34mâ”‚[0m
[0m[34m 84[0m [0m[34mâ”‚[0m         clock: &sui::clock::Clock,
    [0m[34mâ”‚[0m                 [0m[34m-----------------[0m [0m[34mExpected: 'sui::clock::Clock'[0m

[0m[1m[38;5;9merror[E04016][0m[1m: too few arguments[0m
   [0m[34mâ”Œâ”€[0m ./tests/metadata_tests.move:37:50
   [0m[34mâ”‚[0m    
[0m[34m37[0m [0m[34mâ”‚[0m                 let (position, refund_a, refund_b) = [0m[31mfactory::create_pool<TokenA, TokenB>([0m
   [0m[34mâ”‚[0m [0m[31mâ•­[0m[0m[31mâ”€â”€[0m[0m[31mâ”€â”€â”€â”€â”€â”€â”€â”€â”€â”€â”€â”€â”€â”€â”€â”€â”€â”€â”€â”€â”€â”€â”€â”€â”€â”€â”€â”€â”€â”€â”€â”€â”€â”€â”€â”€â”€â”€â”€â”€â”€â”€â”€â”€â”€â”€â”€â”€â”€â”€^[0m
   [0m[34mâ”‚[0m [0m[31mâ”‚[0m [0m[34mâ•­[0m[0m[34mâ”€â”€â”€â”€â”€â”€â”€â”€â”€â”€â”€â”€â”€â”€â”€â”€â”€â”€â”€â”€â”€â”€â”€â”€â”€â”€â”€â”€â”€â”€â”€â”€â”€â”€â”€â”€â”€â”€â”€â”€â”€â”€â”€â”€â”€â”€â”€â”€â”€â”€â”€â”€â”€â”€â”€â”€â”€â”€â”€â”€â”€â”€â”€â”€â”€â”€â”€â”€â”€â”€â”€â”€â”€â”€â”€â”€â”€â”€â”€â”€â”€â”€â”€â”€â”€â”€'[0m
[0m[34m38[0m [0m[34mâ”‚[0m [0m[31mâ”‚[0m [0m[34mâ”‚[0m [0m[31m                registry,[0m
[0m[34m39[0m [0m[34mâ”‚[0m [0m[31mâ”‚[0m [0m[34mâ”‚[0m [0m[31m                30,[0m
[0m[34m40[0m [0m[34mâ”‚[0m [0m[31mâ”‚[0m [0m[34mâ”‚[0m [0m[31m                0,[0m
   [0m[34mÂ·[0m [0m[31mâ”‚[0m [0m[34mâ”‚[0m
[0m[34m43[0m [0m[34mâ”‚[0m [0m[31mâ”‚[0m [0m[34mâ”‚[0m [0m[31m                ctx[0m
[0m[34m44[0m [0m[34mâ”‚[0m [0m[31mâ”‚[0m [0m[34mâ”‚[0m [0m[31m            )[0m;
   [0m[34mâ”‚[0m [0m[31mâ•°[0m[0m[31mâ”€[0m[0m[34mâ”‚[0m[0m[31mâ”€â”€â”€â”€â”€â”€â”€â”€â”€â”€â”€â”€â”€^ Invalid call of 'sui_amm::factory::create_pool'. The call expected 7 argument(s) but got 6[0m
   [0m[34mâ”‚[0m   [0m[34mâ•°[0m[0m[34mâ”€â”€â”€â”€â”€â”€â”€â”€â”€â”€â”€â”€â”€' Found 6 argument(s) here[0m
   [0m[34mâ”‚[0m    
   [0m[34mâ”Œâ”€[0m ./sources/factory.move:78:16
   [0m[34mâ”‚[0m
[0m[34m78[0m [0m[34mâ”‚[0m     public fun create_pool<CoinA, CoinB>(
   [0m[34mâ”‚[0m                [0m[34m-----------[0m [0m[34mExpected 7 argument(s)[0m

[0m[1m[38;5;11mwarning[W09002][0m[1m: unused variable[0m
   [0m[34mâ”Œâ”€[0m ./tests/metadata_tests.move:70:17
   [0m[34mâ”‚[0m
[0m[34m70[0m [0m[34mâ”‚[0m             let [0m[33mclock[0m = clock::create_for_testing(ctx);
   [0m[34mâ”‚[0m                 [0m[33m^^^^^[0m [0m[33mUnused local variable 'clock'. Consider removing or prefixing with an underscore: '_clock'[0m
   [0m[34mâ”‚[0m
   [0m[34m=[0m This warning can be suppressed with '#[allow(unused_variable)]' applied to the 'module' or module member ('const', 'fun', or 'struct')

[0m[1m[38;5;9merror[E03002][0m[1m: unbound module[0m
   [0m[34mâ”Œâ”€[0m ./tests/metadata_tests.move:70:25
   [0m[34mâ”‚[0m
[0m[34m70[0m [0m[34mâ”‚[0m             let clock = [0m[31mclock[0m::create_for_testing(ctx);
   [0m[34mâ”‚[0m                         [0m[31m^^^^^[0m [0m[31mUnbound module alias 'clock'[0m

[0m[1m[38;5;11mwarning[W09002][0m[1m: unused variable[0m
   [0m[34mâ”Œâ”€[0m ./tests/metadata_tests.move:79:17
   [0m[34mâ”‚[0m
[0m[34m79[0m [0m[34mâ”‚[0m             let [0m[33mclock[0m = clock::create_for_testing(ctx);
   [0m[34mâ”‚[0m                 [0m[33m^^^^^[0m [0m[33mUnused local variable 'clock'. Consider removing or prefixing with an underscore: '_clock'[0m
   [0m[34mâ”‚[0m
   [0m[34m=[0m This warning can be suppressed with '#[allow(unused_variable)]' applied to the 'module' or module member ('const', 'fun', or 'struct')

[0m[1m[38;5;9merror[E03002][0m[1m: unbound module[0m
   [0m[34mâ”Œâ”€[0m ./tests/metadata_tests.move:79:25
   [0m[34mâ”‚[0m
[0m[34m79[0m [0m[34mâ”‚[0m             let clock = [0m[31mclock[0m::create_for_testing(ctx);
   [0m[34mâ”‚[0m                         [0m[31m^^^^^[0m [0m[31mUnbound module alias 'clock'[0m

[0m[1m[38;5;9merror[E04007][0m[1m: incompatible types[0m
    [0m[34mâ”Œâ”€[0m ./tests/metadata_tests.move:84:50
    [0m[34mâ”‚[0m  
[0m[34m 84[0m [0m[34mâ”‚[0m               let (position, refund_a, refund_b) = [0m[31mfactory::create_pool<TokenA, TokenB>([0m
    [0m[34mâ”‚[0m [0m[31mâ•­[0m[0m[31mâ”€â”€â”€â”€â”€â”€â”€â”€â”€â”€â”€â”€â”€â”€â”€â”€â”€â”€â”€â”€â”€â”€â”€â”€â”€â”€â”€â”€â”€â”€â”€â”€â”€â”€â”€â”€â”€â”€â”€â”€â”€â”€â”€â”€â”€â”€â”€â”€â”€â”€^[0m
[0m[34m 85[0m [0m[34mâ”‚[0m [0m[31mâ”‚[0m [0m[31m                registry,[0m
[0m[34m 86[0m [0m[34mâ”‚[0m [0m[31mâ”‚[0m [0m[31m                30,[0m
[0m[34m 87[0m [0m[34mâ”‚[0m [0m[31mâ”‚[0m [0m[31m                0,[0m
    [0m[34mÂ·[0m [0m[31mâ”‚[0m
[0m[34m 90[0m [0m[34mâ”‚[0m [0m[31mâ”‚[0m [0m[31m                ctx[0m
[0m[34m 91[0m [0m[34mâ”‚[0m [0m[31mâ”‚[0m [0m[31m            )[0m;
    [0m[34mâ”‚[0m [0m[31mâ•°[0m[0m[31mâ”€â”€â”€â”€â”€â”€â”€â”€â”€â”€â”€â”€â”€^ Invalid call of 'sui_amm::factory::create_pool'. Invalid argument for parameter 'clock'[0m
    [0m[34mâ”‚[0m  
    [0m[34mâ”Œâ”€[0m /home/sati/.move/https___github_com_MystenLabs_sui_git_494fa6ede17f366f1cd850f01ccb9f42dc75c470/crates/sui-framework/packages/sui-framework/sources/test/test_scenario.move:370:47
    [0m[34mâ”‚[0m
[0m[34m370[0m [0m[34mâ”‚[0m public fun ctx(scenario: &mut Scenario): &mut TxContext {
    [0m[34mâ”‚[0m                                               [0m[34m---------[0m [0m[34mGiven: 'sui::tx_context::TxContext'[0m
    [0m[34mâ”‚[0m
    [0m[34mâ”Œâ”€[0m ./sources/factory.move:84:17
    [0m[34mâ”‚[0m
[0m[34m 84[0m [0m[34mâ”‚[0m         clock: &sui::clock::Clock,
    [0m[34mâ”‚[0m                 [0m[34m-----------------[0m [0m[34mExpected: 'sui::clock::Clock'[0m

[0m[1m[38;5;9merror[E04016][0m[1m: too few arguments[0m
   [0m[34mâ”Œâ”€[0m ./tests/metadata_tests.move:84:50
   [0m[34mâ”‚[0m    
[0m[34m84[0m [0m[34mâ”‚[0m                 let (position, refund_a, refund_b) = [0m[31mfactory::create_pool<TokenA, TokenB>([0m
   [0m[34mâ”‚[0m [0m[31mâ•­[0m[0m[31mâ”€â”€[0m[0m[31mâ”€â”€â”€â”€â”€â”€â”€â”€â”€â”€â”€â”€â”€â”€â”€â”€â”€â”€â”€â”€â”€â”€â”€â”€â”€â”€â”€â”€â”€â”€â”€â”€â”€â”€â”€â”€â”€â”€â”€â”€â”€â”€â”€â”€â”€â”€â”€â”€â”€â”€^[0m
   [0m[34mâ”‚[0m [0m[31mâ”‚[0m [0m[34mâ•­[0m[0m[34mâ”€â”€â”€â”€â”€â”€â”€â”€â”€â”€â”€â”€â”€â”€â”€â”€â”€â”€â”€â”€â”€â”€â”€â”€â”€â”€â”€â”€â”€â”€â”€â”€â”€â”€â”€â”€â”€â”€â”€â”€â”€â”€â”€â”€â”€â”€â”€â”€â”€â”€â”€â”€â”€â”€â”€â”€â”€â”€â”€â”€â”€â”€â”€â”€â”€â”€â”€â”€â”€â”€â”€â”€â”€â”€â”€â”€â”€â”€â”€â”€â”€â”€â”€â”€â”€â”€'[0m
[0m[34m85[0m [0m[34mâ”‚[0m [0m[31mâ”‚[0m [0m[34mâ”‚[0m [0m[31m                registry,[0m
[0m[34m86[0m [0m[34mâ”‚[0m [0m[31mâ”‚[0m [0m[34mâ”‚[0m [0m[31m                30,[0m
[0m[34m87[0m [0m[34mâ”‚[0m [0m[31mâ”‚[0m [0m[34mâ”‚[0m [0m[31m                0,[0m
   [0m[34mÂ·[0m [0m[31mâ”‚[0m [0m[34mâ”‚[0m
[0m[34m90[0m [0m[34mâ”‚[0m [0m[31mâ”‚[0m [0m[34mâ”‚[0m [0m[31m                ctx[0m
[0m[34m91[0m [0m[34mâ”‚[0m [0m[31mâ”‚[0m [0m[34mâ”‚[0m [0m[31m            )[0m;
   [0m[34mâ”‚[0m [0m[31mâ•°[0m[0m[31mâ”€[0m[0m[34mâ”‚[0m[0m[31mâ”€â”€â”€â”€â”€â”€â”€â”€â”€â”€â”€â”€â”€^ Invalid call of 'sui_amm::factory::create_pool'. The call expected 7 argument(s) but got 6[0m
   [0m[34mâ”‚[0m   [0m[34mâ•°[0m[0m[34mâ”€â”€â”€â”€â”€â”€â”€â”€â”€â”€â”€â”€â”€' Found 6 argument(s) here[0m
   [0m[34mâ”‚[0m    
   [0m[34mâ”Œâ”€[0m ./sources/factory.move:78:16
   [0m[34mâ”‚[0m
[0m[34m78[0m [0m[34mâ”‚[0m     public fun create_pool<CoinA, CoinB>(
   [0m[34mâ”‚[0m                [0m[34m-----------[0m [0m[34mExpected 7 argument(s)[0m

[0m[1m[38;5;11mwarning[W09002][0m[1m: unused variable[0m
   [0m[34mâ”Œâ”€[0m ./tests/quote_function_tests.move:27:17
   [0m[34mâ”‚[0m
[0m[34m27[0m [0m[34mâ”‚[0m             let [0m[33mclock[0m = clock::create_for_testing(ctx);
   [0m[34mâ”‚[0m                 [0m[33m^^^^^[0m [0m[33mUnused local variable 'clock'. Consider removing or prefixing with an underscore: '_clock'[0m
   [0m[34mâ”‚[0m
   [0m[34m=[0m This warning can be suppressed with '#[allow(unused_variable)]' applied to the 'module' or module member ('const', 'fun', or 'struct')

[0m[1m[38;5;11mwarning[W09002][0m[1m: unused variable[0m
   [0m[34mâ”Œâ”€[0m ./tests/quote_function_tests.move:36:17
   [0m[34mâ”‚[0m
[0m[34m36[0m [0m[34mâ”‚[0m             let [0m[33mclock[0m = clock::create_for_testing(ctx);
   [0m[34mâ”‚[0m                 [0m[33m^^^^^[0m [0m[33mUnused local variable 'clock'. Consider removing or prefixing with an underscore: '_clock'[0m
   [0m[34mâ”‚[0m
   [0m[34m=[0m This warning can be suppressed with '#[allow(unused_variable)]' applied to the 'module' or module member ('const', 'fun', or 'struct')

[0m[1m[38;5;9merror[E04007][0m[1m: incompatible types[0m
    [0m[34mâ”Œâ”€[0m ./tests/quote_function_tests.move:41:50
    [0m[34mâ”‚[0m  
[0m[34m 41[0m [0m[34mâ”‚[0m               let (position, refund_a, refund_b) = [0m[31mfactory::create_pool([0m
    [0m[34mâ”‚[0m [0m[31mâ•­[0m[0m[31mâ”€â”€â”€â”€â”€â”€â”€â”€â”€â”€â”€â”€â”€â”€â”€â”€â”€â”€â”€â”€â”€â”€â”€â”€â”€â”€â”€â”€â”€â”€â”€â”€â”€â”€â”€â”€â”€â”€â”€â”€â”€â”€â”€â”€â”€â”€â”€â”€â”€â”€^[0m
[0m[34m 42[0m [0m[34mâ”‚[0m [0m[31mâ”‚[0m [0m[31m                registry,[0m
[0m[34m 43[0m [0m[34mâ”‚[0m [0m[31mâ”‚[0m [0m[31m                30,[0m
[0m[34m 44[0m [0m[34mâ”‚[0m [0m[31mâ”‚[0m [0m[31m                0, // creator_fee_percent[0m
    [0m[34mÂ·[0m [0m[31mâ”‚[0m
[0m[34m 47[0m [0m[34mâ”‚[0m [0m[31mâ”‚[0m [0m[31m                ctx[0m
[0m[34m 48[0m [0m[34mâ”‚[0m [0m[31mâ”‚[0m [0m[31m            )[0m;
    [0m[34mâ”‚[0m [0m[31mâ•°[0m[0m[31mâ”€â”€â”€â”€â”€â”€â”€â”€â”€â”€â”€â”€â”€^ Invalid call of 'sui_amm::factory::create_pool'. Invalid argument for parameter 'clock'[0m
    [0m[34mâ”‚[0m  
    [0m[34mâ”Œâ”€[0m /home/sati/.move/https___github_com_MystenLabs_sui_git_494fa6ede17f366f1cd850f01ccb9f42dc75c470/crates/sui-framework/packages/sui-framework/sources/test/test_scenario.move:370:47
    [0m[34mâ”‚[0m
[0m[34m370[0m [0m[34mâ”‚[0m public fun ctx(scenario: &mut Scenario): &mut TxContext {
    [0m[34mâ”‚[0m                                               [0m[34m---------[0m [0m[34mGiven: 'sui::tx_context::TxContext'[0m
    [0m[34mâ”‚[0m
    [0m[34mâ”Œâ”€[0m ./sources/factory.move:84:17
    [0m[34mâ”‚[0m
[0m[34m 84[0m [0m[34mâ”‚[0m         clock: &sui::clock::Clock,
    [0m[34mâ”‚[0m                 [0m[34m-----------------[0m [0m[34mExpected: 'sui::clock::Clock'[0m

[0m[1m[38;5;9merror[E04016][0m[1m: too few arguments[0m
   [0m[34mâ”Œâ”€[0m ./tests/quote_function_tests.move:41:50
   [0m[34mâ”‚[0m    
[0m[34m41[0m [0m[34mâ”‚[0m                 let (position, refund_a, refund_b) = [0m[31mfactory::create_pool([0m
   [0m[34mâ”‚[0m [0m[31mâ•­[0m[0m[31mâ”€â”€[0m[0m[31mâ”€â”€â”€â”€â”€â”€â”€â”€â”€â”€â”€â”€â”€â”€â”€â”€â”€â”€â”€â”€â”€â”€â”€â”€â”€â”€â”€â”€â”€â”€â”€â”€â”€â”€â”€â”€â”€â”€â”€â”€â”€â”€â”€â”€â”€â”€â”€â”€â”€â”€^[0m
   [0m[34mâ”‚[0m [0m[31mâ”‚[0m [0m[34mâ•­[0m[0m[34mâ”€â”€â”€â”€â”€â”€â”€â”€â”€â”€â”€â”€â”€â”€â”€â”€â”€â”€â”€â”€â”€â”€â”€â”€â”€â”€â”€â”€â”€â”€â”€â”€â”€â”€â”€â”€â”€â”€â”€â”€â”€â”€â”€â”€â”€â”€â”€â”€â”€â”€â”€â”€â”€â”€â”€â”€â”€â”€â”€â”€â”€â”€â”€â”€â”€â”€â”€â”€â”€â”€'[0m
[0m[34m42[0m [0m[34mâ”‚[0m [0m[31mâ”‚[0m [0m[34mâ”‚[0m [0m[31m                registry,[0m
[0m[34m43[0m [0m[34mâ”‚[0m [0m[31mâ”‚[0m [0m[34mâ”‚[0m [0m[31m                30,[0m
[0m[34m44[0m [0m[34mâ”‚[0m [0m[31mâ”‚[0m [0m[34mâ”‚[0m [0m[31m                0, // creator_fee_percent[0m
   [0m[34mÂ·[0m [0m[31mâ”‚[0m [0m[34mâ”‚[0m
[0m[34m47[0m [0m[34mâ”‚[0m [0m[31mâ”‚[0m [0m[34mâ”‚[0m [0m[31m                ctx[0m
[0m[34m48[0m [0m[34mâ”‚[0m [0m[31mâ”‚[0m [0m[34mâ”‚[0m [0m[31m            )[0m;
   [0m[34mâ”‚[0m [0m[31mâ•°[0m[0m[31mâ”€[0m[0m[34mâ”‚[0m[0m[31mâ”€â”€â”€â”€â”€â”€â”€â”€â”€â”€â”€â”€â”€^ Invalid call of 'sui_amm::factory::create_pool'. The call expected 7 argument(s) but got 6[0m
   [0m[34mâ”‚[0m   [0m[34mâ•°[0m[0m[34mâ”€â”€â”€â”€â”€â”€â”€â”€â”€â”€â”€â”€â”€' Found 6 argument(s) here[0m
   [0m[34mâ”‚[0m    
   [0m[34mâ”Œâ”€[0m ./sources/factory.move:78:16
   [0m[34mâ”‚[0m
[0m[34m78[0m [0m[34mâ”‚[0m     public fun create_pool<CoinA, CoinB>(
   [0m[34mâ”‚[0m                [0m[34m-----------[0m [0m[34mExpected 7 argument(s)[0m

[0m[1m[38;5;11mwarning[W09002][0m[1m: unused variable[0m
   [0m[34mâ”Œâ”€[0m ./tests/quote_function_tests.move:93:17
   [0m[34mâ”‚[0m
[0m[34m93[0m [0m[34mâ”‚[0m             let [0m[33mclock[0m = clock::create_for_testing(ctx);
   [0m[34mâ”‚[0m                 [0m[33m^^^^^[0m [0m[33mUnused local variable 'clock'. Consider removing or prefixing with an underscore: '_clock'[0m
   [0m[34mâ”‚[0m
   [0m[34m=[0m This warning can be suppressed with '#[allow(unused_variable)]' applied to the 'module' or module member ('const', 'fun', or 'struct')

[0m[1m[38;5;11mwarning[W09002][0m[1m: unused variable[0m
    [0m[34mâ”Œâ”€[0m ./tests/quote_function_tests.move:115:17
    [0m[34mâ”‚[0m
[0m[34m115[0m [0m[34mâ”‚[0m             let [0m[33mclock[0m = clock::create_for_testing(ctx);
    [0m[34mâ”‚[0m                 [0m[33m^^^^^[0m [0m[33mUnused local variable 'clock'. Consider removing or prefixing with an underscore: '_clock'[0m
    [0m[34mâ”‚[0m
    [0m[34m=[0m This warning can be suppressed with '#[allow(unused_variable)]' applied to the 'module' or module member ('const', 'fun', or 'struct')

[0m[1m[38;5;11mwarning[W09002][0m[1m: unused variable[0m
    [0m[34mâ”Œâ”€[0m ./tests/quote_function_tests.move:124:17
    [0m[34mâ”‚[0m
[0m[34m124[0m [0m[34mâ”‚[0m             let [0m[33mclock[0m = clock::create_for_testing(ctx);
    [0m[34mâ”‚[0m                 [0m[33m^^^^^[0m [0m[33mUnused local variable 'clock'. Consider removing or prefixing with an underscore: '_clock'[0m
    [0m[34mâ”‚[0m
    [0m[34m=[0m This warning can be suppressed with '#[allow(unused_variable)]' applied to the 'module' or module member ('const', 'fun', or 'struct')

[0m[1m[38;5;9merror[E04007][0m[1m: incompatible types[0m
    [0m[34mâ”Œâ”€[0m ./tests/quote_function_tests.move:129:50
    [0m[34mâ”‚[0m  
[0m[34m129[0m [0m[34mâ”‚[0m               let (position, refund_a, refund_b) = [0m[31mfactory::create_pool([0m
    [0m[34mâ”‚[0m [0m[31mâ•­[0m[0m[31mâ”€â”€â”€â”€â”€â”€â”€â”€â”€â”€â”€â”€â”€â”€â”€â”€â”€â”€â”€â”€â”€â”€â”€â”€â”€â”€â”€â”€â”€â”€â”€â”€â”€â”€â”€â”€â”€â”€â”€â”€â”€â”€â”€â”€â”€â”€â”€â”€â”€â”€^[0m
[0m[34m130[0m [0m[34mâ”‚[0m [0m[31mâ”‚[0m [0m[31m                registry,[0m
[0m[34m131[0m [0m[34mâ”‚[0m [0m[31mâ”‚[0m [0m[31m                30,[0m
[0m[34m132[0m [0m[34mâ”‚[0m [0m[31mâ”‚[0m [0m[31m                0, // creator_fee_percent[0m
    [0m[34mÂ·[0m [0m[31mâ”‚[0m
[0m[34m135[0m [0m[34mâ”‚[0m [0m[31mâ”‚[0m [0m[31m                ctx[0m
[0m[34m136[0m [0m[34mâ”‚[0m [0m[31mâ”‚[0m [0m[31m            )[0m;
    [0m[34mâ”‚[0m [0m[31mâ•°[0m[0m[31mâ”€â”€â”€â”€â”€â”€â”€â”€â”€â”€â”€â”€â”€^ Invalid call of 'sui_amm::factory::create_pool'. Invalid argument for parameter 'clock'[0m
    [0m[34mâ”‚[0m  
    [0m[34mâ”Œâ”€[0m /home/sati/.move/https___github_com_MystenLabs_sui_git_494fa6ede17f366f1cd850f01ccb9f42dc75c470/crates/sui-framework/packages/sui-framework/sources/test/test_scenario.move:370:47
    [0m[34mâ”‚[0m
[0m[34m370[0m [0m[34mâ”‚[0m public fun ctx(scenario: &mut Scenario): &mut TxContext {
    [0m[34mâ”‚[0m                                               [0m[34m---------[0m [0m[34mGiven: 'sui::tx_context::TxContext'[0m
    [0m[34mâ”‚[0m
    [0m[34mâ”Œâ”€[0m ./sources/factory.move:84:17
    [0m[34mâ”‚[0m
[0m[34m 84[0m [0m[34mâ”‚[0m         clock: &sui::clock::Clock,
    [0m[34mâ”‚[0m                 [0m[34m-----------------[0m [0m[34mExpected: 'sui::clock::Clock'[0m

[0m[1m[38;5;9merror[E04016][0m[1m: too few arguments[0m
    [0m[34mâ”Œâ”€[0m ./tests/quote_function_tests.move:129:50
    [0m[34mâ”‚[0m    
[0m[34m129[0m [0m[34mâ”‚[0m                 let (position, refund_a, refund_b) = [0m[31mfactory::create_pool([0m
    [0m[34mâ”‚[0m [0m[31mâ•­[0m[0m[31mâ”€â”€[0m[0m[31mâ”€â”€â”€â”€â”€â”€â”€â”€â”€â”€â”€â”€â”€â”€â”€â”€â”€â”€â”€â”€â”€â”€â”€â”€â”€â”€â”€â”€â”€â”€â”€â”€â”€â”€â”€â”€â”€â”€â”€â”€â”€â”€â”€â”€â”€â”€â”€â”€â”€â”€^[0m
    [0m[34mâ”‚[0m [0m[31mâ”‚[0m [0m[34mâ•­[0m[0m[34mâ”€â”€â”€â”€â”€â”€â”€â”€â”€â”€â”€â”€â”€â”€â”€â”€â”€â”€â”€â”€â”€â”€â”€â”€â”€â”€â”€â”€â”€â”€â”€â”€â”€â”€â”€â”€â”€â”€â”€â”€â”€â”€â”€â”€â”€â”€â”€â”€â”€â”€â”€â”€â”€â”€â”€â”€â”€â”€â”€â”€â”€â”€â”€â”€â”€â”€â”€â”€â”€â”€'[0m
[0m[34m130[0m [0m[34mâ”‚[0m [0m[31mâ”‚[0m [0m[34mâ”‚[0m [0m[31m                registry,[0m
[0m[34m131[0m [0m[34mâ”‚[0m [0m[31mâ”‚[0m [0m[34mâ”‚[0m [0m[31m                30,[0m
[0m[34m132[0m [0m[34mâ”‚[0m [0m[31mâ”‚[0m [0m[34mâ”‚[0m [0m[31m                0, // creator_fee_percent[0m
    [0m[34mÂ·[0m [0m[31mâ”‚[0m [0m[34mâ”‚[0m
[0m[34m135[0m [0m[34mâ”‚[0m [0m[31mâ”‚[0m [0m[34mâ”‚[0m [0m[31m                ctx[0m
[0m[34m136[0m [0m[34mâ”‚[0m [0m[31mâ”‚[0m [0m[34mâ”‚[0m [0m[31m            )[0m;
    [0m[34mâ”‚[0m [0m[31mâ•°[0m[0m[31mâ”€[0m[0m[34mâ”‚[0m[0m[31mâ”€â”€â”€â”€â”€â”€â”€â”€â”€â”€â”€â”€â”€^ Invalid call of 'sui_amm::factory::create_pool'. The call expected 7 argument(s) but got 6[0m
    [0m[34mâ”‚[0m   [0m[34mâ•°[0m[0m[34mâ”€â”€â”€â”€â”€â”€â”€â”€â”€â”€â”€â”€â”€' Found 6 argument(s) here[0m
    [0m[34mâ”‚[0m    
    [0m[34mâ”Œâ”€[0m ./sources/factory.move:78:16
    [0m[34mâ”‚[0m
[0m[34m 78[0m [0m[34mâ”‚[0m     public fun create_pool<CoinA, CoinB>(
    [0m[34mâ”‚[0m                [0m[34m-----------[0m [0m[34mExpected 7 argument(s)[0m

[0m[1m[38;5;11mwarning[W09002][0m[1m: unused variable[0m
    [0m[34mâ”Œâ”€[0m ./tests/quote_function_tests.move:168:17
    [0m[34mâ”‚[0m
[0m[34m168[0m [0m[34mâ”‚[0m             let [0m[33mclock[0m = clock::create_for_testing(ctx);
    [0m[34mâ”‚[0m                 [0m[33m^^^^^[0m [0m[33mUnused local variable 'clock'. Consider removing or prefixing with an underscore: '_clock'[0m
    [0m[34mâ”‚[0m
    [0m[34m=[0m This warning can be suppressed with '#[allow(unused_variable)]' applied to the 'module' or module member ('const', 'fun', or 'struct')

[0m[1m[38;5;11mwarning[W09002][0m[1m: unused variable[0m
    [0m[34mâ”Œâ”€[0m ./tests/quote_function_tests.move:177:17
    [0m[34mâ”‚[0m
[0m[34m177[0m [0m[34mâ”‚[0m             let [0m[33mclock[0m = clock::create_for_testing(ctx);
    [0m[34mâ”‚[0m                 [0m[33m^^^^^[0m [0m[33mUnused local variable 'clock'. Consider removing or prefixing with an underscore: '_clock'[0m
    [0m[34mâ”‚[0m
    [0m[34m=[0m This warning can be suppressed with '#[allow(unused_variable)]' applied to the 'module' or module member ('const', 'fun', or 'struct')

[0m[1m[38;5;9merror[E04007][0m[1m: incompatible types[0m
    [0m[34mâ”Œâ”€[0m ./tests/quote_function_tests.move:182:50
    [0m[34mâ”‚[0m  
[0m[34m182[0m [0m[34mâ”‚[0m               let (position, refund_a, refund_b) = [0m[31mfactory::create_pool([0m
    [0m[34mâ”‚[0m [0m[31mâ•­[0m[0m[31mâ”€â”€â”€â”€â”€â”€â”€â”€â”€â”€â”€â”€â”€â”€â”€â”€â”€â”€â”€â”€â”€â”€â”€â”€â”€â”€â”€â”€â”€â”€â”€â”€â”€â”€â”€â”€â”€â”€â”€â”€â”€â”€â”€â”€â”€â”€â”€â”€â”€â”€^[0m
[0m[34m183[0m [0m[34mâ”‚[0m [0m[31mâ”‚[0m [0m[31m                registry,[0m
[0m[34m184[0m [0m[34mâ”‚[0m [0m[31mâ”‚[0m [0m[31m                30,[0m
[0m[34m185[0m [0m[34mâ”‚[0m [0m[31mâ”‚[0m [0m[31m                0, // creator_fee_percent[0m
    [0m[34mÂ·[0m [0m[31mâ”‚[0m
[0m[34m188[0m [0m[34mâ”‚[0m [0m[31mâ”‚[0m [0m[31m                ctx[0m
[0m[34m189[0m [0m[34mâ”‚[0m [0m[31mâ”‚[0m [0m[31m            )[0m;
    [0m[34mâ”‚[0m [0m[31mâ•°[0m[0m[31mâ”€â”€â”€â”€â”€â”€â”€â”€â”€â”€â”€â”€â”€^ Invalid call of 'sui_amm::factory::create_pool'. Invalid argument for parameter 'clock'[0m
    [0m[34mâ”‚[0m  
    [0m[34mâ”Œâ”€[0m /home/sati/.move/https___github_com_MystenLabs_sui_git_494fa6ede17f366f1cd850f01ccb9f42dc75c470/crates/sui-framework/packages/sui-framework/sources/test/test_scenario.move:370:47
    [0m[34mâ”‚[0m
[0m[34m370[0m [0m[34mâ”‚[0m public fun ctx(scenario: &mut Scenario): &mut TxContext {
    [0m[34mâ”‚[0m                                               [0m[34m---------[0m [0m[34mGiven: 'sui::tx_context::TxContext'[0m
    [0m[34mâ”‚[0m
    [0m[34mâ”Œâ”€[0m ./sources/factory.move:84:17
    [0m[34mâ”‚[0m
[0m[34m 84[0m [0m[34mâ”‚[0m         clock: &sui::clock::Clock,
    [0m[34mâ”‚[0m                 [0m[34m-----------------[0m [0m[34mExpected: 'sui::clock::Clock'[0m

[0m[1m[38;5;9merror[E04016][0m[1m: too few arguments[0m
    [0m[34mâ”Œâ”€[0m ./tests/quote_function_tests.move:182:50
    [0m[34mâ”‚[0m    
[0m[34m182[0m [0m[34mâ”‚[0m                 let (position, refund_a, refund_b) = [0m[31mfactory::create_pool([0m
    [0m[34mâ”‚[0m [0m[31mâ•­[0m[0m[31mâ”€â”€[0m[0m[31mâ”€â”€â”€â”€â”€â”€â”€â”€â”€â”€â”€â”€â”€â”€â”€â”€â”€â”€â”€â”€â”€â”€â”€â”€â”€â”€â”€â”€â”€â”€â”€â”€â”€â”€â”€â”€â”€â”€â”€â”€â”€â”€â”€â”€â”€â”€â”€â”€â”€â”€^[0m
    [0m[34mâ”‚[0m [0m[31mâ”‚[0m [0m[34mâ•­[0m[0m[34mâ”€â”€â”€â”€â”€â”€â”€â”€â”€â”€â”€â”€â”€â”€â”€â”€â”€â”€â”€â”€â”€â”€â”€â”€â”€â”€â”€â”€â”€â”€â”€â”€â”€â”€â”€â”€â”€â”€â”€â”€â”€â”€â”€â”€â”€â”€â”€â”€â”€â”€â”€â”€â”€â”€â”€â”€â”€â”€â”€â”€â”€â”€â”€â”€â”€â”€â”€â”€â”€â”€'[0m
[0m[34m183[0m [0m[34mâ”‚[0m [0m[31mâ”‚[0m [0m[34mâ”‚[0m [0m[31m                registry,[0m
[0m[34m184[0m [0m[34mâ”‚[0m [0m[31mâ”‚[0m [0m[34mâ”‚[0m [0m[31m                30,[0m
[0m[34m185[0m [0m[34mâ”‚[0m [0m[31mâ”‚[0m [0m[34mâ”‚[0m [0m[31m                0, // creator_fee_percent[0m
    [0m[34mÂ·[0m [0m[31mâ”‚[0m [0m[34mâ”‚[0m
[0m[34m188[0m [0m[34mâ”‚[0m [0m[31mâ”‚[0m [0m[34mâ”‚[0m [0m[31m                ctx[0m
[0m[34m189[0m [0m[34mâ”‚[0m [0m[31mâ”‚[0m [0m[34mâ”‚[0m [0m[31m            )[0m;
    [0m[34mâ”‚[0m [0m[31mâ•°[0m[0m[31mâ”€[0m[0m[34mâ”‚[0m[0m[31mâ”€â”€â”€â”€â”€â”€â”€â”€â”€â”€â”€â”€â”€^ Invalid call of 'sui_amm::factory::create_pool'. The call expected 7 argument(s) but got 6[0m
    [0m[34mâ”‚[0m   [0m[34mâ•°[0m[0m[34mâ”€â”€â”€â”€â”€â”€â”€â”€â”€â”€â”€â”€â”€' Found 6 argument(s) here[0m
    [0m[34mâ”‚[0m    
    [0m[34mâ”Œâ”€[0m ./sources/factory.move:78:16
    [0m[34mâ”‚[0m
[0m[34m 78[0m [0m[34mâ”‚[0m     public fun create_pool<CoinA, CoinB>(
    [0m[34mâ”‚[0m                [0m[34m-----------[0m [0m[34mExpected 7 argument(s)[0m

[0m[1m[38;5;11mwarning[W09002][0m[1m: unused variable[0m
    [0m[34mâ”Œâ”€[0m ./tests/quote_function_tests.move:225:17
    [0m[34mâ”‚[0m
[0m[34m225[0m [0m[34mâ”‚[0m             let [0m[33mclock[0m = clock::create_for_testing(ctx);
    [0m[34mâ”‚[0m                 [0m[33m^^^^^[0m [0m[33mUnused local variable 'clock'. Consider removing or prefixing with an underscore: '_clock'[0m
    [0m[34mâ”‚[0m
    [0m[34m=[0m This warning can be suppressed with '#[allow(unused_variable)]' applied to the 'module' or module member ('const', 'fun', or 'struct')

[0m[1m[38;5;11mwarning[W09002][0m[1m: unused variable[0m
    [0m[34mâ”Œâ”€[0m ./tests/quote_function_tests.move:234:17
    [0m[34mâ”‚[0m
[0m[34m234[0m [0m[34mâ”‚[0m             let [0m[33mclock[0m = clock::create_for_testing(ctx);
    [0m[34mâ”‚[0m                 [0m[33m^^^^^[0m [0m[33mUnused local variable 'clock'. Consider removing or prefixing with an underscore: '_clock'[0m
    [0m[34mâ”‚[0m
    [0m[34m=[0m This warning can be suppressed with '#[allow(unused_variable)]' applied to the 'module' or module member ('const', 'fun', or 'struct')

[0m[1m[38;5;9merror[E04007][0m[1m: incompatible types[0m
    [0m[34mâ”Œâ”€[0m ./tests/quote_function_tests.move:239:50
    [0m[34mâ”‚[0m  
[0m[34m239[0m [0m[34mâ”‚[0m               let (position, refund_a, refund_b) = [0m[31mfactory::create_pool<ETH, USDT>([0m
    [0m[34mâ”‚[0m [0m[31mâ•­[0m[0m[31mâ”€â”€â”€â”€â”€â”€â”€â”€â”€â”€â”€â”€â”€â”€â”€â”€â”€â”€â”€â”€â”€â”€â”€â”€â”€â”€â”€â”€â”€â”€â”€â”€â”€â”€â”€â”€â”€â”€â”€â”€â”€â”€â”€â”€â”€â”€â”€â”€â”€â”€^[0m
[0m[34m240[0m [0m[34mâ”‚[0m [0m[31mâ”‚[0m [0m[31m                registry,[0m
[0m[34m241[0m [0m[34mâ”‚[0m [0m[31mâ”‚[0m [0m[31m                30,[0m
[0m[34m242[0m [0m[34mâ”‚[0m [0m[31mâ”‚[0m [0m[31m                0, // creator_fee_percent[0m
    [0m[34mÂ·[0m [0m[31mâ”‚[0m
[0m[34m245[0m [0m[34mâ”‚[0m [0m[31mâ”‚[0m [0m[31m                ctx[0m
[0m[34m246[0m [0m[34mâ”‚[0m [0m[31mâ”‚[0m [0m[31m            )[0m;
    [0m[34mâ”‚[0m [0m[31mâ•°[0m[0m[31mâ”€â”€â”€â”€â”€â”€â”€â”€â”€â”€â”€â”€â”€^ Invalid call of 'sui_amm::factory::create_pool'. Invalid argument for parameter 'clock'[0m
    [0m[34mâ”‚[0m  
    [0m[34mâ”Œâ”€[0m /home/sati/.move/https___github_com_MystenLabs_sui_git_494fa6ede17f366f1cd850f01ccb9f42dc75c470/crates/sui-framework/packages/sui-framework/sources/test/test_scenario.move:370:47
    [0m[34mâ”‚[0m
[0m[34m370[0m [0m[34mâ”‚[0m public fun ctx(scenario: &mut Scenario): &mut TxContext {
    [0m[34mâ”‚[0m                                               [0m[34m---------[0m [0m[34mGiven: 'sui::tx_context::TxContext'[0m
    [0m[34mâ”‚[0m
    [0m[34mâ”Œâ”€[0m ./sources/factory.move:84:17
    [0m[34mâ”‚[0m
[0m[34m 84[0m [0m[34mâ”‚[0m         clock: &sui::clock::Clock,
    [0m[34mâ”‚[0m                 [0m[34m-----------------[0m [0m[34mExpected: 'sui::clock::Clock'[0m

[0m[1m[38;5;9merror[E04016][0m[1m: too few arguments[0m
    [0m[34mâ”Œâ”€[0m ./tests/quote_function_tests.move:239:50
    [0m[34mâ”‚[0m    
[0m[34m239[0m [0m[34mâ”‚[0m                 let (position, refund_a, refund_b) = [0m[31mfactory::create_pool<ETH, USDT>([0m
    [0m[34mâ”‚[0m [0m[31mâ•­[0m[0m[31mâ”€â”€[0m[0m[31mâ”€â”€â”€â”€â”€â”€â”€â”€â”€â”€â”€â”€â”€â”€â”€â”€â”€â”€â”€â”€â”€â”€â”€â”€â”€â”€â”€â”€â”€â”€â”€â”€â”€â”€â”€â”€â”€â”€â”€â”€â”€â”€â”€â”€â”€â”€â”€â”€â”€â”€^[0m
    [0m[34mâ”‚[0m [0m[31mâ”‚[0m [0m[34mâ•­[0m[0m[34mâ”€â”€â”€â”€â”€â”€â”€â”€â”€â”€â”€â”€â”€â”€â”€â”€â”€â”€â”€â”€â”€â”€â”€â”€â”€â”€â”€â”€â”€â”€â”€â”€â”€â”€â”€â”€â”€â”€â”€â”€â”€â”€â”€â”€â”€â”€â”€â”€â”€â”€â”€â”€â”€â”€â”€â”€â”€â”€â”€â”€â”€â”€â”€â”€â”€â”€â”€â”€â”€â”€â”€â”€â”€â”€â”€â”€â”€â”€â”€â”€â”€'[0m
[0m[34m240[0m [0m[34mâ”‚[0m [0m[31mâ”‚[0m [0m[34mâ”‚[0m [0m[31m                registry,[0m
[0m[34m241[0m [0m[34mâ”‚[0m [0m[31mâ”‚[0m [0m[34mâ”‚[0m [0m[31m                30,[0m
[0m[34m242[0m [0m[34mâ”‚[0m [0m[31mâ”‚[0m [0m[34mâ”‚[0m [0m[31m                0, // creator_fee_percent[0m
    [0m[34mÂ·[0m [0m[31mâ”‚[0m [0m[34mâ”‚[0m
[0m[34m245[0m [0m[34mâ”‚[0m [0m[31mâ”‚[0m [0m[34mâ”‚[0m [0m[31m                ctx[0m
[0m[34m246[0m [0m[34mâ”‚[0m [0m[31mâ”‚[0m [0m[34mâ”‚[0m [0m[31m            )[0m;
    [0m[34mâ”‚[0m [0m[31mâ•°[0m[0m[31mâ”€[0m[0m[34mâ”‚[0m[0m[31mâ”€â”€â”€â”€â”€â”€â”€â”€â”€â”€â”€â”€â”€^ Invalid call of 'sui_amm::factory::create_pool'. The call expected 7 argument(s) but got 6[0m
    [0m[34mâ”‚[0m   [0m[34mâ•°[0m[0m[34mâ”€â”€â”€â”€â”€â”€â”€â”€â”€â”€â”€â”€â”€' Found 6 argument(s) here[0m
    [0m[34mâ”‚[0m    
    [0m[34mâ”Œâ”€[0m ./sources/factory.move:78:16
    [0m[34mâ”‚[0m
[0m[34m 78[0m [0m[34mâ”‚[0m     public fun create_pool<CoinA, CoinB>(
    [0m[34mâ”‚[0m                [0m[34m-----------[0m [0m[34mExpected 7 argument(s)[0m

[0m[1m[38;5;11mwarning[W09002][0m[1m: unused variable[0m
    [0m[34mâ”Œâ”€[0m ./tests/quote_function_tests.move:280:17
    [0m[34mâ”‚[0m
[0m[34m280[0m [0m[34mâ”‚[0m             let [0m[33mclock[0m = clock::create_for_testing(ctx);
    [0m[34mâ”‚[0m                 [0m[33m^^^^^[0m [0m[33mUnused local variable 'clock'. Consider removing or prefixing with an underscore: '_clock'[0m
    [0m[34mâ”‚[0m
    [0m[34m=[0m This warning can be suppressed with '#[allow(unused_variable)]' applied to the 'module' or module member ('const', 'fun', or 'struct')

[0m[1m[38;5;11mwarning[W09002][0m[1m: unused variable[0m
    [0m[34mâ”Œâ”€[0m ./tests/quote_function_tests.move:289:17
    [0m[34mâ”‚[0m
[0m[34m289[0m [0m[34mâ”‚[0m             let [0m[33mclock[0m = clock::create_for_testing(ctx);
    [0m[34mâ”‚[0m                 [0m[33m^^^^^[0m [0m[33mUnused local variable 'clock'. Consider removing or prefixing with an underscore: '_clock'[0m
    [0m[34mâ”‚[0m
    [0m[34m=[0m This warning can be suppressed with '#[allow(unused_variable)]' applied to the 'module' or module member ('const', 'fun', or 'struct')

[0m[1m[38;5;9merror[E04007][0m[1m: incompatible types[0m
    [0m[34mâ”Œâ”€[0m ./tests/quote_function_tests.move:294:50
    [0m[34mâ”‚[0m  
[0m[34m294[0m [0m[34mâ”‚[0m               let (position, refund_a, refund_b) = [0m[31mfactory::create_stable_pool([0m
    [0m[34mâ”‚[0m [0m[31mâ•­[0m[0m[31mâ”€â”€â”€â”€â”€â”€â”€â”€â”€â”€â”€â”€â”€â”€â”€â”€â”€â”€â”€â”€â”€â”€â”€â”€â”€â”€â”€â”€â”€â”€â”€â”€â”€â”€â”€â”€â”€â”€â”€â”€â”€â”€â”€â”€â”€â”€â”€â”€â”€â”€^[0m
[0m[34m295[0m [0m[34mâ”‚[0m [0m[31mâ”‚[0m [0m[31m                registry,[0m
[0m[34m296[0m [0m[34mâ”‚[0m [0m[31mâ”‚[0m [0m[31m                30,[0m
[0m[34m297[0m [0m[34mâ”‚[0m [0m[31mâ”‚[0m [0m[31m                100,[0m
    [0m[34mÂ·[0m [0m[31mâ”‚[0m
[0m[34m300[0m [0m[34mâ”‚[0m [0m[31mâ”‚[0m [0m[31m                ctx[0m
[0m[34m301[0m [0m[34mâ”‚[0m [0m[31mâ”‚[0m [0m[31m            )[0m;
    [0m[34mâ”‚[0m [0m[31mâ•°[0m[0m[31mâ”€â”€â”€â”€â”€â”€â”€â”€â”€â”€â”€â”€â”€^ Invalid call of 'sui_amm::factory::create_stable_pool'. Invalid argument for parameter 'clock'[0m
    [0m[34mâ”‚[0m  
    [0m[34mâ”Œâ”€[0m /home/sati/.move/https___github_com_MystenLabs_sui_git_494fa6ede17f366f1cd850f01ccb9f42dc75c470/crates/sui-framework/packages/sui-framework/sources/test/test_scenario.move:370:47
    [0m[34mâ”‚[0m
[0m[34m370[0m [0m[34mâ”‚[0m public fun ctx(scenario: &mut Scenario): &mut TxContext {
    [0m[34mâ”‚[0m                                               [0m[34m---------[0m [0m[34mGiven: 'sui::tx_context::TxContext'[0m
    [0m[34mâ”‚[0m
    [0m[34mâ”Œâ”€[0m ./sources/factory.move:157:17
    [0m[34mâ”‚[0m
[0m[34m157[0m [0m[34mâ”‚[0m         clock: &sui::clock::Clock,
    [0m[34mâ”‚[0m                 [0m[34m-----------------[0m [0m[34mExpected: 'sui::clock::Clock'[0m

[0m[1m[38;5;9merror[E04016][0m[1m: too few arguments[0m
    [0m[34mâ”Œâ”€[0m ./tests/quote_function_tests.move:294:50
    [0m[34mâ”‚[0m    
[0m[34m294[0m [0m[34mâ”‚[0m                 let (position, refund_a, refund_b) = [0m[31mfactory::create_stable_pool([0m
    [0m[34mâ”‚[0m [0m[31mâ•­[0m[0m[31mâ”€â”€[0m[0m[31mâ”€â”€â”€â”€â”€â”€â”€â”€â”€â”€â”€â”€â”€â”€â”€â”€â”€â”€â”€â”€â”€â”€â”€â”€â”€â”€â”€â”€â”€â”€â”€â”€â”€â”€â”€â”€â”€â”€â”€â”€â”€â”€â”€â”€â”€â”€â”€â”€â”€â”€^[0m
    [0m[34mâ”‚[0m [0m[31mâ”‚[0m [0m[34mâ•­[0m[0m[34mâ”€â”€â”€â”€â”€â”€â”€â”€â”€â”€â”€â”€â”€â”€â”€â”€â”€â”€â”€â”€â”€â”€â”€â”€â”€â”€â”€â”€â”€â”€â”€â”€â”€â”€â”€â”€â”€â”€â”€â”€â”€â”€â”€â”€â”€â”€â”€â”€â”€â”€â”€â”€â”€â”€â”€â”€â”€â”€â”€â”€â”€â”€â”€â”€â”€â”€â”€â”€â”€â”€â”€â”€â”€â”€â”€â”€â”€'[0m
[0m[34m295[0m [0m[34mâ”‚[0m [0m[31mâ”‚[0m [0m[34mâ”‚[0m [0m[31m                registry,[0m
[0m[34m296[0m [0m[34mâ”‚[0m [0m[31mâ”‚[0m [0m[34mâ”‚[0m [0m[31m                30,[0m
[0m[34m297[0m [0m[34mâ”‚[0m [0m[31mâ”‚[0m [0m[34mâ”‚[0m [0m[31m                100,[0m
    [0m[34mÂ·[0m [0m[31mâ”‚[0m [0m[34mâ”‚[0m
[0m[34m300[0m [0m[34mâ”‚[0m [0m[31mâ”‚[0m [0m[34mâ”‚[0m [0m[31m                ctx[0m
[0m[34m301[0m [0m[34mâ”‚[0m [0m[31mâ”‚[0m [0m[34mâ”‚[0m [0m[31m            )[0m;
    [0m[34mâ”‚[0m [0m[31mâ•°[0m[0m[31mâ”€[0m[0m[34mâ”‚[0m[0m[31mâ”€â”€â”€â”€â”€â”€â”€â”€â”€â”€â”€â”€â”€^ Invalid call of 'sui_amm::factory::create_stable_pool'. The call expected 7 argument(s) but got 6[0m
    [0m[34mâ”‚[0m   [0m[34mâ•°[0m[0m[34mâ”€â”€â”€â”€â”€â”€â”€â”€â”€â”€â”€â”€â”€' Found 6 argument(s) here[0m
    [0m[34mâ”‚[0m    
    [0m[34mâ”Œâ”€[0m ./sources/factory.move:151:16
    [0m[34mâ”‚[0m
[0m[34m151[0m [0m[34mâ”‚[0m     public fun create_stable_pool<CoinA, CoinB>(
    [0m[34mâ”‚[0m                [0m[34m------------------[0m [0m[34mExpected 7 argument(s)[0m

[0m[1m[38;5;11mwarning[W09002][0m[1m: unused variable[0m
   [0m[34mâ”Œâ”€[0m ./tests/creator_fee_tests.move:25:17
   [0m[34mâ”‚[0m
[0m[34m25[0m [0m[34mâ”‚[0m             let [0m[33mclock[0m = clock::create_for_testing(ctx);
   [0m[34mâ”‚[0m                 [0m[33m^^^^^[0m [0m[33mUnused local variable 'clock'. Consider removing or prefixing with an underscore: '_clock'[0m
   [0m[34mâ”‚[0m
   [0m[34m=[0m This warning can be suppressed with '#[allow(unused_variable)]' applied to the 'module' or module member ('const', 'fun', or 'struct')

[0m[1m[38;5;11mwarning[W09002][0m[1m: unused variable[0m
   [0m[34mâ”Œâ”€[0m ./tests/creator_fee_tests.move:35:17
   [0m[34mâ”‚[0m
[0m[34m35[0m [0m[34mâ”‚[0m             let [0m[33mclock[0m = clock::create_for_testing(ctx);
   [0m[34mâ”‚[0m                 [0m[33m^^^^^[0m [0m[33mUnused local variable 'clock'. Consider removing or prefixing with an underscore: '_clock'[0m
   [0m[34mâ”‚[0m
   [0m[34m=[0m This warning can be suppressed with '#[allow(unused_variable)]' applied to the 'module' or module member ('const', 'fun', or 'struct')

[0m[1m[38;5;9merror[E04007][0m[1m: incompatible types[0m
    [0m[34mâ”Œâ”€[0m ./tests/creator_fee_tests.move:40:50
    [0m[34mâ”‚[0m  
[0m[34m 40[0m [0m[34mâ”‚[0m               let (position, refund_a, refund_b) = [0m[31mfactory::create_pool([0m
    [0m[34mâ”‚[0m [0m[31mâ•­[0m[0m[31mâ”€â”€â”€â”€â”€â”€â”€â”€â”€â”€â”€â”€â”€â”€â”€â”€â”€â”€â”€â”€â”€â”€â”€â”€â”€â”€â”€â”€â”€â”€â”€â”€â”€â”€â”€â”€â”€â”€â”€â”€â”€â”€â”€â”€â”€â”€â”€â”€â”€â”€^[0m
[0m[34m 41[0m [0m[34mâ”‚[0m [0m[31mâ”‚[0m [0m[31m                registry,[0m
[0m[34m 42[0m [0m[34mâ”‚[0m [0m[31mâ”‚[0m [0m[31m                30, // 0.3% fee[0m
[0m[34m 43[0m [0m[34mâ”‚[0m [0m[31mâ”‚[0m [0m[31m                0, // creator_fee_percent[0m
    [0m[34mÂ·[0m [0m[31mâ”‚[0m
[0m[34m 46[0m [0m[34mâ”‚[0m [0m[31mâ”‚[0m [0m[31m                ctx[0m
[0m[34m 47[0m [0m[34mâ”‚[0m [0m[31mâ”‚[0m [0m[31m            )[0m;
    [0m[34mâ”‚[0m [0m[31mâ•°[0m[0m[31mâ”€â”€â”€â”€â”€â”€â”€â”€â”€â”€â”€â”€â”€^ Invalid call of 'sui_amm::factory::create_pool'. Invalid argument for parameter 'clock'[0m
    [0m[34mâ”‚[0m  
    [0m[34mâ”Œâ”€[0m /home/sati/.move/https___github_com_MystenLabs_sui_git_494fa6ede17f366f1cd850f01ccb9f42dc75c470/crates/sui-framework/packages/sui-framework/sources/test/test_scenario.move:370:47
    [0m[34mâ”‚[0m
[0m[34m370[0m [0m[34mâ”‚[0m public fun ctx(scenario: &mut Scenario): &mut TxContext {
    [0m[34mâ”‚[0m                                               [0m[34m---------[0m [0m[34mGiven: 'sui::tx_context::TxContext'[0m
    [0m[34mâ”‚[0m
    [0m[34mâ”Œâ”€[0m ./sources/factory.move:84:17
    [0m[34mâ”‚[0m
[0m[34m 84[0m [0m[34mâ”‚[0m         clock: &sui::clock::Clock,
    [0m[34mâ”‚[0m                 [0m[34m-----------------[0m [0m[34mExpected: 'sui::clock::Clock'[0m

[0m[1m[38;5;9merror[E04016][0m[1m: too few arguments[0m
   [0m[34mâ”Œâ”€[0m ./tests/creator_fee_tests.move:40:50
   [0m[34mâ”‚[0m    
[0m[34m40[0m [0m[34mâ”‚[0m                 let (position, refund_a, refund_b) = [0m[31mfactory::create_pool([0m
   [0m[34mâ”‚[0m [0m[31mâ•­[0m[0m[31mâ”€â”€[0m[0m[31mâ”€â”€â”€â”€â”€â”€â”€â”€â”€â”€â”€â”€â”€â”€â”€â”€â”€â”€â”€â”€â”€â”€â”€â”€â”€â”€â”€â”€â”€â”€â”€â”€â”€â”€â”€â”€â”€â”€â”€â”€â”€â”€â”€â”€â”€â”€â”€â”€â”€â”€^[0m
   [0m[34mâ”‚[0m [0m[31mâ”‚[0m [0m[34mâ•­[0m[0m[34mâ”€â”€â”€â”€â”€â”€â”€â”€â”€â”€â”€â”€â”€â”€â”€â”€â”€â”€â”€â”€â”€â”€â”€â”€â”€â”€â”€â”€â”€â”€â”€â”€â”€â”€â”€â”€â”€â”€â”€â”€â”€â”€â”€â”€â”€â”€â”€â”€â”€â”€â”€â”€â”€â”€â”€â”€â”€â”€â”€â”€â”€â”€â”€â”€â”€â”€â”€â”€â”€â”€'[0m
[0m[34m41[0m [0m[34mâ”‚[0m [0m[31mâ”‚[0m [0m[34mâ”‚[0m [0m[31m                registry,[0m
[0m[34m42[0m [0m[34mâ”‚[0m [0m[31mâ”‚[0m [0m[34mâ”‚[0m [0m[31m                30, // 0.3% fee[0m
[0m[34m43[0m [0m[34mâ”‚[0m [0m[31mâ”‚[0m [0m[34mâ”‚[0m [0m[31m                0, // creator_fee_percent[0m
   [0m[34mÂ·[0m [0m[31mâ”‚[0m [0m[34mâ”‚[0m
[0m[34m46[0m [0m[34mâ”‚[0m [0m[31mâ”‚[0m [0m[34mâ”‚[0m [0m[31m                ctx[0m
[0m[34m47[0m [0m[34mâ”‚[0m [0m[31mâ”‚[0m [0m[34mâ”‚[0m [0m[31m            )[0m;
   [0m[34mâ”‚[0m [0m[31mâ•°[0m[0m[31mâ”€[0m[0m[34mâ”‚[0m[0m[31mâ”€â”€â”€â”€â”€â”€â”€â”€â”€â”€â”€â”€â”€^ Invalid call of 'sui_amm::factory::create_pool'. The call expected 7 argument(s) but got 6[0m
   [0m[34mâ”‚[0m   [0m[34mâ•°[0m[0m[34mâ”€â”€â”€â”€â”€â”€â”€â”€â”€â”€â”€â”€â”€' Found 6 argument(s) here[0m
   [0m[34mâ”‚[0m    
   [0m[34mâ”Œâ”€[0m ./sources/factory.move:78:16
   [0m[34mâ”‚[0m
[0m[34m78[0m [0m[34mâ”‚[0m     public fun create_pool<CoinA, CoinB>(
   [0m[34mâ”‚[0m                [0m[34m-----------[0m [0m[34mExpected 7 argument(s)[0m

[0m[1m[38;5;11mwarning[W09002][0m[1m: unused variable[0m
   [0m[34mâ”Œâ”€[0m ./tests/creator_fee_tests.move:77:17
   [0m[34mâ”‚[0m
[0m[34m77[0m [0m[34mâ”‚[0m             let [0m[33mclock[0m = clock::create_for_testing(ctx);
   [0m[34mâ”‚[0m                 [0m[33m^^^^^[0m [0m[33mUnused local variable 'clock'. Consider removing or prefixing with an underscore: '_clock'[0m
   [0m[34mâ”‚[0m
   [0m[34m=[0m This warning can be suppressed with '#[allow(unused_variable)]' applied to the 'module' or module member ('const', 'fun', or 'struct')

[0m[1m[38;5;11mwarning[W09002][0m[1m: unused variable[0m
    [0m[34mâ”Œâ”€[0m ./tests/creator_fee_tests.move:104:17
    [0m[34mâ”‚[0m
[0m[34m104[0m [0m[34mâ”‚[0m             let [0m[33mclock[0m = clock::create_for_testing(ctx);
    [0m[34mâ”‚[0m                 [0m[33m^^^^^[0m [0m[33mUnused local variable 'clock'. Consider removing or prefixing with an underscore: '_clock'[0m
    [0m[34mâ”‚[0m
    [0m[34m=[0m This warning can be suppressed with '#[allow(unused_variable)]' applied to the 'module' or module member ('const', 'fun', or 'struct')

[0m[1m[38;5;11mwarning[W09002][0m[1m: unused variable[0m
    [0m[34mâ”Œâ”€[0m ./tests/creator_fee_tests.move:113:17
    [0m[34mâ”‚[0m
[0m[34m113[0m [0m[34mâ”‚[0m             let [0m[33mclock[0m = clock::create_for_testing(ctx);
    [0m[34mâ”‚[0m                 [0m[33m^^^^^[0m [0m[33mUnused local variable 'clock'. Consider removing or prefixing with an underscore: '_clock'[0m
    [0m[34mâ”‚[0m
    [0m[34m=[0m This warning can be suppressed with '#[allow(unused_variable)]' applied to the 'module' or module member ('const', 'fun', or 'struct')

[0m[1m[38;5;9merror[E04007][0m[1m: incompatible types[0m
    [0m[34mâ”Œâ”€[0m ./tests/creator_fee_tests.move:118:50
    [0m[34mâ”‚[0m  
[0m[34m118[0m [0m[34mâ”‚[0m               let (position, refund_a, refund_b) = [0m[31mfactory::create_pool([0m
    [0m[34mâ”‚[0m [0m[31mâ•­[0m[0m[31mâ”€â”€â”€â”€â”€â”€â”€â”€â”€â”€â”€â”€â”€â”€â”€â”€â”€â”€â”€â”€â”€â”€â”€â”€â”€â”€â”€â”€â”€â”€â”€â”€â”€â”€â”€â”€â”€â”€â”€â”€â”€â”€â”€â”€â”€â”€â”€â”€â”€â”€^[0m
[0m[34m119[0m [0m[34mâ”‚[0m [0m[31mâ”‚[0m [0m[31m                registry,[0m
[0m[34m120[0m [0m[34mâ”‚[0m [0m[31mâ”‚[0m [0m[31m                30,[0m
[0m[34m121[0m [0m[34mâ”‚[0m [0m[31mâ”‚[0m [0m[31m                0, // creator_fee_percent[0m
    [0m[34mÂ·[0m [0m[31mâ”‚[0m
[0m[34m124[0m [0m[34mâ”‚[0m [0m[31mâ”‚[0m [0m[31m                ctx[0m
[0m[34m125[0m [0m[34mâ”‚[0m [0m[31mâ”‚[0m [0m[31m            )[0m;
    [0m[34mâ”‚[0m [0m[31mâ•°[0m[0m[31mâ”€â”€â”€â”€â”€â”€â”€â”€â”€â”€â”€â”€â”€^ Invalid call of 'sui_amm::factory::create_pool'. Invalid argument for parameter 'clock'[0m
    [0m[34mâ”‚[0m  
    [0m[34mâ”Œâ”€[0m /home/sati/.move/https___github_com_MystenLabs_sui_git_494fa6ede17f366f1cd850f01ccb9f42dc75c470/crates/sui-framework/packages/sui-framework/sources/test/test_scenario.move:370:47
    [0m[34mâ”‚[0m
[0m[34m370[0m [0m[34mâ”‚[0m public fun ctx(scenario: &mut Scenario): &mut TxContext {
    [0m[34mâ”‚[0m                                               [0m[34m---------[0m [0m[34mGiven: 'sui::tx_context::TxContext'[0m
    [0m[34mâ”‚[0m
    [0m[34mâ”Œâ”€[0m ./sources/factory.move:84:17
    [0m[34mâ”‚[0m
[0m[34m 84[0m [0m[34mâ”‚[0m         clock: &sui::clock::Clock,
    [0m[34mâ”‚[0m                 [0m[34m-----------------[0m [0m[34mExpected: 'sui::clock::Clock'[0m

[0m[1m[38;5;9merror[E04016][0m[1m: too few arguments[0m
    [0m[34mâ”Œâ”€[0m ./tests/creator_fee_tests.move:118:50
    [0m[34mâ”‚[0m    
[0m[34m118[0m [0m[34mâ”‚[0m                 let (position, refund_a, refund_b) = [0m[31mfactory::create_pool([0m
    [0m[34mâ”‚[0m [0m[31mâ•­[0m[0m[31mâ”€â”€[0m[0m[31mâ”€â”€â”€â”€â”€â”€â”€â”€â”€â”€â”€â”€â”€â”€â”€â”€â”€â”€â”€â”€â”€â”€â”€â”€â”€â”€â”€â”€â”€â”€â”€â”€â”€â”€â”€â”€â”€â”€â”€â”€â”€â”€â”€â”€â”€â”€â”€â”€â”€â”€^[0m
    [0m[34mâ”‚[0m [0m[31mâ”‚[0m [0m[34mâ•­[0m[0m[34mâ”€â”€â”€â”€â”€â”€â”€â”€â”€â”€â”€â”€â”€â”€â”€â”€â”€â”€â”€â”€â”€â”€â”€â”€â”€â”€â”€â”€â”€â”€â”€â”€â”€â”€â”€â”€â”€â”€â”€â”€â”€â”€â”€â”€â”€â”€â”€â”€â”€â”€â”€â”€â”€â”€â”€â”€â”€â”€â”€â”€â”€â”€â”€â”€â”€â”€â”€â”€â”€â”€'[0m
[0m[34m119[0m [0m[34mâ”‚[0m [0m[31mâ”‚[0m [0m[34mâ”‚[0m [0m[31m                registry,[0m
[0m[34m120[0m [0m[34mâ”‚[0m [0m[31mâ”‚[0m [0m[34mâ”‚[0m [0m[31m                30,[0m
[0m[34m121[0m [0m[34mâ”‚[0m [0m[31mâ”‚[0m [0m[34mâ”‚[0m [0m[31m                0, // creator_fee_percent[0m
    [0m[34mÂ·[0m [0m[31mâ”‚[0m [0m[34mâ”‚[0m
[0m[34m124[0m [0m[34mâ”‚[0m [0m[31mâ”‚[0m [0m[34mâ”‚[0m [0m[31m                ctx[0m
[0m[34m125[0m [0m[34mâ”‚[0m [0m[31mâ”‚[0m [0m[34mâ”‚[0m [0m[31m            )[0m;
    [0m[34mâ”‚[0m [0m[31mâ•°[0m[0m[31mâ”€[0m[0m[34mâ”‚[0m[0m[31mâ”€â”€â”€â”€â”€â”€â”€â”€â”€â”€â”€â”€â”€^ Invalid call of 'sui_amm::factory::create_pool'. The call expected 7 argument(s) but got 6[0m
    [0m[34mâ”‚[0m   [0m[34mâ•°[0m[0m[34mâ”€â”€â”€â”€â”€â”€â”€â”€â”€â”€â”€â”€â”€' Found 6 argument(s) here[0m
    [0m[34mâ”‚[0m    
    [0m[34mâ”Œâ”€[0m ./sources/factory.move:78:16
    [0m[34mâ”‚[0m
[0m[34m 78[0m [0m[34mâ”‚[0m     public fun create_pool<CoinA, CoinB>(
    [0m[34mâ”‚[0m                [0m[34m-----------[0m [0m[34mExpected 7 argument(s)[0m

[0m[1m[38;5;11mwarning[W09002][0m[1m: unused variable[0m
    [0m[34mâ”Œâ”€[0m ./tests/creator_fee_tests.move:139:17
    [0m[34mâ”‚[0m
[0m[34m139[0m [0m[34mâ”‚[0m             let [0m[33mclock[0m = clock::create_for_testing(ctx);
    [0m[34mâ”‚[0m                 [0m[33m^^^^^[0m [0m[33mUnused local variable 'clock'. Consider removing or prefixing with an underscore: '_clock'[0m
    [0m[34mâ”‚[0m
    [0m[34m=[0m This warning can be suppressed with '#[allow(unused_variable)]' applied to the 'module' or module member ('const', 'fun', or 'struct')

[0m[1m[38;5;11mwarning[W09002][0m[1m: unused variable[0m
    [0m[34mâ”Œâ”€[0m ./tests/creator_fee_tests.move:160:17
    [0m[34mâ”‚[0m
[0m[34m160[0m [0m[34mâ”‚[0m             let [0m[33mclock[0m = clock::create_for_testing(ctx);
    [0m[34mâ”‚[0m                 [0m[33m^^^^^[0m [0m[33mUnused local variable 'clock'. Consider removing or prefixing with an underscore: '_clock'[0m
    [0m[34mâ”‚[0m
    [0m[34m=[0m This warning can be suppressed with '#[allow(unused_variable)]' applied to the 'module' or module member ('const', 'fun', or 'struct')

[0m[1m[38;5;11mwarning[W09002][0m[1m: unused variable[0m
    [0m[34mâ”Œâ”€[0m ./tests/creator_fee_tests.move:169:17
    [0m[34mâ”‚[0m
[0m[34m169[0m [0m[34mâ”‚[0m             let [0m[33mclock[0m = clock::create_for_testing(ctx);
    [0m[34mâ”‚[0m                 [0m[33m^^^^^[0m [0m[33mUnused local variable 'clock'. Consider removing or prefixing with an underscore: '_clock'[0m
    [0m[34mâ”‚[0m
    [0m[34m=[0m This warning can be suppressed with '#[allow(unused_variable)]' applied to the 'module' or module member ('const', 'fun', or 'struct')

[0m[1m[38;5;9merror[E04007][0m[1m: incompatible types[0m
    [0m[34mâ”Œâ”€[0m ./tests/creator_fee_tests.move:174:50
    [0m[34mâ”‚[0m  
[0m[34m174[0m [0m[34mâ”‚[0m               let (position, refund_a, refund_b) = [0m[31mfactory::create_pool([0m
    [0m[34mâ”‚[0m [0m[31mâ•­[0m[0m[31mâ”€â”€â”€â”€â”€â”€â”€â”€â”€â”€â”€â”€â”€â”€â”€â”€â”€â”€â”€â”€â”€â”€â”€â”€â”€â”€â”€â”€â”€â”€â”€â”€â”€â”€â”€â”€â”€â”€â”€â”€â”€â”€â”€â”€â”€â”€â”€â”€â”€â”€^[0m
[0m[34m175[0m [0m[34mâ”‚[0m [0m[31mâ”‚[0m [0m[31m                registry,[0m
[0m[34m176[0m [0m[34mâ”‚[0m [0m[31mâ”‚[0m [0m[31m                30,[0m
[0m[34m177[0m [0m[34mâ”‚[0m [0m[31mâ”‚[0m [0m[31m                0, // creator_fee_percent[0m
    [0m[34mÂ·[0m [0m[31mâ”‚[0m
[0m[34m180[0m [0m[34mâ”‚[0m [0m[31mâ”‚[0m [0m[31m                ctx[0m
[0m[34m181[0m [0m[34mâ”‚[0m [0m[31mâ”‚[0m [0m[31m            )[0m;
    [0m[34mâ”‚[0m [0m[31mâ•°[0m[0m[31mâ”€â”€â”€â”€â”€â”€â”€â”€â”€â”€â”€â”€â”€^ Invalid call of 'sui_amm::factory::create_pool'. Invalid argument for parameter 'clock'[0m
    [0m[34mâ”‚[0m  
    [0m[34mâ”Œâ”€[0m /home/sati/.move/https___github_com_MystenLabs_sui_git_494fa6ede17f366f1cd850f01ccb9f42dc75c470/crates/sui-framework/packages/sui-framework/sources/test/test_scenario.move:370:47
    [0m[34mâ”‚[0m
[0m[34m370[0m [0m[34mâ”‚[0m public fun ctx(scenario: &mut Scenario): &mut TxContext {
    [0m[34mâ”‚[0m                                               [0m[34m---------[0m [0m[34mGiven: 'sui::tx_context::TxContext'[0m
    [0m[34mâ”‚[0m
    [0m[34mâ”Œâ”€[0m ./sources/factory.move:84:17
    [0m[34mâ”‚[0m
[0m[34m 84[0m [0m[34mâ”‚[0m         clock: &sui::clock::Clock,
    [0m[34mâ”‚[0m                 [0m[34m-----------------[0m [0m[34mExpected: 'sui::clock::Clock'[0m

[0m[1m[38;5;9merror[E04016][0m[1m: too few arguments[0m
    [0m[34mâ”Œâ”€[0m ./tests/creator_fee_tests.move:174:50
    [0m[34mâ”‚[0m    
[0m[34m174[0m [0m[34mâ”‚[0m                 let (position, refund_a, refund_b) = [0m[31mfactory::create_pool([0m
    [0m[34mâ”‚[0m [0m[31mâ•­[0m[0m[31mâ”€â”€[0m[0m[31mâ”€â”€â”€â”€â”€â”€â”€â”€â”€â”€â”€â”€â”€â”€â”€â”€â”€â”€â”€â”€â”€â”€â”€â”€â”€â”€â”€â”€â”€â”€â”€â”€â”€â”€â”€â”€â”€â”€â”€â”€â”€â”€â”€â”€â”€â”€â”€â”€â”€â”€^[0m
    [0m[34mâ”‚[0m [0m[31mâ”‚[0m [0m[34mâ•­[0m[0m[34mâ”€â”€â”€â”€â”€â”€â”€â”€â”€â”€â”€â”€â”€â”€â”€â”€â”€â”€â”€â”€â”€â”€â”€â”€â”€â”€â”€â”€â”€â”€â”€â”€â”€â”€â”€â”€â”€â”€â”€â”€â”€â”€â”€â”€â”€â”€â”€â”€â”€â”€â”€â”€â”€â”€â”€â”€â”€â”€â”€â”€â”€â”€â”€â”€â”€â”€â”€â”€â”€â”€'[0m
[0m[34m175[0m [0m[34mâ”‚[0m [0m[31mâ”‚[0m [0m[34mâ”‚[0m [0m[31m                registry,[0m
[0m[34m176[0m [0m[34mâ”‚[0m [0m[31mâ”‚[0m [0m[34mâ”‚[0m [0m[31m                30,[0m
[0m[34m177[0m [0m[34mâ”‚[0m [0m[31mâ”‚[0m [0m[34mâ”‚[0m [0m[31m                0, // creator_fee_percent[0m
    [0m[34mÂ·[0m [0m[31mâ”‚[0m [0m[34mâ”‚[0m
[0m[34m180[0m [0m[34mâ”‚[0m [0m[31mâ”‚[0m [0m[34mâ”‚[0m [0m[31m                ctx[0m
[0m[34m181[0m [0m[34mâ”‚[0m [0m[31mâ”‚[0m [0m[34mâ”‚[0m [0m[31m            )[0m;
    [0m[34mâ”‚[0m [0m[31mâ•°[0m[0m[31mâ”€[0m[0m[34mâ”‚[0m[0m[31mâ”€â”€â”€â”€â”€â”€â”€â”€â”€â”€â”€â”€â”€^ Invalid call of 'sui_amm::factory::create_pool'. The call expected 7 argument(s) but got 6[0m
    [0m[34mâ”‚[0m   [0m[34mâ•°[0m[0m[34mâ”€â”€â”€â”€â”€â”€â”€â”€â”€â”€â”€â”€â”€' Found 6 argument(s) here[0m
    [0m[34mâ”‚[0m    
    [0m[34mâ”Œâ”€[0m ./sources/factory.move:78:16
    [0m[34mâ”‚[0m
[0m[34m 78[0m [0m[34mâ”‚[0m     public fun create_pool<CoinA, CoinB>(
    [0m[34mâ”‚[0m                [0m[34m-----------[0m [0m[34mExpected 7 argument(s)[0m

[0m[1m[38;5;11mwarning[W09002][0m[1m: unused variable[0m
   [0m[34mâ”Œâ”€[0m ./tests/il_edge_tests.move:25:17
   [0m[34mâ”‚[0m
[0m[34m25[0m [0m[34mâ”‚[0m             let [0m[33mclock[0m = clock::create_for_testing(ctx);
   [0m[34mâ”‚[0m                 [0m[33m^^^^^[0m [0m[33mUnused local variable 'clock'. Consider removing or prefixing with an underscore: '_clock'[0m
   [0m[34mâ”‚[0m
   [0m[34m=[0m This warning can be suppressed with '#[allow(unused_variable)]' applied to the 'module' or module member ('const', 'fun', or 'struct')

[0m[1m[38;5;11mwarning[W09002][0m[1m: unused variable[0m
   [0m[34mâ”Œâ”€[0m ./tests/il_edge_tests.move:97:17
   [0m[34mâ”‚[0m
[0m[34m97[0m [0m[34mâ”‚[0m             let [0m[33mclock[0m = clock::create_for_testing(ctx);
   [0m[34mâ”‚[0m                 [0m[33m^^^^^[0m [0m[33mUnused local variable 'clock'. Consider removing or prefixing with an underscore: '_clock'[0m
   [0m[34mâ”‚[0m
   [0m[34m=[0m This warning can be suppressed with '#[allow(unused_variable)]' applied to the 'module' or module member ('const', 'fun', or 'struct')

[0m[1m[38;5;11mwarning[W09002][0m[1m: unused variable[0m
    [0m[34mâ”Œâ”€[0m ./tests/il_edge_tests.move:187:17
    [0m[34mâ”‚[0m
[0m[34m187[0m [0m[34mâ”‚[0m             let [0m[33mclock[0m = clock::create_for_testing(ctx);
    [0m[34mâ”‚[0m                 [0m[33m^^^^^[0m [0m[33mUnused local variable 'clock'. Consider removing or prefixing with an underscore: '_clock'[0m
    [0m[34mâ”‚[0m
    [0m[34m=[0m This warning can be suppressed with '#[allow(unused_variable)]' applied to the 'module' or module member ('const', 'fun', or 'struct')

[0m[1m[38;5;11mwarning[W09002][0m[1m: unused variable[0m
    [0m[34mâ”Œâ”€[0m ./tests/il_edge_tests.move:276:17
    [0m[34mâ”‚[0m
[0m[34m276[0m [0m[34mâ”‚[0m             let [0m[33mclock[0m = clock::create_for_testing(ctx);
    [0m[34mâ”‚[0m                 [0m[33m^^^^^[0m [0m[33mUnused local variable 'clock'. Consider removing or prefixing with an underscore: '_clock'[0m
    [0m[34mâ”‚[0m
    [0m[34m=[0m This warning can be suppressed with '#[allow(unused_variable)]' applied to the 'module' or module member ('const', 'fun', or 'struct')

[0m[1m[38;5;11mwarning[W09002][0m[1m: unused variable[0m
    [0m[34mâ”Œâ”€[0m ./tests/il_edge_tests.move:324:17
    [0m[34mâ”‚[0m
[0m[34m324[0m [0m[34mâ”‚[0m             let [0m[33mclock[0m = clock::create_for_testing(ctx);
    [0m[34mâ”‚[0m                 [0m[33m^^^^^[0m [0m[33mUnused local variable 'clock'. Consider removing or prefixing with an underscore: '_clock'[0m
    [0m[34mâ”‚[0m
    [0m[34m=[0m This warning can be suppressed with '#[allow(unused_variable)]' applied to the 'module' or module member ('const', 'fun', or 'struct')

[0m[1m[38;5;9merror[E04007][0m[1m: incompatible types[0m
    [0m[34mâ”Œâ”€[0m ./tests/il_edge_tests.move:329:40
    [0m[34mâ”‚[0m
[0m[34m329[0m [0m[34mâ”‚[0m             let (position, r_a, r_b) = [0m[31mpool::add_liquidity(pool, coin_a, coin_b, 1, ctx)[0m;
    [0m[34mâ”‚[0m                                        [0m[31m^^^^^^^^^^^^^^^^^^^^^^^^^^^^^^^^^^^^^^^^^^^^^^^^^[0m [0m[31mInvalid call of 'sui_amm::pool::add_liquidity'. Invalid argument for parameter 'clock'[0m
    [0m[34mâ”‚[0m
    [0m[34mâ”Œâ”€[0m /home/sati/.move/https___github_com_MystenLabs_sui_git_494fa6ede17f366f1cd850f01ccb9f42dc75c470/crates/sui-framework/packages/sui-framework/sources/test/test_scenario.move:370:47
    [0m[34mâ”‚[0m
[0m[34m370[0m [0m[34mâ”‚[0m public fun ctx(scenario: &mut Scenario): &mut TxContext {
    [0m[34mâ”‚[0m                                               [0m[34m---------[0m [0m[34mGiven: 'sui::tx_context::TxContext'[0m
    [0m[34mâ”‚[0m
    [0m[34mâ”Œâ”€[0m ./sources/pool.move:158:17
    [0m[34mâ”‚[0m
[0m[34m158[0m [0m[34mâ”‚[0m         clock: &Clock,
    [0m[34mâ”‚[0m                 [0m[34m-----[0m [0m[34mExpected: 'sui::clock::Clock'[0m

[0m[1m[38;5;9merror[E04016][0m[1m: too few arguments[0m
    [0m[34mâ”Œâ”€[0m ./tests/il_edge_tests.move:329:40
    [0m[34mâ”‚[0m
[0m[34m329[0m [0m[34mâ”‚[0m             let (position, r_a, r_b) = [0m[31mpool::add_liquidity(pool, coin_a, coin_b, 1, ctx)[0m;
    [0m[34mâ”‚[0m                                        [0m[31m^^^^^^^^^^^^^^^^^^^^^^^^^^^^^^^^^^^^^^^^^^^^^^^^^[0m
    [0m[34mâ”‚[0m                                        [0m[31mâ”‚[0m                  [0m[34mâ”‚[0m
    [0m[34mâ”‚[0m                                        [0m[31mâ”‚[0m                  [0m[34mFound 5 argument(s) here[0m
    [0m[34mâ”‚[0m                                        [0m[31mInvalid call of 'sui_amm::pool::add_liquidity'. The call expected 7 argument(s) but got 5[0m
    [0m[34mâ”‚[0m
    [0m[34mâ”Œâ”€[0m ./sources/pool.move:153:16
    [0m[34mâ”‚[0m
[0m[34m153[0m [0m[34mâ”‚[0m     public fun add_liquidity<CoinA, CoinB>(
    [0m[34mâ”‚[0m                [0m[34m-------------[0m [0m[34mExpected 7 argument(s)[0m

[0m[1m[38;5;11mwarning[W09002][0m[1m: unused variable[0m
   [0m[34mâ”Œâ”€[0m ./tests/advanced_tests.move:27:17
   [0m[34mâ”‚[0m
[0m[34m27[0m [0m[34mâ”‚[0m             let [0m[33mclock[0m = clock::create_for_testing(ctx);
   [0m[34mâ”‚[0m                 [0m[33m^^^^^[0m [0m[33mUnused local variable 'clock'. Consider removing or prefixing with an underscore: '_clock'[0m
   [0m[34mâ”‚[0m
   [0m[34m=[0m This warning can be suppressed with '#[allow(unused_variable)]' applied to the 'module' or module member ('const', 'fun', or 'struct')

[0m[1m[38;5;11mwarning[W09002][0m[1m: unused variable[0m
   [0m[34mâ”Œâ”€[0m ./tests/advanced_tests.move:77:17
   [0m[34mâ”‚[0m
[0m[34m77[0m [0m[34mâ”‚[0m             let [0m[33mclock[0m = clock::create_for_testing(ctx);
   [0m[34mâ”‚[0m                 [0m[33m^^^^^[0m [0m[33mUnused local variable 'clock'. Consider removing or prefixing with an underscore: '_clock'[0m
   [0m[34mâ”‚[0m
   [0m[34m=[0m This warning can be suppressed with '#[allow(unused_variable)]' applied to the 'module' or module member ('const', 'fun', or 'struct')

[0m[1m[38;5;11mwarning[W09002][0m[1m: unused variable[0m
    [0m[34mâ”Œâ”€[0m ./tests/advanced_tests.move:104:17
    [0m[34mâ”‚[0m
[0m[34m104[0m [0m[34mâ”‚[0m             let [0m[33mclock[0m = clock::create_for_testing(ctx);
    [0m[34mâ”‚[0m                 [0m[33m^^^^^[0m [0m[33mUnused local variable 'clock'. Consider removing or prefixing with an underscore: '_clock'[0m
    [0m[34mâ”‚[0m
    [0m[34m=[0m This warning can be suppressed with '#[allow(unused_variable)]' applied to the 'module' or module member ('const', 'fun', or 'struct')

[0m[1m[38;5;11mwarning[W09002][0m[1m: unused variable[0m
    [0m[34mâ”Œâ”€[0m ./tests/advanced_tests.move:151:17
    [0m[34mâ”‚[0m
[0m[34m151[0m [0m[34mâ”‚[0m             let [0m[33mclock[0m = clock::create_for_testing(ctx);
    [0m[34mâ”‚[0m                 [0m[33m^^^^^[0m [0m[33mUnused local variable 'clock'. Consider removing or prefixing with an underscore: '_clock'[0m
    [0m[34mâ”‚[0m
    [0m[34m=[0m This warning can be suppressed with '#[allow(unused_variable)]' applied to the 'module' or module member ('const', 'fun', or 'struct')

[0m[1m[38;5;11mwarning[W09002][0m[1m: unused variable[0m
    [0m[34mâ”Œâ”€[0m ./tests/advanced_tests.move:178:17
    [0m[34mâ”‚[0m
[0m[34m178[0m [0m[34mâ”‚[0m             let [0m[33mclock[0m = clock::create_for_testing(ctx);
    [0m[34mâ”‚[0m                 [0m[33m^^^^^[0m [0m[33mUnused local variable 'clock'. Consider removing or prefixing with an underscore: '_clock'[0m
    [0m[34mâ”‚[0m
    [0m[34m=[0m This warning can be suppressed with '#[allow(unused_variable)]' applied to the 'module' or module member ('const', 'fun', or 'struct')

[0m[1m[38;5;11mwarning[W09002][0m[1m: unused variable[0m
    [0m[34mâ”Œâ”€[0m ./tests/advanced_tests.move:256:17
    [0m[34mâ”‚[0m
[0m[34m256[0m [0m[34mâ”‚[0m             let [0m[33mclock[0m = clock::create_for_testing(ctx);
    [0m[34mâ”‚[0m                 [0m[33m^^^^^[0m [0m[33mUnused local variable 'clock'. Consider removing or prefixing with an underscore: '_clock'[0m
    [0m[34mâ”‚[0m
    [0m[34m=[0m This warning can be suppressed with '#[allow(unused_variable)]' applied to the 'module' or module member ('const', 'fun', or 'struct')

[0m[1m[38;5;11mwarning[W09002][0m[1m: unused variable[0m
    [0m[34mâ”Œâ”€[0m ./tests/advanced_tests.move:329:17
    [0m[34mâ”‚[0m
[0m[34m329[0m [0m[34mâ”‚[0m             let [0m[33mclock[0m = clock::create_for_testing(ctx);
    [0m[34mâ”‚[0m                 [0m[33m^^^^^[0m [0m[33mUnused local variable 'clock'. Consider removing or prefixing with an underscore: '_clock'[0m
    [0m[34mâ”‚[0m
    [0m[34m=[0m This warning can be suppressed with '#[allow(unused_variable)]' applied to the 'module' or module member ('const', 'fun', or 'struct')

[0m[1m[38;5;11mwarning[W09001][0m[1m: unused alias[0m
   [0m[34mâ”Œâ”€[0m ./tests/critical_fixes_tests.move:13:14
   [0m[34mâ”‚[0m
[0m[34m13[0m [0m[34mâ”‚[0m     use std::[0m[33mstring[0m;
   [0m[34mâ”‚[0m              [0m[33m^^^^^^[0m [0m[33mUnused 'use' of alias 'string'. Consider removing it[0m
   [0m[34mâ”‚[0m
   [0m[34m=[0m This warning can be suppressed with '#[allow(unused_use)]' applied to the 'module' or module member ('const', 'fun', or 'struct')

[0m[1m[38;5;9merror[E04007][0m[1m: incompatible types[0m
    [0m[34mâ”Œâ”€[0m ./tests/critical_fixes_tests.move:45:40
    [0m[34mâ”‚[0m
[0m[34m 45[0m [0m[34mâ”‚[0m             let (position, r_a, r_b) = [0m[31mpool::add_liquidity(pool, coin_a, coin_b, 0, ts::ctx(scenario))[0m;
    [0m[34mâ”‚[0m                                        [0m[31m^^^^^^^^^^^^^^^^^^^^^^^^^^^^^^^^^^^^^^^^^^^^^^^^^^^^^^^^^^^^^^^[0m [0m[31mInvalid call of 'sui_amm::pool::add_liquidity'. Invalid argument for parameter 'clock'[0m
    [0m[34mâ”‚[0m
    [0m[34mâ”Œâ”€[0m /home/sati/.move/https___github_com_MystenLabs_sui_git_494fa6ede17f366f1cd850f01ccb9f42dc75c470/crates/sui-framework/packages/sui-framework/sources/test/test_scenario.move:370:47
    [0m[34mâ”‚[0m
[0m[34m370[0m [0m[34mâ”‚[0m public fun ctx(scenario: &mut Scenario): &mut TxContext {
    [0m[34mâ”‚[0m                                               [0m[34m---------[0m [0m[34mGiven: 'sui::tx_context::TxContext'[0m
    [0m[34mâ”‚[0m
    [0m[34mâ”Œâ”€[0m ./sources/pool.move:158:17
    [0m[34mâ”‚[0m
[0m[34m158[0m [0m[34mâ”‚[0m         clock: &Clock,
    [0m[34mâ”‚[0m                 [0m[34m-----[0m [0m[34mExpected: 'sui::clock::Clock'[0m

[0m[1m[38;5;9merror[E04016][0m[1m: too few arguments[0m
    [0m[34mâ”Œâ”€[0m ./tests/critical_fixes_tests.move:45:40
    [0m[34mâ”‚[0m
[0m[34m 45[0m [0m[34mâ”‚[0m             let (position, r_a, r_b) = [0m[31mpool::add_liquidity(pool, coin_a, coin_b, 0, ts::ctx(scenario))[0m;
    [0m[34mâ”‚[0m                                        [0m[31m^^^^^^^^^^^^^^^^^^^^^^^^^^^^^^^^^^^^^^^^^^^^^^^^^^^^^^^^^^^^^^^[0m
    [0m[34mâ”‚[0m                                        [0m[31mâ”‚[0m                  [0m[34mâ”‚[0m
    [0m[34mâ”‚[0m                                        [0m[31mâ”‚[0m                  [0m[34mFound 5 argument(s) here[0m
    [0m[34mâ”‚[0m                                        [0m[31mInvalid call of 'sui_amm::pool::add_liquidity'. The call expected 7 argument(s) but got 5[0m
    [0m[34mâ”‚[0m
    [0m[34mâ”Œâ”€[0m ./sources/pool.move:153:16
    [0m[34mâ”‚[0m
[0m[34m153[0m [0m[34mâ”‚[0m     public fun add_liquidity<CoinA, CoinB>(
    [0m[34mâ”‚[0m                [0m[34m-------------[0m [0m[34mExpected 7 argument(s)[0m

[0m[1m[38;5;9merror[E04007][0m[1m: incompatible types[0m
    [0m[34mâ”Œâ”€[0m ./tests/critical_fixes_tests.move:81:36
    [0m[34mâ”‚[0m  
[0m[34m 81[0m [0m[34mâ”‚[0m               let (coin_a, coin_b) = [0m[31mpool::remove_liquidity_partial([0m
    [0m[34mâ”‚[0m [0m[31mâ•­[0m[0m[31mâ”€â”€â”€â”€â”€â”€â”€â”€â”€â”€â”€â”€â”€â”€â”€â”€â”€â”€â”€â”€â”€â”€â”€â”€â”€â”€â”€â”€â”€â”€â”€â”€â”€â”€â”€â”€^[0m
[0m[34m 82[0m [0m[34mâ”‚[0m [0m[31mâ”‚[0m [0m[31m                pool,[0m
[0m[34m 83[0m [0m[34mâ”‚[0m [0m[31mâ”‚[0m [0m[31m                position,[0m
[0m[34m 84[0m [0m[34mâ”‚[0m [0m[31mâ”‚[0m [0m[31m                remove_amount,[0m
    [0m[34mÂ·[0m [0m[31mâ”‚[0m
[0m[34m 87[0m [0m[34mâ”‚[0m [0m[31mâ”‚[0m [0m[31m                ts::ctx(scenario)[0m
[0m[34m 88[0m [0m[34mâ”‚[0m [0m[31mâ”‚[0m [0m[31m            )[0m;
    [0m[34mâ”‚[0m [0m[31mâ•°[0m[0m[31mâ”€â”€â”€â”€â”€â”€â”€â”€â”€â”€â”€â”€â”€^ Invalid call of 'sui_amm::pool::remove_liquidity_partial'. Invalid argument for parameter 'clock'[0m
    [0m[34mâ”‚[0m  
    [0m[34mâ”Œâ”€[0m /home/sati/.move/https___github_com_MystenLabs_sui_git_494fa6ede17f366f1cd850f01ccb9f42dc75c470/crates/sui-framework/packages/sui-framework/sources/test/test_scenario.move:370:47
    [0m[34mâ”‚[0m
[0m[34m370[0m [0m[34mâ”‚[0m public fun ctx(scenario: &mut Scenario): &mut TxContext {
    [0m[34mâ”‚[0m                                               [0m[34m---------[0m [0m[34mGiven: 'sui::tx_context::TxContext'[0m
    [0m[34mâ”‚[0m
    [0m[34mâ”Œâ”€[0m ./sources/pool.move:432:17
    [0m[34mâ”‚[0m
[0m[34m432[0m [0m[34mâ”‚[0m         clock: &Clock,
    [0m[34mâ”‚[0m                 [0m[34m-----[0m [0m[34mExpected: 'sui::clock::Clock'[0m

[0m[1m[38;5;9merror[E04016][0m[1m: too few arguments[0m
    [0m[34mâ”Œâ”€[0m ./tests/critical_fixes_tests.move:81:36
    [0m[34mâ”‚[0m    
[0m[34m 81[0m [0m[34mâ”‚[0m                 let (coin_a, coin_b) = [0m[31mpool::remove_liquidity_partial([0m
    [0m[34mâ”‚[0m [0m[31mâ•­[0m[0m[31mâ”€â”€[0m[0m[31mâ”€â”€â”€â”€â”€â”€â”€â”€â”€â”€â”€â”€â”€â”€â”€â”€â”€â”€â”€â”€â”€â”€â”€â”€â”€â”€â”€â”€â”€â”€â”€â”€â”€â”€â”€â”€^[0m
    [0m[34mâ”‚[0m [0m[31mâ”‚[0m [0m[34mâ•­[0m[0m[34mâ”€â”€â”€â”€â”€â”€â”€â”€â”€â”€â”€â”€â”€â”€â”€â”€â”€â”€â”€â”€â”€â”€â”€â”€â”€â”€â”€â”€â”€â”€â”€â”€â”€â”€â”€â”€â”€â”€â”€â”€â”€â”€â”€â”€â”€â”€â”€â”€â”€â”€â”€â”€â”€â”€â”€â”€â”€â”€â”€â”€â”€â”€â”€â”€â”€â”€'[0m
[0m[34m 82[0m [0m[34mâ”‚[0m [0m[31mâ”‚[0m [0m[34mâ”‚[0m [0m[31m                pool,[0m
[0m[34m 83[0m [0m[34mâ”‚[0m [0m[31mâ”‚[0m [0m[34mâ”‚[0m [0m[31m                position,[0m
[0m[34m 84[0m [0m[34mâ”‚[0m [0m[31mâ”‚[0m [0m[34mâ”‚[0m [0m[31m                remove_amount,[0m
    [0m[34mÂ·[0m [0m[31mâ”‚[0m [0m[34mâ”‚[0m
[0m[34m 87[0m [0m[34mâ”‚[0m [0m[31mâ”‚[0m [0m[34mâ”‚[0m [0m[31m                ts::ctx(scenario)[0m
[0m[34m 88[0m [0m[34mâ”‚[0m [0m[31mâ”‚[0m [0m[34mâ”‚[0m [0m[31m            )[0m;
    [0m[34mâ”‚[0m [0m[31mâ•°[0m[0m[31mâ”€[0m[0m[34mâ”‚[0m[0m[31mâ”€â”€â”€â”€â”€â”€â”€â”€â”€â”€â”€â”€â”€^ Invalid call of 'sui_amm::pool::remove_liquidity_partial'. The call expected 8 argument(s) but got 6[0m
    [0m[34mâ”‚[0m   [0m[34mâ•°[0m[0m[34mâ”€â”€â”€â”€â”€â”€â”€â”€â”€â”€â”€â”€â”€' Found 6 argument(s) here[0m
    [0m[34mâ”‚[0m    
    [0m[34mâ”Œâ”€[0m ./sources/pool.move:426:16
    [0m[34mâ”‚[0m
[0m[34m426[0m [0m[34mâ”‚[0m     public fun remove_liquidity_partial<CoinA, CoinB>(
    [0m[34mâ”‚[0m                [0m[34m------------------------[0m [0m[34mExpected 8 argument(s)[0m

[0m[1m[38;5;9merror[E04007][0m[1m: incompatible types[0m
    [0m[34mâ”Œâ”€[0m ./tests/critical_fixes_tests.move:144:40
    [0m[34mâ”‚[0m
[0m[34m144[0m [0m[34mâ”‚[0m             let (position, r_a, r_b) = [0m[31mpool::add_liquidity(pool, coin_a, coin_b, 0, ts::ctx(scenario))[0m;
    [0m[34mâ”‚[0m                                        [0m[31m^^^^^^^^^^^^^^^^^^^^^^^^^^^^^^^^^^^^^^^^^^^^^^^^^^^^^^^^^^^^^^^[0m [0m[31mInvalid call of 'sui_amm::pool::add_liquidity'. Invalid argument for parameter 'clock'[0m
    [0m[34mâ”‚[0m
    [0m[34mâ”Œâ”€[0m /home/sati/.move/https___github_com_MystenLabs_sui_git_494fa6ede17f366f1cd850f01ccb9f42dc75c470/crates/sui-framework/packages/sui-framework/sources/test/test_scenario.move:370:47
    [0m[34mâ”‚[0m
[0m[34m370[0m [0m[34mâ”‚[0m public fun ctx(scenario: &mut Scenario): &mut TxContext {
    [0m[34mâ”‚[0m                                               [0m[34m---------[0m [0m[34mGiven: 'sui::tx_context::TxContext'[0m
    [0m[34mâ”‚[0m
    [0m[34mâ”Œâ”€[0m ./sources/pool.move:158:17
    [0m[34mâ”‚[0m
[0m[34m158[0m [0m[34mâ”‚[0m         clock: &Clock,
    [0m[34mâ”‚[0m                 [0m[34m-----[0m [0m[34mExpected: 'sui::clock::Clock'[0m

[0m[1m[38;5;9merror[E04016][0m[1m: too few arguments[0m
    [0m[34mâ”Œâ”€[0m ./tests/critical_fixes_tests.move:144:40
    [0m[34mâ”‚[0m
[0m[34m144[0m [0m[34mâ”‚[0m             let (position, r_a, r_b) = [0m[31mpool::add_liquidity(pool, coin_a, coin_b, 0, ts::ctx(scenario))[0m;
    [0m[34mâ”‚[0m                                        [0m[31m^^^^^^^^^^^^^^^^^^^^^^^^^^^^^^^^^^^^^^^^^^^^^^^^^^^^^^^^^^^^^^^[0m
    [0m[34mâ”‚[0m                                        [0m[31mâ”‚[0m                  [0m[34mâ”‚[0m
    [0m[34mâ”‚[0m                                        [0m[31mâ”‚[0m                  [0m[34mFound 5 argument(s) here[0m
    [0m[34mâ”‚[0m                                        [0m[31mInvalid call of 'sui_amm::pool::add_liquidity'. The call expected 7 argument(s) but got 5[0m
    [0m[34mâ”‚[0m
    [0m[34mâ”Œâ”€[0m ./sources/pool.move:153:16
    [0m[34mâ”‚[0m
[0m[34m153[0m [0m[34mâ”‚[0m     public fun add_liquidity<CoinA, CoinB>(
    [0m[34mâ”‚[0m                [0m[34m-------------[0m [0m[34mExpected 7 argument(s)[0m

[0m[1m[38;5;9merror[E04007][0m[1m: incompatible types[0m
    [0m[34mâ”Œâ”€[0m ./tests/critical_fixes_tests.move:199:35
    [0m[34mâ”‚[0m
[0m[34m199[0m [0m[34mâ”‚[0m             let (pos, r_a, r_b) = [0m[31mpool::add_liquidity(pool, coin_a, coin_b, 0, ts::ctx(scenario))[0m;
    [0m[34mâ”‚[0m                                   [0m[31m^^^^^^^^^^^^^^^^^^^^^^^^^^^^^^^^^^^^^^^^^^^^^^^^^^^^^^^^^^^^^^^[0m [0m[31mInvalid call of 'sui_amm::pool::add_liquidity'. Invalid argument for parameter 'clock'[0m
    [0m[34mâ”‚[0m
    [0m[34mâ”Œâ”€[0m /home/sati/.move/https___github_com_MystenLabs_sui_git_494fa6ede17f366f1cd850f01ccb9f42dc75c470/crates/sui-framework/packages/sui-framework/sources/test/test_scenario.move:370:47
    [0m[34mâ”‚[0m
[0m[34m370[0m [0m[34mâ”‚[0m public fun ctx(scenario: &mut Scenario): &mut TxContext {
    [0m[34mâ”‚[0m                                               [0m[34m---------[0m [0m[34mGiven: 'sui::tx_context::TxContext'[0m
    [0m[34mâ”‚[0m
    [0m[34mâ”Œâ”€[0m ./sources/pool.move:158:17
    [0m[34mâ”‚[0m
[0m[34m158[0m [0m[34mâ”‚[0m         clock: &Clock,
    [0m[34mâ”‚[0m                 [0m[34m-----[0m [0m[34mExpected: 'sui::clock::Clock'[0m

[0m[1m[38;5;9merror[E04016][0m[1m: too few arguments[0m
    [0m[34mâ”Œâ”€[0m ./tests/critical_fixes_tests.move:199:35
    [0m[34mâ”‚[0m
[0m[34m199[0m [0m[34mâ”‚[0m             let (pos, r_a, r_b) = [0m[31mpool::add_liquidity(pool, coin_a, coin_b, 0, ts::ctx(scenario))[0m;
    [0m[34mâ”‚[0m                                   [0m[31m^^^^^^^^^^^^^^^^^^^^^^^^^^^^^^^^^^^^^^^^^^^^^^^^^^^^^^^^^^^^^^^[0m
    [0m[34mâ”‚[0m                                   [0m[31mâ”‚[0m                  [0m[34mâ”‚[0m
    [0m[34mâ”‚[0m                                   [0m[31mâ”‚[0m                  [0m[34mFound 5 argument(s) here[0m
    [0m[34mâ”‚[0m                                   [0m[31mInvalid call of 'sui_amm::pool::add_liquidity'. The call expected 7 argument(s) but got 5[0m
    [0m[34mâ”‚[0m
    [0m[34mâ”Œâ”€[0m ./sources/pool.move:153:16
    [0m[34mâ”‚[0m
[0m[34m153[0m [0m[34mâ”‚[0m     public fun add_liquidity<CoinA, CoinB>(
    [0m[34mâ”‚[0m                [0m[34m-------------[0m [0m[34mExpected 7 argument(s)[0m

[0m[1m[38;5;9merror[E04007][0m[1m: incompatible types[0m
    [0m[34mâ”Œâ”€[0m ./tests/critical_fixes_tests.move:229:35
    [0m[34mâ”‚[0m
[0m[34m229[0m [0m[34mâ”‚[0m             let (pos, r_a, r_b) = [0m[31mstable_pool::add_liquidity(pool, coin_a, coin_b, 0, ts::ctx(scenario))[0m;
    [0m[34mâ”‚[0m                                   [0m[31m^^^^^^^^^^^^^^^^^^^^^^^^^^^^^^^^^^^^^^^^^^^^^^^^^^^^^^^^^^^^^^^^^^^^^^[0m [0m[31mInvalid call of 'sui_amm::stable_pool::add_liquidity'. Invalid argument for parameter 'clock'[0m
    [0m[34mâ”‚[0m
    [0m[34mâ”Œâ”€[0m /home/sati/.move/https___github_com_MystenLabs_sui_git_494fa6ede17f366f1cd850f01ccb9f42dc75c470/crates/sui-framework/packages/sui-framework/sources/test/test_scenario.move:370:47
    [0m[34mâ”‚[0m
[0m[34m370[0m [0m[34mâ”‚[0m public fun ctx(scenario: &mut Scenario): &mut TxContext {
    [0m[34mâ”‚[0m                                               [0m[34m---------[0m [0m[34mGiven: 'sui::tx_context::TxContext'[0m
    [0m[34mâ”‚[0m
    [0m[34mâ”Œâ”€[0m ./sources/stable_pool.move:152:17
    [0m[34mâ”‚[0m
[0m[34m152[0m [0m[34mâ”‚[0m         clock: &Clock,
    [0m[34mâ”‚[0m                 [0m[34m-----[0m [0m[34mExpected: 'sui::clock::Clock'[0m

[0m[1m[38;5;9merror[E04016][0m[1m: too few arguments[0m
    [0m[34mâ”Œâ”€[0m ./tests/critical_fixes_tests.move:229:35
    [0m[34mâ”‚[0m
[0m[34m229[0m [0m[34mâ”‚[0m             let (pos, r_a, r_b) = [0m[31mstable_pool::add_liquidity(pool, coin_a, coin_b, 0, ts::ctx(scenario))[0m;
    [0m[34mâ”‚[0m                                   [0m[31m^^^^^^^^^^^^^^^^^^^^^^^^^^^^^^^^^^^^^^^^^^^^^^^^^^^^^^^^^^^^^^^^^^^^^^[0m
    [0m[34mâ”‚[0m                                   [0m[31mâ”‚[0m                         [0m[34mâ”‚[0m
    [0m[34mâ”‚[0m                                   [0m[31mâ”‚[0m                         [0m[34mFound 5 argument(s) here[0m
    [0m[34mâ”‚[0m                                   [0m[31mInvalid call of 'sui_amm::stable_pool::add_liquidity'. The call expected 7 argument(s) but got 5[0m
    [0m[34mâ”‚[0m
    [0m[34mâ”Œâ”€[0m ./sources/stable_pool.move:147:16
    [0m[34mâ”‚[0m
[0m[34m147[0m [0m[34mâ”‚[0m     public fun add_liquidity<CoinA, CoinB>(
    [0m[34mâ”‚[0m                [0m[34m-------------[0m [0m[34mExpected 7 argument(s)[0m

[0m[1m[38;5;11mwarning[W09002][0m[1m: unused variable[0m
   [0m[34mâ”Œâ”€[0m ./tests/partial_removal_tests.move:23:17
   [0m[34mâ”‚[0m
[0m[34m23[0m [0m[34mâ”‚[0m             let [0m[33mclock[0m = clock::create_for_testing(ctx);
   [0m[34mâ”‚[0m                 [0m[33m^^^^^[0m [0m[33mUnused local variable 'clock'. Consider removing or prefixing with an underscore: '_clock'[0m
   [0m[34mâ”‚[0m
   [0m[34m=[0m This warning can be suppressed with '#[allow(unused_variable)]' applied to the 'module' or module member ('const', 'fun', or 'struct')

[0m[1m[38;5;9merror[E03002][0m[1m: unbound module[0m
   [0m[34mâ”Œâ”€[0m ./tests/partial_removal_tests.move:23:25
   [0m[34mâ”‚[0m
[0m[34m23[0m [0m[34mâ”‚[0m             let clock = [0m[31mclock[0m::create_for_testing(ctx);
   [0m[34mâ”‚[0m                         [0m[31m^^^^^[0m [0m[31mUnbound module alias 'clock'[0m

[0m[1m[38;5;11mwarning[W09002][0m[1m: unused variable[0m
   [0m[34mâ”Œâ”€[0m ./tests/partial_removal_tests.move:32:17
   [0m[34mâ”‚[0m
[0m[34m32[0m [0m[34mâ”‚[0m             let [0m[33mclock[0m = clock::create_for_testing(ctx);
   [0m[34mâ”‚[0m                 [0m[33m^^^^^[0m [0m[33mUnused local variable 'clock'. Consider removing or prefixing with an underscore: '_clock'[0m
   [0m[34mâ”‚[0m
   [0m[34m=[0m This warning can be suppressed with '#[allow(unused_variable)]' applied to the 'module' or module member ('const', 'fun', or 'struct')

[0m[1m[38;5;9merror[E03002][0m[1m: unbound module[0m
   [0m[34mâ”Œâ”€[0m ./tests/partial_removal_tests.move:32:25
   [0m[34mâ”‚[0m
[0m[34m32[0m [0m[34mâ”‚[0m             let clock = [0m[31mclock[0m::create_for_testing(ctx);
   [0m[34mâ”‚[0m                         [0m[31m^^^^^[0m [0m[31mUnbound module alias 'clock'[0m

[0m[1m[38;5;9merror[E04007][0m[1m: incompatible types[0m
    [0m[34mâ”Œâ”€[0m ./tests/partial_removal_tests.move:37:50
    [0m[34mâ”‚[0m  
[0m[34m 37[0m [0m[34mâ”‚[0m               let (position, refund_a, refund_b) = [0m[31mfactory::create_pool([0m
    [0m[34mâ”‚[0m [0m[31mâ•­[0m[0m[31mâ”€â”€â”€â”€â”€â”€â”€â”€â”€â”€â”€â”€â”€â”€â”€â”€â”€â”€â”€â”€â”€â”€â”€â”€â”€â”€â”€â”€â”€â”€â”€â”€â”€â”€â”€â”€â”€â”€â”€â”€â”€â”€â”€â”€â”€â”€â”€â”€â”€â”€^[0m
[0m[34m 38[0m [0m[34mâ”‚[0m [0m[31mâ”‚[0m [0m[31m                registry,[0m
[0m[34m 39[0m [0m[34mâ”‚[0m [0m[31mâ”‚[0m [0m[31m                30,[0m
[0m[34m 40[0m [0m[34mâ”‚[0m [0m[31mâ”‚[0m [0m[31m                0, // creator_fee_percent[0m
    [0m[34mÂ·[0m [0m[31mâ”‚[0m
[0m[34m 43[0m [0m[34mâ”‚[0m [0m[31mâ”‚[0m [0m[31m                ctx[0m
[0m[34m 44[0m [0m[34mâ”‚[0m [0m[31mâ”‚[0m [0m[31m            )[0m;
    [0m[34mâ”‚[0m [0m[31mâ•°[0m[0m[31mâ”€â”€â”€â”€â”€â”€â”€â”€â”€â”€â”€â”€â”€^ Invalid call of 'sui_amm::factory::create_pool'. Invalid argument for parameter 'clock'[0m
    [0m[34mâ”‚[0m  
    [0m[34mâ”Œâ”€[0m /home/sati/.move/https___github_com_MystenLabs_sui_git_494fa6ede17f366f1cd850f01ccb9f42dc75c470/crates/sui-framework/packages/sui-framework/sources/test/test_scenario.move:370:47
    [0m[34mâ”‚[0m
[0m[34m370[0m [0m[34mâ”‚[0m public fun ctx(scenario: &mut Scenario): &mut TxContext {
    [0m[34mâ”‚[0m                                               [0m[34m---------[0m [0m[34mGiven: 'sui::tx_context::TxContext'[0m
    [0m[34mâ”‚[0m
    [0m[34mâ”Œâ”€[0m ./sources/factory.move:84:17
    [0m[34mâ”‚[0m
[0m[34m 84[0m [0m[34mâ”‚[0m         clock: &sui::clock::Clock,
    [0m[34mâ”‚[0m                 [0m[34m-----------------[0m [0m[34mExpected: 'sui::clock::Clock'[0m

[0m[1m[38;5;9merror[E04016][0m[1m: too few arguments[0m
   [0m[34mâ”Œâ”€[0m ./tests/partial_removal_tests.move:37:50
   [0m[34mâ”‚[0m    
[0m[34m37[0m [0m[34mâ”‚[0m                 let (position, refund_a, refund_b) = [0m[31mfactory::create_pool([0m
   [0m[34mâ”‚[0m [0m[31mâ•­[0m[0m[31mâ”€â”€[0m[0m[31mâ”€â”€â”€â”€â”€â”€â”€â”€â”€â”€â”€â”€â”€â”€â”€â”€â”€â”€â”€â”€â”€â”€â”€â”€â”€â”€â”€â”€â”€â”€â”€â”€â”€â”€â”€â”€â”€â”€â”€â”€â”€â”€â”€â”€â”€â”€â”€â”€â”€â”€^[0m
   [0m[34mâ”‚[0m [0m[31mâ”‚[0m [0m[34mâ•­[0m[0m[34mâ”€â”€â”€â”€â”€â”€â”€â”€â”€â”€â”€â”€â”€â”€â”€â”€â”€â”€â”€â”€â”€â”€â”€â”€â”€â”€â”€â”€â”€â”€â”€â”€â”€â”€â”€â”€â”€â”€â”€â”€â”€â”€â”€â”€â”€â”€â”€â”€â”€â”€â”€â”€â”€â”€â”€â”€â”€â”€â”€â”€â”€â”€â”€â”€â”€â”€â”€â”€â”€â”€'[0m
[0m[34m38[0m [0m[34mâ”‚[0m [0m[31mâ”‚[0m [0m[34mâ”‚[0m [0m[31m                registry,[0m
[0m[34m39[0m [0m[34mâ”‚[0m [0m[31mâ”‚[0m [0m[34mâ”‚[0m [0m[31m                30,[0m
[0m[34m40[0m [0m[34mâ”‚[0m [0m[31mâ”‚[0m [0m[34mâ”‚[0m [0m[31m                0, // creator_fee_percent[0m
   [0m[34mÂ·[0m [0m[31mâ”‚[0m [0m[34mâ”‚[0m
[0m[34m43[0m [0m[34mâ”‚[0m [0m[31mâ”‚[0m [0m[34mâ”‚[0m [0m[31m                ctx[0m
[0m[34m44[0m [0m[34mâ”‚[0m [0m[31mâ”‚[0m [0m[34mâ”‚[0m [0m[31m            )[0m;
   [0m[34mâ”‚[0m [0m[31mâ•°[0m[0m[31mâ”€[0m[0m[34mâ”‚[0m[0m[31mâ”€â”€â”€â”€â”€â”€â”€â”€â”€â”€â”€â”€â”€^ Invalid call of 'sui_amm::factory::create_pool'. The call expected 7 argument(s) but got 6[0m
   [0m[34mâ”‚[0m   [0m[34mâ•°[0m[0m[34mâ”€â”€â”€â”€â”€â”€â”€â”€â”€â”€â”€â”€â”€' Found 6 argument(s) here[0m
   [0m[34mâ”‚[0m    
   [0m[34mâ”Œâ”€[0m ./sources/factory.move:78:16
   [0m[34mâ”‚[0m
[0m[34m78[0m [0m[34mâ”‚[0m     public fun create_pool<CoinA, CoinB>(
   [0m[34mâ”‚[0m                [0m[34m-----------[0m [0m[34mExpected 7 argument(s)[0m

[0m[1m[38;5;11mwarning[W09002][0m[1m: unused variable[0m
   [0m[34mâ”Œâ”€[0m ./tests/partial_removal_tests.move:60:17
   [0m[34mâ”‚[0m
[0m[34m60[0m [0m[34mâ”‚[0m             let [0m[33mclock[0m = clock::create_for_testing(ctx);
   [0m[34mâ”‚[0m                 [0m[33m^^^^^[0m [0m[33mUnused local variable 'clock'. Consider removing or prefixing with an underscore: '_clock'[0m
   [0m[34mâ”‚[0m
   [0m[34m=[0m This warning can be suppressed with '#[allow(unused_variable)]' applied to the 'module' or module member ('const', 'fun', or 'struct')

[0m[1m[38;5;9merror[E03002][0m[1m: unbound module[0m
   [0m[34mâ”Œâ”€[0m ./tests/partial_removal_tests.move:60:25
   [0m[34mâ”‚[0m
[0m[34m60[0m [0m[34mâ”‚[0m             let clock = [0m[31mclock[0m::create_for_testing(ctx);
   [0m[34mâ”‚[0m                         [0m[31m^^^^^[0m [0m[31mUnbound module alias 'clock'[0m

[0m[1m[38;5;9merror[E04007][0m[1m: incompatible types[0m
    [0m[34mâ”Œâ”€[0m ./tests/partial_removal_tests.move:65:36
    [0m[34mâ”‚[0m  
[0m[34m 65[0m [0m[34mâ”‚[0m               let (coin_a, coin_b) = [0m[31mpool::remove_liquidity_partial([0m
    [0m[34mâ”‚[0m [0m[31mâ•­[0m[0m[31mâ”€â”€â”€â”€â”€â”€â”€â”€â”€â”€â”€â”€â”€â”€â”€â”€â”€â”€â”€â”€â”€â”€â”€â”€â”€â”€â”€â”€â”€â”€â”€â”€â”€â”€â”€â”€^[0m
[0m[34m 66[0m [0m[34mâ”‚[0m [0m[31mâ”‚[0m [0m[31m                pool,[0m
[0m[34m 67[0m [0m[34mâ”‚[0m [0m[31mâ”‚[0m [0m[31m                position,[0m
[0m[34m 68[0m [0m[34mâ”‚[0m [0m[31mâ”‚[0m [0m[31m                half,[0m
    [0m[34mÂ·[0m [0m[31mâ”‚[0m
[0m[34m 71[0m [0m[34mâ”‚[0m [0m[31mâ”‚[0m [0m[31m                ctx[0m
[0m[34m 72[0m [0m[34mâ”‚[0m [0m[31mâ”‚[0m [0m[31m            )[0m;
    [0m[34mâ”‚[0m [0m[31mâ•°[0m[0m[31mâ”€â”€â”€â”€â”€â”€â”€â”€â”€â”€â”€â”€â”€^ Invalid call of 'sui_amm::pool::remove_liquidity_partial'. Invalid argument for parameter 'clock'[0m
    [0m[34mâ”‚[0m  
    [0m[34mâ”Œâ”€[0m /home/sati/.move/https___github_com_MystenLabs_sui_git_494fa6ede17f366f1cd850f01ccb9f42dc75c470/crates/sui-framework/packages/sui-framework/sources/test/test_scenario.move:370:47
    [0m[34mâ”‚[0m
[0m[34m370[0m [0m[34mâ”‚[0m public fun ctx(scenario: &mut Scenario): &mut TxContext {
    [0m[34mâ”‚[0m                                               [0m[34m---------[0m [0m[34mGiven: 'sui::tx_context::TxContext'[0m
    [0m[34mâ”‚[0m
    [0m[34mâ”Œâ”€[0m ./sources/pool.move:432:17
    [0m[34mâ”‚[0m
[0m[34m432[0m [0m[34mâ”‚[0m         clock: &Clock,
    [0m[34mâ”‚[0m                 [0m[34m-----[0m [0m[34mExpected: 'sui::clock::Clock'[0m

[0m[1m[38;5;9merror[E04016][0m[1m: too few arguments[0m
    [0m[34mâ”Œâ”€[0m ./tests/partial_removal_tests.move:65:36
    [0m[34mâ”‚[0m    
[0m[34m 65[0m [0m[34mâ”‚[0m                 let (coin_a, coin_b) = [0m[31mpool::remove_liquidity_partial([0m
    [0m[34mâ”‚[0m [0m[31mâ•­[0m[0m[31mâ”€â”€[0m[0m[31mâ”€â”€â”€â”€â”€â”€â”€â”€â”€â”€â”€â”€â”€â”€â”€â”€â”€â”€â”€â”€â”€â”€â”€â”€â”€â”€â”€â”€â”€â”€â”€â”€â”€â”€â”€â”€^[0m
    [0m[34mâ”‚[0m [0m[31mâ”‚[0m [0m[34mâ•­[0m[0m[34mâ”€â”€â”€â”€â”€â”€â”€â”€â”€â”€â”€â”€â”€â”€â”€â”€â”€â”€â”€â”€â”€â”€â”€â”€â”€â”€â”€â”€â”€â”€â”€â”€â”€â”€â”€â”€â”€â”€â”€â”€â”€â”€â”€â”€â”€â”€â”€â”€â”€â”€â”€â”€â”€â”€â”€â”€â”€â”€â”€â”€â”€â”€â”€â”€â”€â”€'[0m
[0m[34m 66[0m [0m[34mâ”‚[0m [0m[31mâ”‚[0m [0m[34mâ”‚[0m [0m[31m                pool,[0m
[0m[34m 67[0m [0m[34mâ”‚[0m [0m[31mâ”‚[0m [0m[34mâ”‚[0m [0m[31m                position,[0m
[0m[34m 68[0m [0m[34mâ”‚[0m [0m[31mâ”‚[0m [0m[34mâ”‚[0m [0m[31m                half,[0m
    [0m[34mÂ·[0m [0m[31mâ”‚[0m [0m[34mâ”‚[0m
[0m[34m 71[0m [0m[34mâ”‚[0m [0m[31mâ”‚[0m [0m[34mâ”‚[0m [0m[31m                ctx[0m
[0m[34m 72[0m [0m[34mâ”‚[0m [0m[31mâ”‚[0m [0m[34mâ”‚[0m [0m[31m            )[0m;
    [0m[34mâ”‚[0m [0m[31mâ•°[0m[0m[31mâ”€[0m[0m[34mâ”‚[0m[0m[31mâ”€â”€â”€â”€â”€â”€â”€â”€â”€â”€â”€â”€â”€^ Invalid call of 'sui_amm::pool::remove_liquidity_partial'. The call expected 8 argument(s) but got 6[0m
    [0m[34mâ”‚[0m   [0m[34mâ•°[0m[0m[34mâ”€â”€â”€â”€â”€â”€â”€â”€â”€â”€â”€â”€â”€' Found 6 argument(s) here[0m
    [0m[34mâ”‚[0m    
    [0m[34mâ”Œâ”€[0m ./sources/pool.move:426:16
    [0m[34mâ”‚[0m
[0m[34m426[0m [0m[34mâ”‚[0m     public fun remove_liquidity_partial<CoinA, CoinB>(
    [0m[34mâ”‚[0m                [0m[34m------------------------[0m [0m[34mExpected 8 argument(s)[0m

[0m[1m[38;5;11mwarning[W09002][0m[1m: unused variable[0m
   [0m[34mâ”Œâ”€[0m ./tests/partial_removal_tests.move:99:17
   [0m[34mâ”‚[0m
[0m[34m99[0m [0m[34mâ”‚[0m             let [0m[33mclock[0m = clock::create_for_testing(ctx);
   [0m[34mâ”‚[0m                 [0m[33m^^^^^[0m [0m[33mUnused local variable 'clock'. Consider removing or prefixing with an underscore: '_clock'[0m
   [0m[34mâ”‚[0m
   [0m[34m=[0m This warning can be suppressed with '#[allow(unused_variable)]' applied to the 'module' or module member ('const', 'fun', or 'struct')

[0m[1m[38;5;9merror[E03002][0m[1m: unbound module[0m
   [0m[34mâ”Œâ”€[0m ./tests/partial_removal_tests.move:99:25
   [0m[34mâ”‚[0m
[0m[34m99[0m [0m[34mâ”‚[0m             let clock = [0m[31mclock[0m::create_for_testing(ctx);
   [0m[34mâ”‚[0m                         [0m[31m^^^^^[0m [0m[31mUnbound module alias 'clock'[0m

[0m[1m[38;5;11mwarning[W09002][0m[1m: unused variable[0m
    [0m[34mâ”Œâ”€[0m ./tests/partial_removal_tests.move:108:17
    [0m[34mâ”‚[0m
[0m[34m108[0m [0m[34mâ”‚[0m             let [0m[33mclock[0m = clock::create_for_testing(ctx);
    [0m[34mâ”‚[0m                 [0m[33m^^^^^[0m [0m[33mUnused local variable 'clock'. Consider removing or prefixing with an underscore: '_clock'[0m
    [0m[34mâ”‚[0m
    [0m[34m=[0m This warning can be suppressed with '#[allow(unused_variable)]' applied to the 'module' or module member ('const', 'fun', or 'struct')

[0m[1m[38;5;9merror[E03002][0m[1m: unbound module[0m
    [0m[34mâ”Œâ”€[0m ./tests/partial_removal_tests.move:108:25
    [0m[34mâ”‚[0m
[0m[34m108[0m [0m[34mâ”‚[0m             let clock = [0m[31mclock[0m::create_for_testing(ctx);
    [0m[34mâ”‚[0m                         [0m[31m^^^^^[0m [0m[31mUnbound module alias 'clock'[0m

[0m[1m[38;5;9merror[E04007][0m[1m: incompatible types[0m
    [0m[34mâ”Œâ”€[0m ./tests/partial_removal_tests.move:113:50
    [0m[34mâ”‚[0m  
[0m[34m113[0m [0m[34mâ”‚[0m               let (position, refund_a, refund_b) = [0m[31mfactory::create_pool([0m
    [0m[34mâ”‚[0m [0m[31mâ•­[0m[0m[31mâ”€â”€â”€â”€â”€â”€â”€â”€â”€â”€â”€â”€â”€â”€â”€â”€â”€â”€â”€â”€â”€â”€â”€â”€â”€â”€â”€â”€â”€â”€â”€â”€â”€â”€â”€â”€â”€â”€â”€â”€â”€â”€â”€â”€â”€â”€â”€â”€â”€â”€^[0m
[0m[34m114[0m [0m[34mâ”‚[0m [0m[31mâ”‚[0m [0m[31m                registry,[0m
[0m[34m115[0m [0m[34mâ”‚[0m [0m[31mâ”‚[0m [0m[31m                30,[0m
[0m[34m116[0m [0m[34mâ”‚[0m [0m[31mâ”‚[0m [0m[31m                0, // creator_fee_percent[0m
    [0m[34mÂ·[0m [0m[31mâ”‚[0m
[0m[34m119[0m [0m[34mâ”‚[0m [0m[31mâ”‚[0m [0m[31m                ctx[0m
[0m[34m120[0m [0m[34mâ”‚[0m [0m[31mâ”‚[0m [0m[31m            )[0m;
    [0m[34mâ”‚[0m [0m[31mâ•°[0m[0m[31mâ”€â”€â”€â”€â”€â”€â”€â”€â”€â”€â”€â”€â”€^ Invalid call of 'sui_amm::factory::create_pool'. Invalid argument for parameter 'clock'[0m
    [0m[34mâ”‚[0m  
    [0m[34mâ”Œâ”€[0m /home/sati/.move/https___github_com_MystenLabs_sui_git_494fa6ede17f366f1cd850f01ccb9f42dc75c470/crates/sui-framework/packages/sui-framework/sources/test/test_scenario.move:370:47
    [0m[34mâ”‚[0m
[0m[34m370[0m [0m[34mâ”‚[0m public fun ctx(scenario: &mut Scenario): &mut TxContext {
    [0m[34mâ”‚[0m                                               [0m[34m---------[0m [0m[34mGiven: 'sui::tx_context::TxContext'[0m
    [0m[34mâ”‚[0m
    [0m[34mâ”Œâ”€[0m ./sources/factory.move:84:17
    [0m[34mâ”‚[0m
[0m[34m 84[0m [0m[34mâ”‚[0m         clock: &sui::clock::Clock,
    [0m[34mâ”‚[0m                 [0m[34m-----------------[0m [0m[34mExpected: 'sui::clock::Clock'[0m

[0m[1m[38;5;9merror[E04016][0m[1m: too few arguments[0m
    [0m[34mâ”Œâ”€[0m ./tests/partial_removal_tests.move:113:50
    [0m[34mâ”‚[0m    
[0m[34m113[0m [0m[34mâ”‚[0m                 let (position, refund_a, refund_b) = [0m[31mfactory::create_pool([0m
    [0m[34mâ”‚[0m [0m[31mâ•­[0m[0m[31mâ”€â”€[0m[0m[31mâ”€â”€â”€â”€â”€â”€â”€â”€â”€â”€â”€â”€â”€â”€â”€â”€â”€â”€â”€â”€â”€â”€â”€â”€â”€â”€â”€â”€â”€â”€â”€â”€â”€â”€â”€â”€â”€â”€â”€â”€â”€â”€â”€â”€â”€â”€â”€â”€â”€â”€^[0m
    [0m[34mâ”‚[0m [0m[31mâ”‚[0m [0m[34mâ•­[0m[0m[34mâ”€â”€â”€â”€â”€â”€â”€â”€â”€â”€â”€â”€â”€â”€â”€â”€â”€â”€â”€â”€â”€â”€â”€â”€â”€â”€â”€â”€â”€â”€â”€â”€â”€â”€â”€â”€â”€â”€â”€â”€â”€â”€â”€â”€â”€â”€â”€â”€â”€â”€â”€â”€â”€â”€â”€â”€â”€â”€â”€â”€â”€â”€â”€â”€â”€â”€â”€â”€â”€â”€'[0m
[0m[34m114[0m [0m[34mâ”‚[0m [0m[31mâ”‚[0m [0m[34mâ”‚[0m [0m[31m                registry,[0m
[0m[34m115[0m [0m[34mâ”‚[0m [0m[31mâ”‚[0m [0m[34mâ”‚[0m [0m[31m                30,[0m
[0m[34m116[0m [0m[34mâ”‚[0m [0m[31mâ”‚[0m [0m[34mâ”‚[0m [0m[31m                0, // creator_fee_percent[0m
    [0m[34mÂ·[0m [0m[31mâ”‚[0m [0m[34mâ”‚[0m
[0m[34m119[0m [0m[34mâ”‚[0m [0m[31mâ”‚[0m [0m[34mâ”‚[0m [0m[31m                ctx[0m
[0m[34m120[0m [0m[34mâ”‚[0m [0m[31mâ”‚[0m [0m[34mâ”‚[0m [0m[31m            )[0m;
    [0m[34mâ”‚[0m [0m[31mâ•°[0m[0m[31mâ”€[0m[0m[34mâ”‚[0m[0m[31mâ”€â”€â”€â”€â”€â”€â”€â”€â”€â”€â”€â”€â”€^ Invalid call of 'sui_amm::factory::create_pool'. The call expected 7 argument(s) but got 6[0m
    [0m[34mâ”‚[0m   [0m[34mâ•°[0m[0m[34mâ”€â”€â”€â”€â”€â”€â”€â”€â”€â”€â”€â”€â”€' Found 6 argument(s) here[0m
    [0m[34mâ”‚[0m    
    [0m[34mâ”Œâ”€[0m ./sources/factory.move:78:16
    [0m[34mâ”‚[0m
[0m[34m 78[0m [0m[34mâ”‚[0m     public fun create_pool<CoinA, CoinB>(
    [0m[34mâ”‚[0m                [0m[34m-----------[0m [0m[34mExpected 7 argument(s)[0m

[0m[1m[38;5;11mwarning[W09002][0m[1m: unused variable[0m
    [0m[34mâ”Œâ”€[0m ./tests/partial_removal_tests.move:136:17
    [0m[34mâ”‚[0m
[0m[34m136[0m [0m[34mâ”‚[0m             let [0m[33mclock[0m = clock::create_for_testing(ctx);
    [0m[34mâ”‚[0m                 [0m[33m^^^^^[0m [0m[33mUnused local variable 'clock'. Consider removing or prefixing with an underscore: '_clock'[0m
    [0m[34mâ”‚[0m
    [0m[34m=[0m This warning can be suppressed with '#[allow(unused_variable)]' applied to the 'module' or module member ('const', 'fun', or 'struct')

[0m[1m[38;5;9merror[E03002][0m[1m: unbound module[0m
    [0m[34mâ”Œâ”€[0m ./tests/partial_removal_tests.move:136:25
    [0m[34mâ”‚[0m
[0m[34m136[0m [0m[34mâ”‚[0m             let clock = [0m[31mclock[0m::create_for_testing(ctx);
    [0m[34mâ”‚[0m                         [0m[31m^^^^^[0m [0m[31mUnbound module alias 'clock'[0m

[0m[1m[38;5;9merror[E04007][0m[1m: incompatible types[0m
    [0m[34mâ”Œâ”€[0m ./tests/partial_removal_tests.move:141:36
    [0m[34mâ”‚[0m  
[0m[34m141[0m [0m[34mâ”‚[0m               let (coin_a, coin_b) = [0m[31mpool::remove_liquidity_partial([0m
    [0m[34mâ”‚[0m [0m[31mâ•­[0m[0m[31mâ”€â”€â”€â”€â”€â”€â”€â”€â”€â”€â”€â”€â”€â”€â”€â”€â”€â”€â”€â”€â”€â”€â”€â”€â”€â”€â”€â”€â”€â”€â”€â”€â”€â”€â”€â”€^[0m
[0m[34m142[0m [0m[34mâ”‚[0m [0m[31mâ”‚[0m [0m[31m                pool,[0m
[0m[34m143[0m [0m[34mâ”‚[0m [0m[31mâ”‚[0m [0m[31m                position,[0m
[0m[34m144[0m [0m[34mâ”‚[0m [0m[31mâ”‚[0m [0m[31m                one_percent,[0m
    [0m[34mÂ·[0m [0m[31mâ”‚[0m
[0m[34m147[0m [0m[34mâ”‚[0m [0m[31mâ”‚[0m [0m[31m                ctx[0m
[0m[34m148[0m [0m[34mâ”‚[0m [0m[31mâ”‚[0m [0m[31m            )[0m;
    [0m[34mâ”‚[0m [0m[31mâ•°[0m[0m[31mâ”€â”€â”€â”€â”€â”€â”€â”€â”€â”€â”€â”€â”€^ Invalid call of 'sui_amm::pool::remove_liquidity_partial'. Invalid argument for parameter 'clock'[0m
    [0m[34mâ”‚[0m  
    [0m[34mâ”Œâ”€[0m /home/sati/.move/https___github_com_MystenLabs_sui_git_494fa6ede17f366f1cd850f01ccb9f42dc75c470/crates/sui-framework/packages/sui-framework/sources/test/test_scenario.move:370:47
    [0m[34mâ”‚[0m
[0m[34m370[0m [0m[34mâ”‚[0m public fun ctx(scenario: &mut Scenario): &mut TxContext {
    [0m[34mâ”‚[0m                                               [0m[34m---------[0m [0m[34mGiven: 'sui::tx_context::TxContext'[0m
    [0m[34mâ”‚[0m
    [0m[34mâ”Œâ”€[0m ./sources/pool.move:432:17
    [0m[34mâ”‚[0m
[0m[34m432[0m [0m[34mâ”‚[0m         clock: &Clock,
    [0m[34mâ”‚[0m                 [0m[34m-----[0m [0m[34mExpected: 'sui::clock::Clock'[0m

[0m[1m[38;5;9merror[E04016][0m[1m: too few arguments[0m
    [0m[34mâ”Œâ”€[0m ./tests/partial_removal_tests.move:141:36
    [0m[34mâ”‚[0m    
[0m[34m141[0m [0m[34mâ”‚[0m                 let (coin_a, coin_b) = [0m[31mpool::remove_liquidity_partial([0m
    [0m[34mâ”‚[0m [0m[31mâ•­[0m[0m[31mâ”€â”€[0m[0m[31mâ”€â”€â”€â”€â”€â”€â”€â”€â”€â”€â”€â”€â”€â”€â”€â”€â”€â”€â”€â”€â”€â”€â”€â”€â”€â”€â”€â”€â”€â”€â”€â”€â”€â”€â”€â”€^[0m
    [0m[34mâ”‚[0m [0m[31mâ”‚[0m [0m[34mâ•­[0m[0m[34mâ”€â”€â”€â”€â”€â”€â”€â”€â”€â”€â”€â”€â”€â”€â”€â”€â”€â”€â”€â”€â”€â”€â”€â”€â”€â”€â”€â”€â”€â”€â”€â”€â”€â”€â”€â”€â”€â”€â”€â”€â”€â”€â”€â”€â”€â”€â”€â”€â”€â”€â”€â”€â”€â”€â”€â”€â”€â”€â”€â”€â”€â”€â”€â”€â”€â”€'[0m
[0m[34m142[0m [0m[34mâ”‚[0m [0m[31mâ”‚[0m [0m[34mâ”‚[0m [0m[31m                pool,[0m
[0m[34m143[0m [0m[34mâ”‚[0m [0m[31mâ”‚[0m [0m[34mâ”‚[0m [0m[31m                position,[0m
[0m[34m144[0m [0m[34mâ”‚[0m [0m[31mâ”‚[0m [0m[34mâ”‚[0m [0m[31m                one_percent,[0m
    [0m[34mÂ·[0m [0m[31mâ”‚[0m [0m[34mâ”‚[0m
[0m[34m147[0m [0m[34mâ”‚[0m [0m[31mâ”‚[0m [0m[34mâ”‚[0m [0m[31m                ctx[0m
[0m[34m148[0m [0m[34mâ”‚[0m [0m[31mâ”‚[0m [0m[34mâ”‚[0m [0m[31m            )[0m;
    [0m[34mâ”‚[0m [0m[31mâ•°[0m[0m[31mâ”€[0m[0m[34mâ”‚[0m[0m[31mâ”€â”€â”€â”€â”€â”€â”€â”€â”€â”€â”€â”€â”€^ Invalid call of 'sui_amm::pool::remove_liquidity_partial'. The call expected 8 argument(s) but got 6[0m
    [0m[34mâ”‚[0m   [0m[34mâ•°[0m[0m[34mâ”€â”€â”€â”€â”€â”€â”€â”€â”€â”€â”€â”€â”€' Found 6 argument(s) here[0m
    [0m[34mâ”‚[0m    
    [0m[34mâ”Œâ”€[0m ./sources/pool.move:426:16
    [0m[34mâ”‚[0m
[0m[34m426[0m [0m[34mâ”‚[0m     public fun remove_liquidity_partial<CoinA, CoinB>(
    [0m[34mâ”‚[0m                [0m[34m------------------------[0m [0m[34mExpected 8 argument(s)[0m

[0m[1m[38;5;11mwarning[W09002][0m[1m: unused variable[0m
    [0m[34mâ”Œâ”€[0m ./tests/partial_removal_tests.move:171:17
    [0m[34mâ”‚[0m
[0m[34m171[0m [0m[34mâ”‚[0m             let [0m[33mclock[0m = clock::create_for_testing(ctx);
    [0m[34mâ”‚[0m                 [0m[33m^^^^^[0m [0m[33mUnused local variable 'clock'. Consider removing or prefixing with an underscore: '_clock'[0m
    [0m[34mâ”‚[0m
    [0m[34m=[0m This warning can be suppressed with '#[allow(unused_variable)]' applied to the 'module' or module member ('const', 'fun', or 'struct')

[0m[1m[38;5;9merror[E03002][0m[1m: unbound module[0m
    [0m[34mâ”Œâ”€[0m ./tests/partial_removal_tests.move:171:25
    [0m[34mâ”‚[0m
[0m[34m171[0m [0m[34mâ”‚[0m             let clock = [0m[31mclock[0m::create_for_testing(ctx);
    [0m[34mâ”‚[0m                         [0m[31m^^^^^[0m [0m[31mUnbound module alias 'clock'[0m

[0m[1m[38;5;11mwarning[W09002][0m[1m: unused variable[0m
    [0m[34mâ”Œâ”€[0m ./tests/partial_removal_tests.move:180:17
    [0m[34mâ”‚[0m
[0m[34m180[0m [0m[34mâ”‚[0m             let [0m[33mclock[0m = clock::create_for_testing(ctx);
    [0m[34mâ”‚[0m                 [0m[33m^^^^^[0m [0m[33mUnused local variable 'clock'. Consider removing or prefixing with an underscore: '_clock'[0m
    [0m[34mâ”‚[0m
    [0m[34m=[0m This warning can be suppressed with '#[allow(unused_variable)]' applied to the 'module' or module member ('const', 'fun', or 'struct')

[0m[1m[38;5;9merror[E03002][0m[1m: unbound module[0m
    [0m[34mâ”Œâ”€[0m ./tests/partial_removal_tests.move:180:25
    [0m[34mâ”‚[0m
[0m[34m180[0m [0m[34mâ”‚[0m             let clock = [0m[31mclock[0m::create_for_testing(ctx);
    [0m[34mâ”‚[0m                         [0m[31m^^^^^[0m [0m[31mUnbound module alias 'clock'[0m

[0m[1m[38;5;9merror[E04007][0m[1m: incompatible types[0m
    [0m[34mâ”Œâ”€[0m ./tests/partial_removal_tests.move:185:50
    [0m[34mâ”‚[0m  
[0m[34m185[0m [0m[34mâ”‚[0m               let (position, refund_a, refund_b) = [0m[31mfactory::create_pool([0m
    [0m[34mâ”‚[0m [0m[31mâ•­[0m[0m[31mâ”€â”€â”€â”€â”€â”€â”€â”€â”€â”€â”€â”€â”€â”€â”€â”€â”€â”€â”€â”€â”€â”€â”€â”€â”€â”€â”€â”€â”€â”€â”€â”€â”€â”€â”€â”€â”€â”€â”€â”€â”€â”€â”€â”€â”€â”€â”€â”€â”€â”€^[0m
[0m[34m186[0m [0m[34mâ”‚[0m [0m[31mâ”‚[0m [0m[31m                registry,[0m
[0m[34m187[0m [0m[34mâ”‚[0m [0m[31mâ”‚[0m [0m[31m                30,[0m
[0m[34m188[0m [0m[34mâ”‚[0m [0m[31mâ”‚[0m [0m[31m                0, // creator_fee_percent (previously non-zero; protocol fee now fixed)[0m
    [0m[34mÂ·[0m [0m[31mâ”‚[0m
[0m[34m191[0m [0m[34mâ”‚[0m [0m[31mâ”‚[0m [0m[31m                ctx[0m
[0m[34m192[0m [0m[34mâ”‚[0m [0m[31mâ”‚[0m [0m[31m            )[0m;
    [0m[34mâ”‚[0m [0m[31mâ•°[0m[0m[31mâ”€â”€â”€â”€â”€â”€â”€â”€â”€â”€â”€â”€â”€^ Invalid call of 'sui_amm::factory::create_pool'. Invalid argument for parameter 'clock'[0m
    [0m[34mâ”‚[0m  
    [0m[34mâ”Œâ”€[0m /home/sati/.move/https___github_com_MystenLabs_sui_git_494fa6ede17f366f1cd850f01ccb9f42dc75c470/crates/sui-framework/packages/sui-framework/sources/test/test_scenario.move:370:47
    [0m[34mâ”‚[0m
[0m[34m370[0m [0m[34mâ”‚[0m public fun ctx(scenario: &mut Scenario): &mut TxContext {
    [0m[34mâ”‚[0m                                               [0m[34m---------[0m [0m[34mGiven: 'sui::tx_context::TxContext'[0m
    [0m[34mâ”‚[0m
    [0m[34mâ”Œâ”€[0m ./sources/factory.move:84:17
    [0m[34mâ”‚[0m
[0m[34m 84[0m [0m[34mâ”‚[0m         clock: &sui::clock::Clock,
    [0m[34mâ”‚[0m                 [0m[34m-----------------[0m [0m[34mExpected: 'sui::clock::Clock'[0m

[0m[1m[38;5;9merror[E04016][0m[1m: too few arguments[0m
    [0m[34mâ”Œâ”€[0m ./tests/partial_removal_tests.move:185:50
    [0m[34mâ”‚[0m    
[0m[34m185[0m [0m[34mâ”‚[0m                 let (position, refund_a, refund_b) = [0m[31mfactory::create_pool([0m
    [0m[34mâ”‚[0m [0m[31mâ•­[0m[0m[31mâ”€â”€[0m[0m[31mâ”€â”€â”€â”€â”€â”€â”€â”€â”€â”€â”€â”€â”€â”€â”€â”€â”€â”€â”€â”€â”€â”€â”€â”€â”€â”€â”€â”€â”€â”€â”€â”€â”€â”€â”€â”€â”€â”€â”€â”€â”€â”€â”€â”€â”€â”€â”€â”€â”€â”€^[0m
    [0m[34mâ”‚[0m [0m[31mâ”‚[0m [0m[34mâ•­[0m[0m[34mâ”€â”€â”€â”€â”€â”€â”€â”€â”€â”€â”€â”€â”€â”€â”€â”€â”€â”€â”€â”€â”€â”€â”€â”€â”€â”€â”€â”€â”€â”€â”€â”€â”€â”€â”€â”€â”€â”€â”€â”€â”€â”€â”€â”€â”€â”€â”€â”€â”€â”€â”€â”€â”€â”€â”€â”€â”€â”€â”€â”€â”€â”€â”€â”€â”€â”€â”€â”€â”€â”€'[0m
[0m[34m186[0m [0m[34mâ”‚[0m [0m[31mâ”‚[0m [0m[34mâ”‚[0m [0m[31m                registry,[0m
[0m[34m187[0m [0m[34mâ”‚[0m [0m[31mâ”‚[0m [0m[34mâ”‚[0m [0m[31m                30,[0m
[0m[34m188[0m [0m[34mâ”‚[0m [0m[31mâ”‚[0m [0m[34mâ”‚[0m [0m[31m                0, // creator_fee_percent (previously non-zero; protocol fee now fixed)[0m
    [0m[34mÂ·[0m [0m[31mâ”‚[0m [0m[34mâ”‚[0m
[0m[34m191[0m [0m[34mâ”‚[0m [0m[31mâ”‚[0m [0m[34mâ”‚[0m [0m[31m                ctx[0m
[0m[34m192[0m [0m[34mâ”‚[0m [0m[31mâ”‚[0m [0m[34mâ”‚[0m [0m[31m            )[0m;
    [0m[34mâ”‚[0m [0m[31mâ•°[0m[0m[31mâ”€[0m[0m[34mâ”‚[0m[0m[31mâ”€â”€â”€â”€â”€â”€â”€â”€â”€â”€â”€â”€â”€^ Invalid call of 'sui_amm::factory::create_pool'. The call expected 7 argument(s) but got 6[0m
    [0m[34mâ”‚[0m   [0m[34mâ•°[0m[0m[34mâ”€â”€â”€â”€â”€â”€â”€â”€â”€â”€â”€â”€â”€' Found 6 argument(s) here[0m
    [0m[34mâ”‚[0m    
    [0m[34mâ”Œâ”€[0m ./sources/factory.move:78:16
    [0m[34mâ”‚[0m
[0m[34m 78[0m [0m[34mâ”‚[0m     public fun create_pool<CoinA, CoinB>(
    [0m[34mâ”‚[0m                [0m[34m-----------[0m [0m[34mExpected 7 argument(s)[0m

[0m[1m[38;5;11mwarning[W09002][0m[1m: unused variable[0m
    [0m[34mâ”Œâ”€[0m ./tests/partial_removal_tests.move:208:17
    [0m[34mâ”‚[0m
[0m[34m208[0m [0m[34mâ”‚[0m             let [0m[33mclock[0m = clock::create_for_testing(ctx);
    [0m[34mâ”‚[0m                 [0m[33m^^^^^[0m [0m[33mUnused local variable 'clock'. Consider removing or prefixing with an underscore: '_clock'[0m
    [0m[34mâ”‚[0m
    [0m[34m=[0m This warning can be suppressed with '#[allow(unused_variable)]' applied to the 'module' or module member ('const', 'fun', or 'struct')

[0m[1m[38;5;9merror[E03002][0m[1m: unbound module[0m
    [0m[34mâ”Œâ”€[0m ./tests/partial_removal_tests.move:208:25
    [0m[34mâ”‚[0m
[0m[34m208[0m [0m[34mâ”‚[0m             let clock = [0m[31mclock[0m::create_for_testing(ctx);
    [0m[34mâ”‚[0m                         [0m[31m^^^^^[0m [0m[31mUnbound module alias 'clock'[0m

[0m[1m[38;5;9merror[E04007][0m[1m: incompatible types[0m
    [0m[34mâ”Œâ”€[0m ./tests/partial_removal_tests.move:213:36
    [0m[34mâ”‚[0m  
[0m[34m213[0m [0m[34mâ”‚[0m               let (coin_a, coin_b) = [0m[31mpool::remove_liquidity_partial([0m
    [0m[34mâ”‚[0m [0m[31mâ•­[0m[0m[31mâ”€â”€â”€â”€â”€â”€â”€â”€â”€â”€â”€â”€â”€â”€â”€â”€â”€â”€â”€â”€â”€â”€â”€â”€â”€â”€â”€â”€â”€â”€â”€â”€â”€â”€â”€â”€^[0m
[0m[34m214[0m [0m[34mâ”‚[0m [0m[31mâ”‚[0m [0m[31m                pool,[0m
[0m[34m215[0m [0m[34mâ”‚[0m [0m[31mâ”‚[0m [0m[31m                position,[0m
[0m[34m216[0m [0m[34mâ”‚[0m [0m[31mâ”‚[0m [0m[31m                ninety_nine_percent,[0m
    [0m[34mÂ·[0m [0m[31mâ”‚[0m
[0m[34m219[0m [0m[34mâ”‚[0m [0m[31mâ”‚[0m [0m[31m                ctx[0m
[0m[34m220[0m [0m[34mâ”‚[0m [0m[31mâ”‚[0m [0m[31m            )[0m;
    [0m[34mâ”‚[0m [0m[31mâ•°[0m[0m[31mâ”€â”€â”€â”€â”€â”€â”€â”€â”€â”€â”€â”€â”€^ Invalid call of 'sui_amm::pool::remove_liquidity_partial'. Invalid argument for parameter 'clock'[0m
    [0m[34mâ”‚[0m  
    [0m[34mâ”Œâ”€[0m /home/sati/.move/https___github_com_MystenLabs_sui_git_494fa6ede17f366f1cd850f01ccb9f42dc75c470/crates/sui-framework/packages/sui-framework/sources/test/test_scenario.move:370:47
    [0m[34mâ”‚[0m
[0m[34m370[0m [0m[34mâ”‚[0m public fun ctx(scenario: &mut Scenario): &mut TxContext {
    [0m[34mâ”‚[0m                                               [0m[34m---------[0m [0m[34mGiven: 'sui::tx_context::TxContext'[0m
    [0m[34mâ”‚[0m
    [0m[34mâ”Œâ”€[0m ./sources/pool.move:432:17
    [0m[34mâ”‚[0m
[0m[34m432[0m [0m[34mâ”‚[0m         clock: &Clock,
    [0m[34mâ”‚[0m                 [0m[34m-----[0m [0m[34mExpected: 'sui::clock::Clock'[0m

[0m[1m[38;5;9merror[E04016][0m[1m: too few arguments[0m
    [0m[34mâ”Œâ”€[0m ./tests/partial_removal_tests.move:213:36
    [0m[34mâ”‚[0m    
[0m[34m213[0m [0m[34mâ”‚[0m                 let (coin_a, coin_b) = [0m[31mpool::remove_liquidity_partial([0m
    [0m[34mâ”‚[0m [0m[31mâ•­[0m[0m[31mâ”€â”€[0m[0m[31mâ”€â”€â”€â”€â”€â”€â”€â”€â”€â”€â”€â”€â”€â”€â”€â”€â”€â”€â”€â”€â”€â”€â”€â”€â”€â”€â”€â”€â”€â”€â”€â”€â”€â”€â”€â”€^[0m
    [0m[34mâ”‚[0m [0m[31mâ”‚[0m [0m[34mâ•­[0m[0m[34mâ”€â”€â”€â”€â”€â”€â”€â”€â”€â”€â”€â”€â”€â”€â”€â”€â”€â”€â”€â”€â”€â”€â”€â”€â”€â”€â”€â”€â”€â”€â”€â”€â”€â”€â”€â”€â”€â”€â”€â”€â”€â”€â”€â”€â”€â”€â”€â”€â”€â”€â”€â”€â”€â”€â”€â”€â”€â”€â”€â”€â”€â”€â”€â”€â”€â”€'[0m
[0m[34m214[0m [0m[34mâ”‚[0m [0m[31mâ”‚[0m [0m[34mâ”‚[0m [0m[31m                pool,[0m
[0m[34m215[0m [0m[34mâ”‚[0m [0m[31mâ”‚[0m [0m[34mâ”‚[0m [0m[31m                position,[0m
[0m[34m216[0m [0m[34mâ”‚[0m [0m[31mâ”‚[0m [0m[34mâ”‚[0m [0m[31m                ninety_nine_percent,[0m
    [0m[34mÂ·[0m [0m[31mâ”‚[0m [0m[34mâ”‚[0m
[0m[34m219[0m [0m[34mâ”‚[0m [0m[31mâ”‚[0m [0m[34mâ”‚[0m [0m[31m                ctx[0m
[0m[34m220[0m [0m[34mâ”‚[0m [0m[31mâ”‚[0m [0m[34mâ”‚[0m [0m[31m            )[0m;
    [0m[34mâ”‚[0m [0m[31mâ•°[0m[0m[31mâ”€[0m[0m[34mâ”‚[0m[0m[31mâ”€â”€â”€â”€â”€â”€â”€â”€â”€â”€â”€â”€â”€^ Invalid call of 'sui_amm::pool::remove_liquidity_partial'. The call expected 8 argument(s) but got 6[0m
    [0m[34mâ”‚[0m   [0m[34mâ•°[0m[0m[34mâ”€â”€â”€â”€â”€â”€â”€â”€â”€â”€â”€â”€â”€' Found 6 argument(s) here[0m
    [0m[34mâ”‚[0m    
    [0m[34mâ”Œâ”€[0m ./sources/pool.move:426:16
    [0m[34mâ”‚[0m
[0m[34m426[0m [0m[34mâ”‚[0m     public fun remove_liquidity_partial<CoinA, CoinB>(
    [0m[34mâ”‚[0m                [0m[34m------------------------[0m [0m[34mExpected 8 argument(s)[0m

[0m[1m[38;5;11mwarning[W09002][0m[1m: unused variable[0m
    [0m[34mâ”Œâ”€[0m ./tests/partial_removal_tests.move:244:17
    [0m[34mâ”‚[0m
[0m[34m244[0m [0m[34mâ”‚[0m             let [0m[33mclock[0m = clock::create_for_testing(ctx);
    [0m[34mâ”‚[0m                 [0m[33m^^^^^[0m [0m[33mUnused local variable 'clock'. Consider removing or prefixing with an underscore: '_clock'[0m
    [0m[34mâ”‚[0m
    [0m[34m=[0m This warning can be suppressed with '#[allow(unused_variable)]' applied to the 'module' or module member ('const', 'fun', or 'struct')

[0m[1m[38;5;9merror[E03002][0m[1m: unbound module[0m
    [0m[34mâ”Œâ”€[0m ./tests/partial_removal_tests.move:244:25
    [0m[34mâ”‚[0m
[0m[34m244[0m [0m[34mâ”‚[0m             let clock = [0m[31mclock[0m::create_for_testing(ctx);
    [0m[34mâ”‚[0m                         [0m[31m^^^^^[0m [0m[31mUnbound module alias 'clock'[0m

[0m[1m[38;5;11mwarning[W09002][0m[1m: unused variable[0m
    [0m[34mâ”Œâ”€[0m ./tests/partial_removal_tests.move:253:17
    [0m[34mâ”‚[0m
[0m[34m253[0m [0m[34mâ”‚[0m             let [0m[33mclock[0m = clock::create_for_testing(ctx);
    [0m[34mâ”‚[0m                 [0m[33m^^^^^[0m [0m[33mUnused local variable 'clock'. Consider removing or prefixing with an underscore: '_clock'[0m
    [0m[34mâ”‚[0m
    [0m[34m=[0m This warning can be suppressed with '#[allow(unused_variable)]' applied to the 'module' or module member ('const', 'fun', or 'struct')

[0m[1m[38;5;9merror[E03002][0m[1m: unbound module[0m
    [0m[34mâ”Œâ”€[0m ./tests/partial_removal_tests.move:253:25
    [0m[34mâ”‚[0m
[0m[34m253[0m [0m[34mâ”‚[0m             let clock = [0m[31mclock[0m::create_for_testing(ctx);
    [0m[34mâ”‚[0m                         [0m[31m^^^^^[0m [0m[31mUnbound module alias 'clock'[0m

[0m[1m[38;5;9merror[E04007][0m[1m: incompatible types[0m
    [0m[34mâ”Œâ”€[0m ./tests/partial_removal_tests.move:258:50
    [0m[34mâ”‚[0m  
[0m[34m258[0m [0m[34mâ”‚[0m               let (position, refund_a, refund_b) = [0m[31mfactory::create_pool([0m
    [0m[34mâ”‚[0m [0m[31mâ•­[0m[0m[31mâ”€â”€â”€â”€â”€â”€â”€â”€â”€â”€â”€â”€â”€â”€â”€â”€â”€â”€â”€â”€â”€â”€â”€â”€â”€â”€â”€â”€â”€â”€â”€â”€â”€â”€â”€â”€â”€â”€â”€â”€â”€â”€â”€â”€â”€â”€â”€â”€â”€â”€^[0m
[0m[34m259[0m [0m[34mâ”‚[0m [0m[31mâ”‚[0m [0m[31m                registry,[0m
[0m[34m260[0m [0m[34mâ”‚[0m [0m[31mâ”‚[0m [0m[31m                30,[0m
[0m[34m261[0m [0m[34mâ”‚[0m [0m[31mâ”‚[0m [0m[31m                0, // creator_fee_percent[0m
    [0m[34mÂ·[0m [0m[31mâ”‚[0m
[0m[34m264[0m [0m[34mâ”‚[0m [0m[31mâ”‚[0m [0m[31m                ctx[0m
[0m[34m265[0m [0m[34mâ”‚[0m [0m[31mâ”‚[0m [0m[31m            )[0m;
    [0m[34mâ”‚[0m [0m[31mâ•°[0m[0m[31mâ”€â”€â”€â”€â”€â”€â”€â”€â”€â”€â”€â”€â”€^ Invalid call of 'sui_amm::factory::create_pool'. Invalid argument for parameter 'clock'[0m
    [0m[34mâ”‚[0m  
    [0m[34mâ”Œâ”€[0m /home/sati/.move/https___github_com_MystenLabs_sui_git_494fa6ede17f366f1cd850f01ccb9f42dc75c470/crates/sui-framework/packages/sui-framework/sources/test/test_scenario.move:370:47
    [0m[34mâ”‚[0m
[0m[34m370[0m [0m[34mâ”‚[0m public fun ctx(scenario: &mut Scenario): &mut TxContext {
    [0m[34mâ”‚[0m                                               [0m[34m---------[0m [0m[34mGiven: 'sui::tx_context::TxContext'[0m
    [0m[34mâ”‚[0m
    [0m[34mâ”Œâ”€[0m ./sources/factory.move:84:17
    [0m[34mâ”‚[0m
[0m[34m 84[0m [0m[34mâ”‚[0m         clock: &sui::clock::Clock,
    [0m[34mâ”‚[0m                 [0m[34m-----------------[0m [0m[34mExpected: 'sui::clock::Clock'[0m

[0m[1m[38;5;9merror[E04016][0m[1m: too few arguments[0m
    [0m[34mâ”Œâ”€[0m ./tests/partial_removal_tests.move:258:50
    [0m[34mâ”‚[0m    
[0m[34m258[0m [0m[34mâ”‚[0m                 let (position, refund_a, refund_b) = [0m[31mfactory::create_pool([0m
    [0m[34mâ”‚[0m [0m[31mâ•­[0m[0m[31mâ”€â”€[0m[0m[31mâ”€â”€â”€â”€â”€â”€â”€â”€â”€â”€â”€â”€â”€â”€â”€â”€â”€â”€â”€â”€â”€â”€â”€â”€â”€â”€â”€â”€â”€â”€â”€â”€â”€â”€â”€â”€â”€â”€â”€â”€â”€â”€â”€â”€â”€â”€â”€â”€â”€â”€^[0m
    [0m[34mâ”‚[0m [0m[31mâ”‚[0m [0m[34mâ•­[0m[0m[34mâ”€â”€â”€â”€â”€â”€â”€â”€â”€â”€â”€â”€â”€â”€â”€â”€â”€â”€â”€â”€â”€â”€â”€â”€â”€â”€â”€â”€â”€â”€â”€â”€â”€â”€â”€â”€â”€â”€â”€â”€â”€â”€â”€â”€â”€â”€â”€â”€â”€â”€â”€â”€â”€â”€â”€â”€â”€â”€â”€â”€â”€â”€â”€â”€â”€â”€â”€â”€â”€â”€'[0m
[0m[34m259[0m [0m[34mâ”‚[0m [0m[31mâ”‚[0m [0m[34mâ”‚[0m [0m[31m                registry,[0m
[0m[34m260[0m [0m[34mâ”‚[0m [0m[31mâ”‚[0m [0m[34mâ”‚[0m [0m[31m                30,[0m
[0m[34m261[0m [0m[34mâ”‚[0m [0m[31mâ”‚[0m [0m[34mâ”‚[0m [0m[31m                0, // creator_fee_percent[0m
    [0m[34mÂ·[0m [0m[31mâ”‚[0m [0m[34mâ”‚[0m
[0m[34m264[0m [0m[34mâ”‚[0m [0m[31mâ”‚[0m [0m[34mâ”‚[0m [0m[31m                ctx[0m
[0m[34m265[0m [0m[34mâ”‚[0m [0m[31mâ”‚[0m [0m[34mâ”‚[0m [0m[31m            )[0m;
    [0m[34mâ”‚[0m [0m[31mâ•°[0m[0m[31mâ”€[0m[0m[34mâ”‚[0m[0m[31mâ”€â”€â”€â”€â”€â”€â”€â”€â”€â”€â”€â”€â”€^ Invalid call of 'sui_amm::factory::create_pool'. The call expected 7 argument(s) but got 6[0m
    [0m[34mâ”‚[0m   [0m[34mâ•°[0m[0m[34mâ”€â”€â”€â”€â”€â”€â”€â”€â”€â”€â”€â”€â”€' Found 6 argument(s) here[0m
    [0m[34mâ”‚[0m    
    [0m[34mâ”Œâ”€[0m ./sources/factory.move:78:16
    [0m[34mâ”‚[0m
[0m[34m 78[0m [0m[34mâ”‚[0m     public fun create_pool<CoinA, CoinB>(
    [0m[34mâ”‚[0m                [0m[34m-----------[0m [0m[34mExpected 7 argument(s)[0m

[0m[1m[38;5;11mwarning[W09002][0m[1m: unused variable[0m
    [0m[34mâ”Œâ”€[0m ./tests/partial_removal_tests.move:283:17
    [0m[34mâ”‚[0m
[0m[34m283[0m [0m[34mâ”‚[0m             let [0m[33mclock[0m = clock::create_for_testing(ctx);
    [0m[34mâ”‚[0m                 [0m[33m^^^^^[0m [0m[33mUnused local variable 'clock'. Consider removing or prefixing with an underscore: '_clock'[0m
    [0m[34mâ”‚[0m
    [0m[34m=[0m This warning can be suppressed with '#[allow(unused_variable)]' applied to the 'module' or module member ('const', 'fun', or 'struct')

[0m[1m[38;5;9merror[E03002][0m[1m: unbound module[0m
    [0m[34mâ”Œâ”€[0m ./tests/partial_removal_tests.move:283:25
    [0m[34mâ”‚[0m
[0m[34m283[0m [0m[34mâ”‚[0m             let clock = [0m[31mclock[0m::create_for_testing(ctx);
    [0m[34mâ”‚[0m                         [0m[31m^^^^^[0m [0m[31mUnbound module alias 'clock'[0m

[0m[1m[38;5;9merror[E04007][0m[1m: incompatible types[0m
    [0m[34mâ”Œâ”€[0m ./tests/partial_removal_tests.move:288:36
    [0m[34mâ”‚[0m
[0m[34m288[0m [0m[34mâ”‚[0m             let (coin_a, coin_b) = [0m[31mpool::remove_liquidity_partial(pool, position, quarter, 0, 0, ctx)[0m;
    [0m[34mâ”‚[0m                                    [0m[31m^^^^^^^^^^^^^^^^^^^^^^^^^^^^^^^^^^^^^^^^^^^^^^^^^^^^^^^^^^^^^^^^^^[0m [0m[31mInvalid call of 'sui_amm::pool::remove_liquidity_partial'. Invalid argument for parameter 'clock'[0m
    [0m[34mâ”‚[0m
    [0m[34mâ”Œâ”€[0m /home/sati/.move/https___github_com_MystenLabs_sui_git_494fa6ede17f366f1cd850f01ccb9f42dc75c470/crates/sui-framework/packages/sui-framework/sources/test/test_scenario.move:370:47
    [0m[34mâ”‚[0m
[0m[34m370[0m [0m[34mâ”‚[0m public fun ctx(scenario: &mut Scenario): &mut TxContext {
    [0m[34mâ”‚[0m                                               [0m[34m---------[0m [0m[34mGiven: 'sui::tx_context::TxContext'[0m
    [0m[34mâ”‚[0m
    [0m[34mâ”Œâ”€[0m ./sources/pool.move:432:17
    [0m[34mâ”‚[0m
[0m[34m432[0m [0m[34mâ”‚[0m         clock: &Clock,
    [0m[34mâ”‚[0m                 [0m[34m-----[0m [0m[34mExpected: 'sui::clock::Clock'[0m

[0m[1m[38;5;9merror[E04016][0m[1m: too few arguments[0m
    [0m[34mâ”Œâ”€[0m ./tests/partial_removal_tests.move:288:36
    [0m[34mâ”‚[0m
[0m[34m288[0m [0m[34mâ”‚[0m             let (coin_a, coin_b) = [0m[31mpool::remove_liquidity_partial(pool, position, quarter, 0, 0, ctx)[0m;
    [0m[34mâ”‚[0m                                    [0m[31m^^^^^^^^^^^^^^^^^^^^^^^^^^^^^^^^^^^^^^^^^^^^^^^^^^^^^^^^^^^^^^^^^^[0m
    [0m[34mâ”‚[0m                                    [0m[31mâ”‚[0m                             [0m[34mâ”‚[0m
    [0m[34mâ”‚[0m                                    [0m[31mâ”‚[0m                             [0m[34mFound 6 argument(s) here[0m
    [0m[34mâ”‚[0m                                    [0m[31mInvalid call of 'sui_amm::pool::remove_liquidity_partial'. The call expected 8 argument(s) but got 6[0m
    [0m[34mâ”‚[0m
    [0m[34mâ”Œâ”€[0m ./sources/pool.move:426:16
    [0m[34mâ”‚[0m
[0m[34m426[0m [0m[34mâ”‚[0m     public fun remove_liquidity_partial<CoinA, CoinB>(
    [0m[34mâ”‚[0m                [0m[34m------------------------[0m [0m[34mExpected 8 argument(s)[0m

[0m[1m[38;5;11mwarning[W09002][0m[1m: unused variable[0m
    [0m[34mâ”Œâ”€[0m ./tests/partial_removal_tests.move:304:17
    [0m[34mâ”‚[0m
[0m[34m304[0m [0m[34mâ”‚[0m             let [0m[33mclock[0m = clock::create_for_testing(ctx);
    [0m[34mâ”‚[0m                 [0m[33m^^^^^[0m [0m[33mUnused local variable 'clock'. Consider removing or prefixing with an underscore: '_clock'[0m
    [0m[34mâ”‚[0m
    [0m[34m=[0m This warning can be suppressed with '#[allow(unused_variable)]' applied to the 'module' or module member ('const', 'fun', or 'struct')

[0m[1m[38;5;9merror[E03002][0m[1m: unbound module[0m
    [0m[34mâ”Œâ”€[0m ./tests/partial_removal_tests.move:304:25
    [0m[34mâ”‚[0m
[0m[34m304[0m [0m[34mâ”‚[0m             let clock = [0m[31mclock[0m::create_for_testing(ctx);
    [0m[34mâ”‚[0m                         [0m[31m^^^^^[0m [0m[31mUnbound module alias 'clock'[0m

[0m[1m[38;5;9merror[E04007][0m[1m: incompatible types[0m
    [0m[34mâ”Œâ”€[0m ./tests/partial_removal_tests.move:309:36
    [0m[34mâ”‚[0m
[0m[34m309[0m [0m[34mâ”‚[0m             let (coin_a, coin_b) = [0m[31mpool::remove_liquidity_partial(pool, position, quarter_of_remaining, 0, 0, ctx)[0m;
    [0m[34mâ”‚[0m                                    [0m[31m^^^^^^^^^^^^^^^^^^^^^^^^^^^^^^^^^^^^^^^^^^^^^^^^^^^^^^^^^^^^^^^^^^^^^^^^^^^^^^^[0m [0m[31mInvalid call of 'sui_amm::pool::remove_liquidity_partial'. Invalid argument for parameter 'clock'[0m
    [0m[34mâ”‚[0m
    [0m[34mâ”Œâ”€[0m /home/sati/.move/https___github_com_MystenLabs_sui_git_494fa6ede17f366f1cd850f01ccb9f42dc75c470/crates/sui-framework/packages/sui-framework/sources/test/test_scenario.move:370:47
    [0m[34mâ”‚[0m
[0m[34m370[0m [0m[34mâ”‚[0m public fun ctx(scenario: &mut Scenario): &mut TxContext {
    [0m[34mâ”‚[0m                                               [0m[34m---------[0m [0m[34mGiven: 'sui::tx_context::TxContext'[0m
    [0m[34mâ”‚[0m
    [0m[34mâ”Œâ”€[0m ./sources/pool.move:432:17
    [0m[34mâ”‚[0m
[0m[34m432[0m [0m[34mâ”‚[0m         clock: &Clock,
    [0m[34mâ”‚[0m                 [0m[34m-----[0m [0m[34mExpected: 'sui::clock::Clock'[0m

[0m[1m[38;5;9merror[E04016][0m[1m: too few arguments[0m
    [0m[34mâ”Œâ”€[0m ./tests/partial_removal_tests.move:309:36
    [0m[34mâ”‚[0m
[0m[34m309[0m [0m[34mâ”‚[0m             let (coin_a, coin_b) = [0m[31mpool::remove_liquidity_partial(pool, position, quarter_of_remaining, 0, 0, ctx)[0m;
    [0m[34mâ”‚[0m                                    [0m[31m^^^^^^^^^^^^^^^^^^^^^^^^^^^^^^^^^^^^^^^^^^^^^^^^^^^^^^^^^^^^^^^^^^^^^^^^^^^^^^^[0m
    [0m[34mâ”‚[0m                                    [0m[31mâ”‚[0m                             [0m[34mâ”‚[0m
    [0m[34mâ”‚[0m                                    [0m[31mâ”‚[0m                             [0m[34mFound 6 argument(s) here[0m
    [0m[34mâ”‚[0m                                    [0m[31mInvalid call of 'sui_amm::pool::remove_liquidity_partial'. The call expected 8 argument(s) but got 6[0m
    [0m[34mâ”‚[0m
    [0m[34mâ”Œâ”€[0m ./sources/pool.move:426:16
    [0m[34mâ”‚[0m
[0m[34m426[0m [0m[34mâ”‚[0m     public fun remove_liquidity_partial<CoinA, CoinB>(
    [0m[34mâ”‚[0m                [0m[34m------------------------[0m [0m[34mExpected 8 argument(s)[0m

[0m[1m[38;5;11mwarning[W09002][0m[1m: unused variable[0m
    [0m[34mâ”Œâ”€[0m ./tests/partial_removal_tests.move:333:17
    [0m[34mâ”‚[0m
[0m[34m333[0m [0m[34mâ”‚[0m             let [0m[33mclock[0m = clock::create_for_testing(ctx);
    [0m[34mâ”‚[0m                 [0m[33m^^^^^[0m [0m[33mUnused local variable 'clock'. Consider removing or prefixing with an underscore: '_clock'[0m
    [0m[34mâ”‚[0m
    [0m[34m=[0m This warning can be suppressed with '#[allow(unused_variable)]' applied to the 'module' or module member ('const', 'fun', or 'struct')

[0m[1m[38;5;9merror[E03002][0m[1m: unbound module[0m
    [0m[34mâ”Œâ”€[0m ./tests/partial_removal_tests.move:333:25
    [0m[34mâ”‚[0m
[0m[34m333[0m [0m[34mâ”‚[0m             let clock = [0m[31mclock[0m::create_for_testing(ctx);
    [0m[34mâ”‚[0m                         [0m[31m^^^^^[0m [0m[31mUnbound module alias 'clock'[0m

[0m[1m[38;5;11mwarning[W09002][0m[1m: unused variable[0m
    [0m[34mâ”Œâ”€[0m ./tests/partial_removal_tests.move:342:17
    [0m[34mâ”‚[0m
[0m[34m342[0m [0m[34mâ”‚[0m             let [0m[33mclock[0m = clock::create_for_testing(ctx);
    [0m[34mâ”‚[0m                 [0m[33m^^^^^[0m [0m[33mUnused local variable 'clock'. Consider removing or prefixing with an underscore: '_clock'[0m
    [0m[34mâ”‚[0m
    [0m[34m=[0m This warning can be suppressed with '#[allow(unused_variable)]' applied to the 'module' or module member ('const', 'fun', or 'struct')

[0m[1m[38;5;9merror[E03002][0m[1m: unbound module[0m
    [0m[34mâ”Œâ”€[0m ./tests/partial_removal_tests.move:342:25
    [0m[34mâ”‚[0m
[0m[34m342[0m [0m[34mâ”‚[0m             let clock = [0m[31mclock[0m::create_for_testing(ctx);
    [0m[34mâ”‚[0m                         [0m[31m^^^^^[0m [0m[31mUnbound module alias 'clock'[0m

[0m[1m[38;5;9merror[E04007][0m[1m: incompatible types[0m
    [0m[34mâ”Œâ”€[0m ./tests/partial_removal_tests.move:347:50
    [0m[34mâ”‚[0m  
[0m[34m347[0m [0m[34mâ”‚[0m               let (position, refund_a, refund_b) = [0m[31mfactory::create_pool([0m
    [0m[34mâ”‚[0m [0m[31mâ•­[0m[0m[31mâ”€â”€â”€â”€â”€â”€â”€â”€â”€â”€â”€â”€â”€â”€â”€â”€â”€â”€â”€â”€â”€â”€â”€â”€â”€â”€â”€â”€â”€â”€â”€â”€â”€â”€â”€â”€â”€â”€â”€â”€â”€â”€â”€â”€â”€â”€â”€â”€â”€â”€^[0m
[0m[34m348[0m [0m[34mâ”‚[0m [0m[31mâ”‚[0m [0m[31m                registry,[0m
[0m[34m349[0m [0m[34mâ”‚[0m [0m[31mâ”‚[0m [0m[31m                30,[0m
[0m[34m350[0m [0m[34mâ”‚[0m [0m[31mâ”‚[0m [0m[31m                0, // creator_fee_percent[0m
    [0m[34mÂ·[0m [0m[31mâ”‚[0m
[0m[34m353[0m [0m[34mâ”‚[0m [0m[31mâ”‚[0m [0m[31m                ctx[0m
[0m[34m354[0m [0m[34mâ”‚[0m [0m[31mâ”‚[0m [0m[31m            )[0m;
    [0m[34mâ”‚[0m [0m[31mâ•°[0m[0m[31mâ”€â”€â”€â”€â”€â”€â”€â”€â”€â”€â”€â”€â”€^ Invalid call of 'sui_amm::factory::create_pool'. Invalid argument for parameter 'clock'[0m
    [0m[34mâ”‚[0m  
    [0m[34mâ”Œâ”€[0m /home/sati/.move/https___github_com_MystenLabs_sui_git_494fa6ede17f366f1cd850f01ccb9f42dc75c470/crates/sui-framework/packages/sui-framework/sources/test/test_scenario.move:370:47
    [0m[34mâ”‚[0m
[0m[34m370[0m [0m[34mâ”‚[0m public fun ctx(scenario: &mut Scenario): &mut TxContext {
    [0m[34mâ”‚[0m                                               [0m[34m---------[0m [0m[34mGiven: 'sui::tx_context::TxContext'[0m
    [0m[34mâ”‚[0m
    [0m[34mâ”Œâ”€[0m ./sources/factory.move:84:17
    [0m[34mâ”‚[0m
[0m[34m 84[0m [0m[34mâ”‚[0m         clock: &sui::clock::Clock,
    [0m[34mâ”‚[0m                 [0m[34m-----------------[0m [0m[34mExpected: 'sui::clock::Clock'[0m

[0m[1m[38;5;9merror[E04016][0m[1m: too few arguments[0m
    [0m[34mâ”Œâ”€[0m ./tests/partial_removal_tests.move:347:50
    [0m[34mâ”‚[0m    
[0m[34m347[0m [0m[34mâ”‚[0m                 let (position, refund_a, refund_b) = [0m[31mfactory::create_pool([0m
    [0m[34mâ”‚[0m [0m[31mâ•­[0m[0m[31mâ”€â”€[0m[0m[31mâ”€â”€â”€â”€â”€â”€â”€â”€â”€â”€â”€â”€â”€â”€â”€â”€â”€â”€â”€â”€â”€â”€â”€â”€â”€â”€â”€â”€â”€â”€â”€â”€â”€â”€â”€â”€â”€â”€â”€â”€â”€â”€â”€â”€â”€â”€â”€â”€â”€â”€^[0m
    [0m[34mâ”‚[0m [0m[31mâ”‚[0m [0m[34mâ•­[0m[0m[34mâ”€â”€â”€â”€â”€â”€â”€â”€â”€â”€â”€â”€â”€â”€â”€â”€â”€â”€â”€â”€â”€â”€â”€â”€â”€â”€â”€â”€â”€â”€â”€â”€â”€â”€â”€â”€â”€â”€â”€â”€â”€â”€â”€â”€â”€â”€â”€â”€â”€â”€â”€â”€â”€â”€â”€â”€â”€â”€â”€â”€â”€â”€â”€â”€â”€â”€â”€â”€â”€â”€'[0m
[0m[34m348[0m [0m[34mâ”‚[0m [0m[31mâ”‚[0m [0m[34mâ”‚[0m [0m[31m                registry,[0m
[0m[34m349[0m [0m[34mâ”‚[0m [0m[31mâ”‚[0m [0m[34mâ”‚[0m [0m[31m                30,[0m
[0m[34m350[0m [0m[34mâ”‚[0m [0m[31mâ”‚[0m [0m[34mâ”‚[0m [0m[31m                0, // creator_fee_percent[0m
    [0m[34mÂ·[0m [0m[31mâ”‚[0m [0m[34mâ”‚[0m
[0m[34m353[0m [0m[34mâ”‚[0m [0m[31mâ”‚[0m [0m[34mâ”‚[0m [0m[31m                ctx[0m
[0m[34m354[0m [0m[34mâ”‚[0m [0m[31mâ”‚[0m [0m[34mâ”‚[0m [0m[31m            )[0m;
    [0m[34mâ”‚[0m [0m[31mâ•°[0m[0m[31mâ”€[0m[0m[34mâ”‚[0m[0m[31mâ”€â”€â”€â”€â”€â”€â”€â”€â”€â”€â”€â”€â”€^ Invalid call of 'sui_amm::factory::create_pool'. The call expected 7 argument(s) but got 6[0m
    [0m[34mâ”‚[0m   [0m[34mâ•°[0m[0m[34mâ”€â”€â”€â”€â”€â”€â”€â”€â”€â”€â”€â”€â”€' Found 6 argument(s) here[0m
    [0m[34mâ”‚[0m    
    [0m[34mâ”Œâ”€[0m ./sources/factory.move:78:16
    [0m[34mâ”‚[0m
[0m[34m 78[0m [0m[34mâ”‚[0m     public fun create_pool<CoinA, CoinB>(
    [0m[34mâ”‚[0m                [0m[34m-----------[0m [0m[34mExpected 7 argument(s)[0m

[0m[1m[38;5;11mwarning[W09002][0m[1m: unused variable[0m
    [0m[34mâ”Œâ”€[0m ./tests/partial_removal_tests.move:370:17
    [0m[34mâ”‚[0m
[0m[34m370[0m [0m[34mâ”‚[0m             let [0m[33mclock[0m = clock::create_for_testing(ctx);
    [0m[34mâ”‚[0m                 [0m[33m^^^^^[0m [0m[33mUnused local variable 'clock'. Consider removing or prefixing with an underscore: '_clock'[0m
    [0m[34mâ”‚[0m
    [0m[34m=[0m This warning can be suppressed with '#[allow(unused_variable)]' applied to the 'module' or module member ('const', 'fun', or 'struct')

[0m[1m[38;5;9merror[E03002][0m[1m: unbound module[0m
    [0m[34mâ”Œâ”€[0m ./tests/partial_removal_tests.move:370:25
    [0m[34mâ”‚[0m
[0m[34m370[0m [0m[34mâ”‚[0m             let clock = [0m[31mclock[0m::create_for_testing(ctx);
    [0m[34mâ”‚[0m                         [0m[31m^^^^^[0m [0m[31mUnbound module alias 'clock'[0m

[0m[1m[38;5;9merror[E04007][0m[1m: incompatible types[0m
    [0m[34mâ”Œâ”€[0m ./tests/partial_removal_tests.move:375:36
    [0m[34mâ”‚[0m
[0m[34m375[0m [0m[34mâ”‚[0m             let (coin_a, coin_b) = [0m[31mpool::remove_liquidity_partial(pool, position, too_much, 0, 0, ctx)[0m;
    [0m[34mâ”‚[0m                                    [0m[31m^^^^^^^^^^^^^^^^^^^^^^^^^^^^^^^^^^^^^^^^^^^^^^^^^^^^^^^^^^^^^^^^^^^[0m [0m[31mInvalid call of 'sui_amm::pool::remove_liquidity_partial'. Invalid argument for parameter 'clock'[0m
    [0m[34mâ”‚[0m
    [0m[34mâ”Œâ”€[0m /home/sati/.move/https___github_com_MystenLabs_sui_git_494fa6ede17f366f1cd850f01ccb9f42dc75c470/crates/sui-framework/packages/sui-framework/sources/test/test_scenario.move:370:47
    [0m[34mâ”‚[0m
[0m[34m370[0m [0m[34mâ”‚[0m public fun ctx(scenario: &mut Scenario): &mut TxContext {
    [0m[34mâ”‚[0m                                               [0m[34m---------[0m [0m[34mGiven: 'sui::tx_context::TxContext'[0m
    [0m[34mâ”‚[0m
    [0m[34mâ”Œâ”€[0m ./sources/pool.move:432:17
    [0m[34mâ”‚[0m
[0m[34m432[0m [0m[34mâ”‚[0m         clock: &Clock,
    [0m[34mâ”‚[0m                 [0m[34m-----[0m [0m[34mExpected: 'sui::clock::Clock'[0m

[0m[1m[38;5;9merror[E04016][0m[1m: too few arguments[0m
    [0m[34mâ”Œâ”€[0m ./tests/partial_removal_tests.move:375:36
    [0m[34mâ”‚[0m
[0m[34m375[0m [0m[34mâ”‚[0m             let (coin_a, coin_b) = [0m[31mpool::remove_liquidity_partial(pool, position, too_much, 0, 0, ctx)[0m;
    [0m[34mâ”‚[0m                                    [0m[31m^^^^^^^^^^^^^^^^^^^^^^^^^^^^^^^^^^^^^^^^^^^^^^^^^^^^^^^^^^^^^^^^^^^[0m
    [0m[34mâ”‚[0m                                    [0m[31mâ”‚[0m                             [0m[34mâ”‚[0m
    [0m[34mâ”‚[0m                                    [0m[31mâ”‚[0m                             [0m[34mFound 6 argument(s) here[0m
    [0m[34mâ”‚[0m                                    [0m[31mInvalid call of 'sui_amm::pool::remove_liquidity_partial'. The call expected 8 argument(s) but got 6[0m
    [0m[34mâ”‚[0m
    [0m[34mâ”Œâ”€[0m ./sources/pool.move:426:16
    [0m[34mâ”‚[0m
[0m[34m426[0m [0m[34mâ”‚[0m     public fun remove_liquidity_partial<CoinA, CoinB>(
    [0m[34mâ”‚[0m                [0m[34m------------------------[0m [0m[34mExpected 8 argument(s)[0m

[0m[1m[38;5;9merror[E04004][0m[1m: expected a single non-reference type[0m
   [0m[34mâ”Œâ”€[0m ./tests/feature_tests.move:38:68
   [0m[34mâ”‚[0m
[0m[34m24[0m [0m[34mâ”‚[0m         let scenario = &mut scenario_val;
   [0m[34mâ”‚[0m                        [0m[34m-----------------[0m [0m[34mExpected a single non-reference type, but found: '&mut sui::test_scenario::Scenario'[0m
   [0m[34mÂ·[0m
[0m[34m38[0m [0m[34mâ”‚[0m             let pool = ts::take_shared<StableSwapPool<USDC, USDT>>([0m[31m&scenario[0m);
   [0m[34mâ”‚[0m                                                                    [0m[31m^^^^^^^^^[0m [0m[31mInvalid borrow[0m

[0m[1m[38;5;9merror[E04007][0m[1m: incompatible types[0m
    [0m[34mâ”Œâ”€[0m ./tests/feature_tests.move:45:40
    [0m[34mâ”‚[0m
[0m[34m 38[0m [0m[34mâ”‚[0m             let pool = ts::take_shared<StableSwapPool<USDC, USDT>>(&scenario);
    [0m[34mâ”‚[0m                                        [0m[34m--------------------------[0m [0m[34mGiven: 'sui_amm::stable_pool::StableSwapPool<sui_amm::feature_tests::USDC, sui_amm::feature_tests::USDT>'[0m
    [0m[34mÂ·[0m
[0m[34m 45[0m [0m[34mâ”‚[0m             let (position, r_a, r_b) = [0m[31mstable_pool::add_liquidity(pool, coin_a, coin_b, 0, &clock, 18446744073709551615, ts::ctx(scenario))[0m;
    [0m[34mâ”‚[0m                                        [0m[31m^^^^^^^^^^^^^^^^^^^^^^^^^^^^^^^^^^^^^^^^^^^^^^^^^^^^^^^^^^^^^^^^^^^^^^^^^^^^^^^^^^^^^^^^^^^^^^^^^^^^[0m [0m[31mInvalid call of 'sui_amm::stable_pool::add_liquidity'. Invalid argument for parameter 'pool'[0m
    [0m[34mâ”‚[0m
    [0m[34mâ”Œâ”€[0m ./sources/stable_pool.move:148:15
    [0m[34mâ”‚[0m
[0m[34m148[0m [0m[34mâ”‚[0m         pool: &mut StableSwapPool<CoinA, CoinB>,
    [0m[34mâ”‚[0m               [0m[34m---------------------------------[0m [0m[34mExpected: '&mut sui_amm::stable_pool::StableSwapPool<_, _>'[0m

[0m[1m[38;5;9merror[E03009][0m[1m: unbound variable[0m
   [0m[34mâ”Œâ”€[0m ./tests/feature_tests.move:51:31
   [0m[34mâ”‚[0m
[0m[34m51[0m [0m[34mâ”‚[0m             ts::return_shared([0m[31mpool_val[0m);
   [0m[34mâ”‚[0m                               [0m[31m^^^^^^^^[0m [0m[31mUnbound variable 'pool_val'[0m

[0m[1m[38;5;9merror[E03009][0m[1m: unbound variable[0m
    [0m[34mâ”Œâ”€[0m ./tests/feature_tests.move:286:91
    [0m[34mâ”‚[0m
[0m[34m286[0m [0m[34mâ”‚[0m             let (position, r_a, r_b) = pool::add_liquidity(&mut pool, coin_a, coin_b, 0, &[0m[31mclock[0m, 18446744073709551615, ts::ctx(scenario));
    [0m[34mâ”‚[0m                                                                                           [0m[31m^^^^^[0m [0m[31mUnbound variable 'clock'[0m

[0m[1m[38;5;9merror[E03009][0m[1m: unbound variable[0m
    [0m[34mâ”Œâ”€[0m ./tests/feature_tests.move:311:18
    [0m[34mâ”‚[0m
[0m[34m311[0m [0m[34mâ”‚[0m                 &[0m[31mclock[0m,
    [0m[34mâ”‚[0m                  [0m[31m^^^^^[0m [0m[31mUnbound variable 'clock'[0m

[0m[1m[38;5;11mwarning[W09002][0m[1m: unused variable[0m
   [0m[34mâ”Œâ”€[0m ./sources/amm_tests.move:39:17
   [0m[34mâ”‚[0m
[0m[34m39[0m [0m[34mâ”‚[0m             let [0m[33mclock[0m = clock::create_for_testing(ctx);
   [0m[34mâ”‚[0m                 [0m[33m^^^^^[0m [0m[33mUnused local variable 'clock'. Consider removing or prefixing with an underscore: '_clock'[0m
   [0m[34mâ”‚[0m
   [0m[34m=[0m This warning can be suppressed with '#[allow(unused_variable)]' applied to the 'module' or module member ('const', 'fun', or 'struct')

[0m[1m[38;5;11mwarning[W09002][0m[1m: unused variable[0m
    [0m[34mâ”Œâ”€[0m ./sources/amm_tests.move:115:17
    [0m[34mâ”‚[0m
[0m[34m115[0m [0m[34mâ”‚[0m             let [0m[33mclock[0m = clock::create_for_testing(ctx);
    [0m[34mâ”‚[0m                 [0m[33m^^^^^[0m [0m[33mUnused local variable 'clock'. Consider removing or prefixing with an underscore: '_clock'[0m
    [0m[34mâ”‚[0m
    [0m[34m=[0m This warning can be suppressed with '#[allow(unused_variable)]' applied to the 'module' or module member ('const', 'fun', or 'struct')

[0m[1m[38;5;11mwarning[W09002][0m[1m: unused variable[0m
    [0m[34mâ”Œâ”€[0m ./sources/amm_tests.move:144:17
    [0m[34mâ”‚[0m
[0m[34m144[0m [0m[34mâ”‚[0m             let [0m[33mclock[0m = clock::create_for_testing(ctx);
    [0m[34mâ”‚[0m                 [0m[33m^^^^^[0m [0m[33mUnused local variable 'clock'. Consider removing or prefixing with an underscore: '_clock'[0m
    [0m[34mâ”‚[0m
    [0m[34m=[0m This warning can be suppressed with '#[allow(unused_variable)]' applied to the 'module' or module member ('const', 'fun', or 'struct')

[0m[1m[38;5;11mwarning[W09002][0m[1m: unused variable[0m
    [0m[34mâ”Œâ”€[0m ./sources/amm_tests.move:202:17
    [0m[34mâ”‚[0m
[0m[34m202[0m [0m[34mâ”‚[0m             let [0m[33mclock[0m = clock::create_for_testing(ctx);
    [0m[34mâ”‚[0m                 [0m[33m^^^^^[0m [0m[33mUnused local variable 'clock'. Consider removing or prefixing with an underscore: '_clock'[0m
    [0m[34mâ”‚[0m
    [0m[34m=[0m This warning can be suppressed with '#[allow(unused_variable)]' applied to the 'module' or module member ('const', 'fun', or 'struct')

[0m[1m[38;5;11mwarning[W09002][0m[1m: unused variable[0m
    [0m[34mâ”Œâ”€[0m ./sources/amm_tests.move:292:17
    [0m[34mâ”‚[0m
[0m[34m292[0m [0m[34mâ”‚[0m             let [0m[33mclock[0m = clock::create_for_testing(ctx);
    [0m[34mâ”‚[0m                 [0m[33m^^^^^[0m [0m[33mUnused local variable 'clock'. Consider removing or prefixing with an underscore: '_clock'[0m
    [0m[34mâ”‚[0m
    [0m[34m=[0m This warning can be suppressed with '#[allow(unused_variable)]' applied to the 'module' or module member ('const', 'fun', or 'struct')

[0m[1m[38;5;11mwarning[W09002][0m[1m: unused variable[0m
    [0m[34mâ”Œâ”€[0m ./sources/amm_tests.move:335:17
    [0m[34mâ”‚[0m
[0m[34m335[0m [0m[34mâ”‚[0m             let [0m[33mclock[0m = clock::create_for_testing(ctx);
    [0m[34mâ”‚[0m                 [0m[33m^^^^^[0m [0m[33mUnused local variable 'clock'. Consider removing or prefixing with an underscore: '_clock'[0m
    [0m[34mâ”‚[0m
    [0m[34m=[0m This warning can be suppressed with '#[allow(unused_variable)]' applied to the 'module' or module member ('const', 'fun', or 'struct')

[0m[1m[38;5;11mwarning[W09002][0m[1m: unused variable[0m
   [0m[34mâ”Œâ”€[0m ./tests/edge_tests.move:28:17
   [0m[34mâ”‚[0m
[0m[34m28[0m [0m[34mâ”‚[0m             let [0m[33mclock[0m = clock::create_for_testing(ctx);
   [0m[34mâ”‚[0m                 [0m[33m^^^^^[0m [0m[33mUnused local variable 'clock'. Consider removing or prefixing with an underscore: '_clock'[0m
   [0m[34mâ”‚[0m
   [0m[34m=[0m This warning can be suppressed with '#[allow(unused_variable)]' applied to the 'module' or module member ('const', 'fun', or 'struct')

[0m[1m[38;5;11mwarning[W09002][0m[1m: unused variable[0m
   [0m[34mâ”Œâ”€[0m ./tests/edge_tests.move:98:17
   [0m[34mâ”‚[0m
[0m[34m98[0m [0m[34mâ”‚[0m             let [0m[33mclock[0m = clock::create_for_testing(ctx);
   [0m[34mâ”‚[0m                 [0m[33m^^^^^[0m [0m[33mUnused local variable 'clock'. Consider removing or prefixing with an underscore: '_clock'[0m
   [0m[34mâ”‚[0m
   [0m[34m=[0m This warning can be suppressed with '#[allow(unused_variable)]' applied to the 'module' or module member ('const', 'fun', or 'struct')

[0m[1m[38;5;11mwarning[W09002][0m[1m: unused variable[0m
   [0m[34mâ”Œâ”€[0m ./tests/slippage_edge_tests.move:25:17
   [0m[34mâ”‚[0m
[0m[34m25[0m [0m[34mâ”‚[0m             let [0m[33mclock[0m = clock::create_for_testing(ctx);
   [0m[34mâ”‚[0m                 [0m[33m^^^^^[0m [0m[33mUnused local variable 'clock'. Consider removing or prefixing with an underscore: '_clock'[0m
   [0m[34mâ”‚[0m
   [0m[34m=[0m This warning can be suppressed with '#[allow(unused_variable)]' applied to the 'module' or module member ('const', 'fun', or 'struct')

[0m[1m[38;5;11mwarning[W09002][0m[1m: unused variable[0m
   [0m[34mâ”Œâ”€[0m ./tests/slippage_edge_tests.move:79:17
   [0m[34mâ”‚[0m
[0m[34m79[0m [0m[34mâ”‚[0m             let [0m[33mclock[0m = clock::create_for_testing(ctx);
   [0m[34mâ”‚[0m                 [0m[33m^^^^^[0m [0m[33mUnused local variable 'clock'. Consider removing or prefixing with an underscore: '_clock'[0m
   [0m[34mâ”‚[0m
   [0m[34m=[0m This warning can be suppressed with '#[allow(unused_variable)]' applied to the 'module' or module member ('const', 'fun', or 'struct')

[0m[1m[38;5;11mwarning[W09002][0m[1m: unused variable[0m
    [0m[34mâ”Œâ”€[0m ./tests/slippage_edge_tests.move:133:17
    [0m[34mâ”‚[0m
[0m[34m133[0m [0m[34mâ”‚[0m             let [0m[33mclock[0m = clock::create_for_testing(ctx);
    [0m[34mâ”‚[0m                 [0m[33m^^^^^[0m [0m[33mUnused local variable 'clock'. Consider removing or prefixing with an underscore: '_clock'[0m
    [0m[34mâ”‚[0m
    [0m[34m=[0m This warning can be suppressed with '#[allow(unused_variable)]' applied to the 'module' or module member ('const', 'fun', or 'struct')

[0m[1m[38;5;11mwarning[W09002][0m[1m: unused variable[0m
   [0m[34mâ”Œâ”€[0m ./tests/concurrent_tests.move:27:17
   [0m[34mâ”‚[0m
[0m[34m27[0m [0m[34mâ”‚[0m             let [0m[33mclock[0m = clock::create_for_testing(ctx);
   [0m[34mâ”‚[0m                 [0m[33m^^^^^[0m [0m[33mUnused local variable 'clock'. Consider removing or prefixing with an underscore: '_clock'[0m
   [0m[34mâ”‚[0m
   [0m[34m=[0m This warning can be suppressed with '#[allow(unused_variable)]' applied to the 'module' or module member ('const', 'fun', or 'struct')

[0m[1m[38;5;11mwarning[W09002][0m[1m: unused variable[0m
   [0m[34mâ”Œâ”€[0m ./tests/concurrent_tests.move:37:17
   [0m[34mâ”‚[0m
[0m[34m37[0m [0m[34mâ”‚[0m             let [0m[33mclock[0m = clock::create_for_testing(ctx);
   [0m[34mâ”‚[0m                 [0m[33m^^^^^[0m [0m[33mUnused local variable 'clock'. Consider removing or prefixing with an underscore: '_clock'[0m
   [0m[34mâ”‚[0m
   [0m[34m=[0m This warning can be suppressed with '#[allow(unused_variable)]' applied to the 'module' or module member ('const', 'fun', or 'struct')

[0m[1m[38;5;9merror[E04007][0m[1m: incompatible types[0m
    [0m[34mâ”Œâ”€[0m ./tests/concurrent_tests.move:42:50
    [0m[34mâ”‚[0m  
[0m[34m 42[0m [0m[34mâ”‚[0m               let (position, refund_a, refund_b) = [0m[31mfactory::create_pool([0m
    [0m[34mâ”‚[0m [0m[31mâ•­[0m[0m[31mâ”€â”€â”€â”€â”€â”€â”€â”€â”€â”€â”€â”€â”€â”€â”€â”€â”€â”€â”€â”€â”€â”€â”€â”€â”€â”€â”€â”€â”€â”€â”€â”€â”€â”€â”€â”€â”€â”€â”€â”€â”€â”€â”€â”€â”€â”€â”€â”€â”€â”€^[0m
[0m[34m 43[0m [0m[34mâ”‚[0m [0m[31mâ”‚[0m [0m[31m                registry,[0m
[0m[34m 44[0m [0m[34mâ”‚[0m [0m[31mâ”‚[0m [0m[31m                30,[0m
[0m[34m 45[0m [0m[34mâ”‚[0m [0m[31mâ”‚[0m [0m[31m                0, // creator_fee_percent[0m
    [0m[34mÂ·[0m [0m[31mâ”‚[0m
[0m[34m 48[0m [0m[34mâ”‚[0m [0m[31mâ”‚[0m [0m[31m                ctx[0m
[0m[34m 49[0m [0m[34mâ”‚[0m [0m[31mâ”‚[0m [0m[31m            )[0m;
    [0m[34mâ”‚[0m [0m[31mâ•°[0m[0m[31mâ”€â”€â”€â”€â”€â”€â”€â”€â”€â”€â”€â”€â”€^ Invalid call of 'sui_amm::factory::create_pool'. Invalid argument for parameter 'clock'[0m
    [0m[34mâ”‚[0m  
    [0m[34mâ”Œâ”€[0m /home/sati/.move/https___github_com_MystenLabs_sui_git_494fa6ede17f366f1cd850f01ccb9f42dc75c470/crates/sui-framework/packages/sui-framework/sources/test/test_scenario.move:370:47
    [0m[34mâ”‚[0m
[0m[34m370[0m [0m[34mâ”‚[0m public fun ctx(scenario: &mut Scenario): &mut TxContext {
    [0m[34mâ”‚[0m                                               [0m[34m---------[0m [0m[34mGiven: 'sui::tx_context::TxContext'[0m
    [0m[34mâ”‚[0m
    [0m[34mâ”Œâ”€[0m ./sources/factory.move:84:17
    [0m[34mâ”‚[0m
[0m[34m 84[0m [0m[34mâ”‚[0m         clock: &sui::clock::Clock,
    [0m[34mâ”‚[0m                 [0m[34m-----------------[0m [0m[34mExpected: 'sui::clock::Clock'[0m

[0m[1m[38;5;9merror[E04016][0m[1m: too few arguments[0m
   [0m[34mâ”Œâ”€[0m ./tests/concurrent_tests.move:42:50
   [0m[34mâ”‚[0m    
[0m[34m42[0m [0m[34mâ”‚[0m                 let (position, refund_a, refund_b) = [0m[31mfactory::create_pool([0m
   [0m[34mâ”‚[0m [0m[31mâ•­[0m[0m[31mâ”€â”€[0m[0m[31mâ”€â”€â”€â”€â”€â”€â”€â”€â”€â”€â”€â”€â”€â”€â”€â”€â”€â”€â”€â”€â”€â”€â”€â”€â”€â”€â”€â”€â”€â”€â”€â”€â”€â”€â”€â”€â”€â”€â”€â”€â”€â”€â”€â”€â”€â”€â”€â”€â”€â”€^[0m
   [0m[34mâ”‚[0m [0m[31mâ”‚[0m [0m[34mâ•­[0m[0m[34mâ”€â”€â”€â”€â”€â”€â”€â”€â”€â”€â”€â”€â”€â”€â”€â”€â”€â”€â”€â”€â”€â”€â”€â”€â”€â”€â”€â”€â”€â”€â”€â”€â”€â”€â”€â”€â”€â”€â”€â”€â”€â”€â”€â”€â”€â”€â”€â”€â”€â”€â”€â”€â”€â”€â”€â”€â”€â”€â”€â”€â”€â”€â”€â”€â”€â”€â”€â”€â”€â”€'[0m
[0m[34m43[0m [0m[34mâ”‚[0m [0m[31mâ”‚[0m [0m[34mâ”‚[0m [0m[31m                registry,[0m
[0m[34m44[0m [0m[34mâ”‚[0m [0m[31mâ”‚[0m [0m[34mâ”‚[0m [0m[31m                30,[0m
[0m[34m45[0m [0m[34mâ”‚[0m [0m[31mâ”‚[0m [0m[34mâ”‚[0m [0m[31m                0, // creator_fee_percent[0m
   [0m[34mÂ·[0m [0m[31mâ”‚[0m [0m[34mâ”‚[0m
[0m[34m48[0m [0m[34mâ”‚[0m [0m[31mâ”‚[0m [0m[34mâ”‚[0m [0m[31m                ctx[0m
[0m[34m49[0m [0m[34mâ”‚[0m [0m[31mâ”‚[0m [0m[34mâ”‚[0m [0m[31m            )[0m;
   [0m[34mâ”‚[0m [0m[31mâ•°[0m[0m[31mâ”€[0m[0m[34mâ”‚[0m[0m[31mâ”€â”€â”€â”€â”€â”€â”€â”€â”€â”€â”€â”€â”€^ Invalid call of 'sui_amm::factory::create_pool'. The call expected 7 argument(s) but got 6[0m
   [0m[34mâ”‚[0m   [0m[34mâ•°[0m[0m[34mâ”€â”€â”€â”€â”€â”€â”€â”€â”€â”€â”€â”€â”€' Found 6 argument(s) here[0m
   [0m[34mâ”‚[0m    
   [0m[34mâ”Œâ”€[0m ./sources/factory.move:78:16
   [0m[34mâ”‚[0m
[0m[34m78[0m [0m[34mâ”‚[0m     public fun create_pool<CoinA, CoinB>(
   [0m[34mâ”‚[0m                [0m[34m-----------[0m [0m[34mExpected 7 argument(s)[0m

[0m[1m[38;5;11mwarning[W09002][0m[1m: unused variable[0m
    [0m[34mâ”Œâ”€[0m ./tests/concurrent_tests.move:106:17
    [0m[34mâ”‚[0m
[0m[34m106[0m [0m[34mâ”‚[0m             let [0m[33mclock[0m = clock::create_for_testing(ctx);
    [0m[34mâ”‚[0m                 [0m[33m^^^^^[0m [0m[33mUnused local variable 'clock'. Consider removing or prefixing with an underscore: '_clock'[0m
    [0m[34mâ”‚[0m
    [0m[34m=[0m This warning can be suppressed with '#[allow(unused_variable)]' applied to the 'module' or module member ('const', 'fun', or 'struct')

[0m[1m[38;5;11mwarning[W09002][0m[1m: unused variable[0m
    [0m[34mâ”Œâ”€[0m ./tests/concurrent_tests.move:116:17
    [0m[34mâ”‚[0m
[0m[34m116[0m [0m[34mâ”‚[0m             let [0m[33mclock[0m = clock::create_for_testing(ctx);
    [0m[34mâ”‚[0m                 [0m[33m^^^^^[0m [0m[33mUnused local variable 'clock'. Consider removing or prefixing with an underscore: '_clock'[0m
    [0m[34mâ”‚[0m
    [0m[34m=[0m This warning can be suppressed with '#[allow(unused_variable)]' applied to the 'module' or module member ('const', 'fun', or 'struct')

[0m[1m[38;5;9merror[E04007][0m[1m: incompatible types[0m
    [0m[34mâ”Œâ”€[0m ./tests/concurrent_tests.move:121:50
    [0m[34mâ”‚[0m  
[0m[34m121[0m [0m[34mâ”‚[0m               let (position, refund_a, refund_b) = [0m[31mfactory::create_pool([0m
    [0m[34mâ”‚[0m [0m[31mâ•­[0m[0m[31mâ”€â”€â”€â”€â”€â”€â”€â”€â”€â”€â”€â”€â”€â”€â”€â”€â”€â”€â”€â”€â”€â”€â”€â”€â”€â”€â”€â”€â”€â”€â”€â”€â”€â”€â”€â”€â”€â”€â”€â”€â”€â”€â”€â”€â”€â”€â”€â”€â”€â”€^[0m
[0m[34m122[0m [0m[34mâ”‚[0m [0m[31mâ”‚[0m [0m[31m                registry,[0m
[0m[34m123[0m [0m[34mâ”‚[0m [0m[31mâ”‚[0m [0m[31m                30,[0m
[0m[34m124[0m [0m[34mâ”‚[0m [0m[31mâ”‚[0m [0m[31m                0, // creator_fee_percent[0m
    [0m[34mÂ·[0m [0m[31mâ”‚[0m
[0m[34m127[0m [0m[34mâ”‚[0m [0m[31mâ”‚[0m [0m[31m                ctx[0m
[0m[34m128[0m [0m[34mâ”‚[0m [0m[31mâ”‚[0m [0m[31m            )[0m;
    [0m[34mâ”‚[0m [0m[31mâ•°[0m[0m[31mâ”€â”€â”€â”€â”€â”€â”€â”€â”€â”€â”€â”€â”€^ Invalid call of 'sui_amm::factory::create_pool'. Invalid argument for parameter 'clock'[0m
    [0m[34mâ”‚[0m  
    [0m[34mâ”Œâ”€[0m /home/sati/.move/https___github_com_MystenLabs_sui_git_494fa6ede17f366f1cd850f01ccb9f42dc75c470/crates/sui-framework/packages/sui-framework/sources/test/test_scenario.move:370:47
    [0m[34mâ”‚[0m
[0m[34m370[0m [0m[34mâ”‚[0m public fun ctx(scenario: &mut Scenario): &mut TxContext {
    [0m[34mâ”‚[0m                                               [0m[34m---------[0m [0m[34mGiven: 'sui::tx_context::TxContext'[0m
    [0m[34mâ”‚[0m
    [0m[34mâ”Œâ”€[0m ./sources/factory.move:84:17
    [0m[34mâ”‚[0m
[0m[34m 84[0m [0m[34mâ”‚[0m         clock: &sui::clock::Clock,
    [0m[34mâ”‚[0m                 [0m[34m-----------------[0m [0m[34mExpected: 'sui::clock::Clock'[0m

[0m[1m[38;5;9merror[E04016][0m[1m: too few arguments[0m
    [0m[34mâ”Œâ”€[0m ./tests/concurrent_tests.move:121:50
    [0m[34mâ”‚[0m    
[0m[34m121[0m [0m[34mâ”‚[0m                 let (position, refund_a, refund_b) = [0m[31mfactory::create_pool([0m
    [0m[34mâ”‚[0m [0m[31mâ•­[0m[0m[31mâ”€â”€[0m[0m[31mâ”€â”€â”€â”€â”€â”€â”€â”€â”€â”€â”€â”€â”€â”€â”€â”€â”€â”€â”€â”€â”€â”€â”€â”€â”€â”€â”€â”€â”€â”€â”€â”€â”€â”€â”€â”€â”€â”€â”€â”€â”€â”€â”€â”€â”€â”€â”€â”€â”€â”€^[0m
    [0m[34mâ”‚[0m [0m[31mâ”‚[0m [0m[34mâ•­[0m[0m[34mâ”€â”€â”€â”€â”€â”€â”€â”€â”€â”€â”€â”€â”€â”€â”€â”€â”€â”€â”€â”€â”€â”€â”€â”€â”€â”€â”€â”€â”€â”€â”€â”€â”€â”€â”€â”€â”€â”€â”€â”€â”€â”€â”€â”€â”€â”€â”€â”€â”€â”€â”€â”€â”€â”€â”€â”€â”€â”€â”€â”€â”€â”€â”€â”€â”€â”€â”€â”€â”€â”€'[0m
[0m[34m122[0m [0m[34mâ”‚[0m [0m[31mâ”‚[0m [0m[34mâ”‚[0m [0m[31m                registry,[0m
[0m[34m123[0m [0m[34mâ”‚[0m [0m[31mâ”‚[0m [0m[34mâ”‚[0m [0m[31m                30,[0m
[0m[34m124[0m [0m[34mâ”‚[0m [0m[31mâ”‚[0m [0m[34mâ”‚[0m [0m[31m                0, // creator_fee_percent[0m
    [0m[34mÂ·[0m [0m[31mâ”‚[0m [0m[34mâ”‚[0m
[0m[34m127[0m [0m[34mâ”‚[0m [0m[31mâ”‚[0m [0m[34mâ”‚[0m [0m[31m                ctx[0m
[0m[34m128[0m [0m[34mâ”‚[0m [0m[31mâ”‚[0m [0m[34mâ”‚[0m [0m[31m            )[0m;
    [0m[34mâ”‚[0m [0m[31mâ•°[0m[0m[31mâ”€[0m[0m[34mâ”‚[0m[0m[31mâ”€â”€â”€â”€â”€â”€â”€â”€â”€â”€â”€â”€â”€^ Invalid call of 'sui_amm::factory::create_pool'. The call expected 7 argument(s) but got 6[0m
    [0m[34mâ”‚[0m   [0m[34mâ•°[0m[0m[34mâ”€â”€â”€â”€â”€â”€â”€â”€â”€â”€â”€â”€â”€' Found 6 argument(s) here[0m
    [0m[34mâ”‚[0m    
    [0m[34mâ”Œâ”€[0m ./sources/factory.move:78:16
    [0m[34mâ”‚[0m
[0m[34m 78[0m [0m[34mâ”‚[0m     public fun create_pool<CoinA, CoinB>(
    [0m[34mâ”‚[0m                [0m[34m-----------[0m [0m[34mExpected 7 argument(s)[0m

[0m[1m[38;5;11mwarning[W09002][0m[1m: unused variable[0m
    [0m[34mâ”Œâ”€[0m ./tests/concurrent_tests.move:188:17
    [0m[34mâ”‚[0m
[0m[34m188[0m [0m[34mâ”‚[0m             let [0m[33mclock[0m = clock::create_for_testing(ctx);
    [0m[34mâ”‚[0m                 [0m[33m^^^^^[0m [0m[33mUnused local variable 'clock'. Consider removing or prefixing with an underscore: '_clock'[0m
    [0m[34mâ”‚[0m
    [0m[34m=[0m This warning can be suppressed with '#[allow(unused_variable)]' applied to the 'module' or module member ('const', 'fun', or 'struct')

[0m[1m[38;5;11mwarning[W09002][0m[1m: unused variable[0m
    [0m[34mâ”Œâ”€[0m ./tests/concurrent_tests.move:198:17
    [0m[34mâ”‚[0m
[0m[34m198[0m [0m[34mâ”‚[0m             let [0m[33mclock[0m = clock::create_for_testing(ctx);
    [0m[34mâ”‚[0m                 [0m[33m^^^^^[0m [0m[33mUnused local variable 'clock'. Consider removing or prefixing with an underscore: '_clock'[0m
    [0m[34mâ”‚[0m
    [0m[34m=[0m This warning can be suppressed with '#[allow(unused_variable)]' applied to the 'module' or module member ('const', 'fun', or 'struct')

[0m[1m[38;5;9merror[E04007][0m[1m: incompatible types[0m
    [0m[34mâ”Œâ”€[0m ./tests/concurrent_tests.move:203:50
    [0m[34mâ”‚[0m  
[0m[34m203[0m [0m[34mâ”‚[0m               let (position, refund_a, refund_b) = [0m[31mfactory::create_pool([0m
    [0m[34mâ”‚[0m [0m[31mâ•­[0m[0m[31mâ”€â”€â”€â”€â”€â”€â”€â”€â”€â”€â”€â”€â”€â”€â”€â”€â”€â”€â”€â”€â”€â”€â”€â”€â”€â”€â”€â”€â”€â”€â”€â”€â”€â”€â”€â”€â”€â”€â”€â”€â”€â”€â”€â”€â”€â”€â”€â”€â”€â”€^[0m
[0m[34m204[0m [0m[34mâ”‚[0m [0m[31mâ”‚[0m [0m[31m                registry,[0m
[0m[34m205[0m [0m[34mâ”‚[0m [0m[31mâ”‚[0m [0m[31m                30,[0m
[0m[34m206[0m [0m[34mâ”‚[0m [0m[31mâ”‚[0m [0m[31m                0, // creator_fee_percent[0m
    [0m[34mÂ·[0m [0m[31mâ”‚[0m
[0m[34m209[0m [0m[34mâ”‚[0m [0m[31mâ”‚[0m [0m[31m                ctx[0m
[0m[34m210[0m [0m[34mâ”‚[0m [0m[31mâ”‚[0m [0m[31m            )[0m;
    [0m[34mâ”‚[0m [0m[31mâ•°[0m[0m[31mâ”€â”€â”€â”€â”€â”€â”€â”€â”€â”€â”€â”€â”€^ Invalid call of 'sui_amm::factory::create_pool'. Invalid argument for parameter 'clock'[0m
    [0m[34mâ”‚[0m  
    [0m[34mâ”Œâ”€[0m /home/sati/.move/https___github_com_MystenLabs_sui_git_494fa6ede17f366f1cd850f01ccb9f42dc75c470/crates/sui-framework/packages/sui-framework/sources/test/test_scenario.move:370:47
    [0m[34mâ”‚[0m
[0m[34m370[0m [0m[34mâ”‚[0m public fun ctx(scenario: &mut Scenario): &mut TxContext {
    [0m[34mâ”‚[0m                                               [0m[34m---------[0m [0m[34mGiven: 'sui::tx_context::TxContext'[0m
    [0m[34mâ”‚[0m
    [0m[34mâ”Œâ”€[0m ./sources/factory.move:84:17
    [0m[34mâ”‚[0m
[0m[34m 84[0m [0m[34mâ”‚[0m         clock: &sui::clock::Clock,
    [0m[34mâ”‚[0m                 [0m[34m-----------------[0m [0m[34mExpected: 'sui::clock::Clock'[0m

[0m[1m[38;5;9merror[E04016][0m[1m: too few arguments[0m
    [0m[34mâ”Œâ”€[0m ./tests/concurrent_tests.move:203:50
    [0m[34mâ”‚[0m    
[0m[34m203[0m [0m[34mâ”‚[0m                 let (position, refund_a, refund_b) = [0m[31mfactory::create_pool([0m
    [0m[34mâ”‚[0m [0m[31mâ•­[0m[0m[31mâ”€â”€[0m[0m[31mâ”€â”€â”€â”€â”€â”€â”€â”€â”€â”€â”€â”€â”€â”€â”€â”€â”€â”€â”€â”€â”€â”€â”€â”€â”€â”€â”€â”€â”€â”€â”€â”€â”€â”€â”€â”€â”€â”€â”€â”€â”€â”€â”€â”€â”€â”€â”€â”€â”€â”€^[0m
    [0m[34mâ”‚[0m [0m[31mâ”‚[0m [0m[34mâ•­[0m[0m[34mâ”€â”€â”€â”€â”€â”€â”€â”€â”€â”€â”€â”€â”€â”€â”€â”€â”€â”€â”€â”€â”€â”€â”€â”€â”€â”€â”€â”€â”€â”€â”€â”€â”€â”€â”€â”€â”€â”€â”€â”€â”€â”€â”€â”€â”€â”€â”€â”€â”€â”€â”€â”€â”€â”€â”€â”€â”€â”€â”€â”€â”€â”€â”€â”€â”€â”€â”€â”€â”€â”€'[0m
[0m[34m204[0m [0m[34mâ”‚[0m [0m[31mâ”‚[0m [0m[34mâ”‚[0m [0m[31m                registry,[0m
[0m[34m205[0m [0m[34mâ”‚[0m [0m[31mâ”‚[0m [0m[34mâ”‚[0m [0m[31m                30,[0m
[0m[34m206[0m [0m[34mâ”‚[0m [0m[31mâ”‚[0m [0m[34mâ”‚[0m [0m[31m                0, // creator_fee_percent[0m
    [0m[34mÂ·[0m [0m[31mâ”‚[0m [0m[34mâ”‚[0m
[0m[34m209[0m [0m[34mâ”‚[0m [0m[31mâ”‚[0m [0m[34mâ”‚[0m [0m[31m                ctx[0m
[0m[34m210[0m [0m[34mâ”‚[0m [0m[31mâ”‚[0m [0m[34mâ”‚[0m [0m[31m            )[0m;
    [0m[34mâ”‚[0m [0m[31mâ•°[0m[0m[31mâ”€[0m[0m[34mâ”‚[0m[0m[31mâ”€â”€â”€â”€â”€â”€â”€â”€â”€â”€â”€â”€â”€^ Invalid call of 'sui_amm::factory::create_pool'. The call expected 7 argument(s) but got 6[0m
    [0m[34mâ”‚[0m   [0m[34mâ•°[0m[0m[34mâ”€â”€â”€â”€â”€â”€â”€â”€â”€â”€â”€â”€â”€' Found 6 argument(s) here[0m
    [0m[34mâ”‚[0m    
    [0m[34mâ”Œâ”€[0m ./sources/factory.move:78:16
    [0m[34mâ”‚[0m
[0m[34m 78[0m [0m[34mâ”‚[0m     public fun create_pool<CoinA, CoinB>(
    [0m[34mâ”‚[0m                [0m[34m-----------[0m [0m[34mExpected 7 argument(s)[0m

[0m[1m[38;5;11mwarning[W09002][0m[1m: unused variable[0m
   [0m[34mâ”Œâ”€[0m ./tests/il_tests.move:28:17
   [0m[34mâ”‚[0m
[0m[34m28[0m [0m[34mâ”‚[0m             let [0m[33mclock[0m = clock::create_for_testing(ctx);
   [0m[34mâ”‚[0m                 [0m[33m^^^^^[0m [0m[33mUnused local variable 'clock'. Consider removing or prefixing with an underscore: '_clock'[0m
   [0m[34mâ”‚[0m
   [0m[34m=[0m This warning can be suppressed with '#[allow(unused_variable)]' applied to the 'module' or module member ('const', 'fun', or 'struct')

[0m[1m[38;5;9merror[E04007][0m[1m: incompatible types[0m
    [0m[34mâ”Œâ”€[0m ./tests/security_tests.move:42:50
    [0m[34mâ”‚[0m  
[0m[34m 42[0m [0m[34mâ”‚[0m               let (position, refund_a, refund_b) = [0m[31mpool::add_liquidity([0m
    [0m[34mâ”‚[0m [0m[31mâ•­[0m[0m[31mâ”€â”€â”€â”€â”€â”€â”€â”€â”€â”€â”€â”€â”€â”€â”€â”€â”€â”€â”€â”€â”€â”€â”€â”€â”€â”€â”€â”€â”€â”€â”€â”€â”€â”€â”€â”€â”€â”€â”€â”€â”€â”€â”€â”€â”€â”€â”€â”€â”€â”€^[0m
[0m[34m 43[0m [0m[34mâ”‚[0m [0m[31mâ”‚[0m [0m[31m                &mut pool,[0m
[0m[34m 44[0m [0m[34mâ”‚[0m [0m[31mâ”‚[0m [0m[31m                coin_a,[0m
[0m[34m 45[0m [0m[34mâ”‚[0m [0m[31mâ”‚[0m [0m[31m                coin_b,[0m
[0m[34m 46[0m [0m[34mâ”‚[0m [0m[31mâ”‚[0m [0m[31m                0,[0m
[0m[34m 47[0m [0m[34mâ”‚[0m [0m[31mâ”‚[0m [0m[31m                ts::ctx(scenario)[0m
[0m[34m 48[0m [0m[34mâ”‚[0m [0m[31mâ”‚[0m [0m[31m            )[0m;
    [0m[34mâ”‚[0m [0m[31mâ•°[0m[0m[31mâ”€â”€â”€â”€â”€â”€â”€â”€â”€â”€â”€â”€â”€^ Invalid call of 'sui_amm::pool::add_liquidity'. Invalid argument for parameter 'clock'[0m
    [0m[34mâ”‚[0m  
    [0m[34mâ”Œâ”€[0m /home/sati/.move/https___github_com_MystenLabs_sui_git_494fa6ede17f366f1cd850f01ccb9f42dc75c470/crates/sui-framework/packages/sui-framework/sources/test/test_scenario.move:370:47
    [0m[34mâ”‚[0m
[0m[34m370[0m [0m[34mâ”‚[0m public fun ctx(scenario: &mut Scenario): &mut TxContext {
    [0m[34mâ”‚[0m                                               [0m[34m---------[0m [0m[34mGiven: 'sui::tx_context::TxContext'[0m
    [0m[34mâ”‚[0m
    [0m[34mâ”Œâ”€[0m ./sources/pool.move:158:17
    [0m[34mâ”‚[0m
[0m[34m158[0m [0m[34mâ”‚[0m         clock: &Clock,
    [0m[34mâ”‚[0m                 [0m[34m-----[0m [0m[34mExpected: 'sui::clock::Clock'[0m

[0m[1m[38;5;9merror[E04016][0m[1m: too few arguments[0m
    [0m[34mâ”Œâ”€[0m ./tests/security_tests.move:42:50
    [0m[34mâ”‚[0m    
[0m[34m 42[0m [0m[34mâ”‚[0m                 let (position, refund_a, refund_b) = [0m[31mpool::add_liquidity([0m
    [0m[34mâ”‚[0m [0m[31mâ•­[0m[0m[31mâ”€â”€[0m[0m[31mâ”€â”€â”€â”€â”€â”€â”€â”€â”€â”€â”€â”€â”€â”€â”€â”€â”€â”€â”€â”€â”€â”€â”€â”€â”€â”€â”€â”€â”€â”€â”€â”€â”€â”€â”€â”€â”€â”€â”€â”€â”€â”€â”€â”€â”€â”€â”€â”€â”€â”€^[0m
    [0m[34mâ”‚[0m [0m[31mâ”‚[0m [0m[34mâ•­[0m[0m[34mâ”€â”€â”€â”€â”€â”€â”€â”€â”€â”€â”€â”€â”€â”€â”€â”€â”€â”€â”€â”€â”€â”€â”€â”€â”€â”€â”€â”€â”€â”€â”€â”€â”€â”€â”€â”€â”€â”€â”€â”€â”€â”€â”€â”€â”€â”€â”€â”€â”€â”€â”€â”€â”€â”€â”€â”€â”€â”€â”€â”€â”€â”€â”€â”€â”€â”€â”€â”€â”€'[0m
[0m[34m 43[0m [0m[34mâ”‚[0m [0m[31mâ”‚[0m [0m[34mâ”‚[0m [0m[31m                &mut pool,[0m
[0m[34m 44[0m [0m[34mâ”‚[0m [0m[31mâ”‚[0m [0m[34mâ”‚[0m [0m[31m                coin_a,[0m
[0m[34m 45[0m [0m[34mâ”‚[0m [0m[31mâ”‚[0m [0m[34mâ”‚[0m [0m[31m                coin_b,[0m
[0m[34m 46[0m [0m[34mâ”‚[0m [0m[31mâ”‚[0m [0m[34mâ”‚[0m [0m[31m                0,[0m
[0m[34m 47[0m [0m[34mâ”‚[0m [0m[31mâ”‚[0m [0m[34mâ”‚[0m [0m[31m                ts::ctx(scenario)[0m
[0m[34m 48[0m [0m[34mâ”‚[0m [0m[31mâ”‚[0m [0m[34mâ”‚[0m [0m[31m            )[0m;
    [0m[34mâ”‚[0m [0m[31mâ•°[0m[0m[31mâ”€[0m[0m[34mâ”‚[0m[0m[31mâ”€â”€â”€â”€â”€â”€â”€â”€â”€â”€â”€â”€â”€^ Invalid call of 'sui_amm::pool::add_liquidity'. The call expected 7 argument(s) but got 5[0m
    [0m[34mâ”‚[0m   [0m[34mâ•°[0m[0m[34mâ”€â”€â”€â”€â”€â”€â”€â”€â”€â”€â”€â”€â”€' Found 5 argument(s) here[0m
    [0m[34mâ”‚[0m    
    [0m[34mâ”Œâ”€[0m ./sources/pool.move:153:16
    [0m[34mâ”‚[0m
[0m[34m153[0m [0m[34mâ”‚[0m     public fun add_liquidity<CoinA, CoinB>(
    [0m[34mâ”‚[0m                [0m[34m-------------[0m [0m[34mExpected 7 argument(s)[0m

[0m[1m[38;5;9merror[E04007][0m[1m: incompatible types[0m
    [0m[34mâ”Œâ”€[0m ./tests/security_tests.move:127:50
    [0m[34mâ”‚[0m  
[0m[34m127[0m [0m[34mâ”‚[0m               let (position, refund_a, refund_b) = [0m[31mpool::add_liquidity([0m
    [0m[34mâ”‚[0m [0m[31mâ•­[0m[0m[31mâ”€â”€â”€â”€â”€â”€â”€â”€â”€â”€â”€â”€â”€â”€â”€â”€â”€â”€â”€â”€â”€â”€â”€â”€â”€â”€â”€â”€â”€â”€â”€â”€â”€â”€â”€â”€â”€â”€â”€â”€â”€â”€â”€â”€â”€â”€â”€â”€â”€â”€^[0m
[0m[34m128[0m [0m[34mâ”‚[0m [0m[31mâ”‚[0m [0m[31m                &mut pool,[0m
[0m[34m129[0m [0m[34mâ”‚[0m [0m[31mâ”‚[0m [0m[31m                coin_a,[0m
[0m[34m130[0m [0m[34mâ”‚[0m [0m[31mâ”‚[0m [0m[31m                coin_b,[0m
[0m[34m131[0m [0m[34mâ”‚[0m [0m[31mâ”‚[0m [0m[31m                0,[0m
[0m[34m132[0m [0m[34mâ”‚[0m [0m[31mâ”‚[0m [0m[31m                ts::ctx(scenario)[0m
[0m[34m133[0m [0m[34mâ”‚[0m [0m[31mâ”‚[0m [0m[31m            )[0m;
    [0m[34mâ”‚[0m [0m[31mâ•°[0m[0m[31mâ”€â”€â”€â”€â”€â”€â”€â”€â”€â”€â”€â”€â”€^ Invalid call of 'sui_amm::pool::add_liquidity'. Invalid argument for parameter 'clock'[0m
    [0m[34mâ”‚[0m  
    [0m[34mâ”Œâ”€[0m /home/sati/.move/https___github_com_MystenLabs_sui_git_494fa6ede17f366f1cd850f01ccb9f42dc75c470/crates/sui-framework/packages/sui-framework/sources/test/test_scenario.move:370:47
    [0m[34mâ”‚[0m
[0m[34m370[0m [0m[34mâ”‚[0m public fun ctx(scenario: &mut Scenario): &mut TxContext {
    [0m[34mâ”‚[0m                                               [0m[34m---------[0m [0m[34mGiven: 'sui::tx_context::TxContext'[0m
    [0m[34mâ”‚[0m
    [0m[34mâ”Œâ”€[0m ./sources/pool.move:158:17
    [0m[34mâ”‚[0m
[0m[34m158[0m [0m[34mâ”‚[0m         clock: &Clock,
    [0m[34mâ”‚[0m                 [0m[34m-----[0m [0m[34mExpected: 'sui::clock::Clock'[0m

[0m[1m[38;5;9merror[E04016][0m[1m: too few arguments[0m
    [0m[34mâ”Œâ”€[0m ./tests/security_tests.move:127:50
    [0m[34mâ”‚[0m    
[0m[34m127[0m [0m[34mâ”‚[0m                 let (position, refund_a, refund_b) = [0m[31mpool::add_liquidity([0m
    [0m[34mâ”‚[0m [0m[31mâ•­[0m[0m[31mâ”€â”€[0m[0m[31mâ”€â”€â”€â”€â”€â”€â”€â”€â”€â”€â”€â”€â”€â”€â”€â”€â”€â”€â”€â”€â”€â”€â”€â”€â”€â”€â”€â”€â”€â”€â”€â”€â”€â”€â”€â”€â”€â”€â”€â”€â”€â”€â”€â”€â”€â”€â”€â”€â”€â”€^[0m
    [0m[34mâ”‚[0m [0m[31mâ”‚[0m [0m[34mâ•­[0m[0m[34mâ”€â”€â”€â”€â”€â”€â”€â”€â”€â”€â”€â”€â”€â”€â”€â”€â”€â”€â”€â”€â”€â”€â”€â”€â”€â”€â”€â”€â”€â”€â”€â”€â”€â”€â”€â”€â”€â”€â”€â”€â”€â”€â”€â”€â”€â”€â”€â”€â”€â”€â”€â”€â”€â”€â”€â”€â”€â”€â”€â”€â”€â”€â”€â”€â”€â”€â”€â”€â”€'[0m
[0m[34m128[0m [0m[34mâ”‚[0m [0m[31mâ”‚[0m [0m[34mâ”‚[0m [0m[31m                &mut pool,[0m
[0m[34m129[0m [0m[34mâ”‚[0m [0m[31mâ”‚[0m [0m[34mâ”‚[0m [0m[31m                coin_a,[0m
[0m[34m130[0m [0m[34mâ”‚[0m [0m[31mâ”‚[0m [0m[34mâ”‚[0m [0m[31m                coin_b,[0m
[0m[34m131[0m [0m[34mâ”‚[0m [0m[31mâ”‚[0m [0m[34mâ”‚[0m [0m[31m                0,[0m
[0m[34m132[0m [0m[34mâ”‚[0m [0m[31mâ”‚[0m [0m[34mâ”‚[0m [0m[31m                ts::ctx(scenario)[0m
[0m[34m133[0m [0m[34mâ”‚[0m [0m[31mâ”‚[0m [0m[34mâ”‚[0m [0m[31m            )[0m;
    [0m[34mâ”‚[0m [0m[31mâ•°[0m[0m[31mâ”€[0m[0m[34mâ”‚[0m[0m[31mâ”€â”€â”€â”€â”€â”€â”€â”€â”€â”€â”€â”€â”€^ Invalid call of 'sui_amm::pool::add_liquidity'. The call expected 7 argument(s) but got 5[0m
    [0m[34mâ”‚[0m   [0m[34mâ•°[0m[0m[34mâ”€â”€â”€â”€â”€â”€â”€â”€â”€â”€â”€â”€â”€' Found 5 argument(s) here[0m
    [0m[34mâ”‚[0m    
    [0m[34mâ”Œâ”€[0m ./sources/pool.move:153:16
    [0m[34mâ”‚[0m
[0m[34m153[0m [0m[34mâ”‚[0m     public fun add_liquidity<CoinA, CoinB>(
    [0m[34mâ”‚[0m                [0m[34m-------------[0m [0m[34mExpected 7 argument(s)[0m

[0m[1m[38;5;9merror[E04007][0m[1m: incompatible types[0m
    [0m[34mâ”Œâ”€[0m ./tests/security_tests.move:157:36
    [0m[34mâ”‚[0m  
[0m[34m157[0m [0m[34mâ”‚[0m               let (coin_a, coin_b) = [0m[31mpool::remove_liquidity_partial([0m
    [0m[34mâ”‚[0m [0m[31mâ•­[0m[0m[31mâ”€â”€â”€â”€â”€â”€â”€â”€â”€â”€â”€â”€â”€â”€â”€â”€â”€â”€â”€â”€â”€â”€â”€â”€â”€â”€â”€â”€â”€â”€â”€â”€â”€â”€â”€â”€^[0m
[0m[34m158[0m [0m[34mâ”‚[0m [0m[31mâ”‚[0m [0m[31m                pool,[0m
[0m[34m159[0m [0m[34mâ”‚[0m [0m[31mâ”‚[0m [0m[31m                position,[0m
[0m[34m160[0m [0m[34mâ”‚[0m [0m[31mâ”‚[0m [0m[31m                remove_amount,[0m
    [0m[34mÂ·[0m [0m[31mâ”‚[0m
[0m[34m163[0m [0m[34mâ”‚[0m [0m[31mâ”‚[0m [0m[31m                ts::ctx(scenario)[0m
[0m[34m164[0m [0m[34mâ”‚[0m [0m[31mâ”‚[0m [0m[31m            )[0m;
    [0m[34mâ”‚[0m [0m[31mâ•°[0m[0m[31mâ”€â”€â”€â”€â”€â”€â”€â”€â”€â”€â”€â”€â”€^ Invalid call of 'sui_amm::pool::remove_liquidity_partial'. Invalid argument for parameter 'clock'[0m
    [0m[34mâ”‚[0m  
    [0m[34mâ”Œâ”€[0m /home/sati/.move/https___github_com_MystenLabs_sui_git_494fa6ede17f366f1cd850f01ccb9f42dc75c470/crates/sui-framework/packages/sui-framework/sources/test/test_scenario.move:370:47
    [0m[34mâ”‚[0m
[0m[34m370[0m [0m[34mâ”‚[0m public fun ctx(scenario: &mut Scenario): &mut TxContext {
    [0m[34mâ”‚[0m                                               [0m[34m---------[0m [0m[34mGiven: 'sui::tx_context::TxContext'[0m
    [0m[34mâ”‚[0m
    [0m[34mâ”Œâ”€[0m ./sources/pool.move:432:17
    [0m[34mâ”‚[0m
[0m[34m432[0m [0m[34mâ”‚[0m         clock: &Clock,
    [0m[34mâ”‚[0m                 [0m[34m-----[0m [0m[34mExpected: 'sui::clock::Clock'[0m

[0m[1m[38;5;9merror[E04016][0m[1m: too few arguments[0m
    [0m[34mâ”Œâ”€[0m ./tests/security_tests.move:157:36
    [0m[34mâ”‚[0m    
[0m[34m157[0m [0m[34mâ”‚[0m                 let (coin_a, coin_b) = [0m[31mpool::remove_liquidity_partial([0m
    [0m[34mâ”‚[0m [0m[31mâ•­[0m[0m[31mâ”€â”€[0m[0m[31mâ”€â”€â”€â”€â”€â”€â”€â”€â”€â”€â”€â”€â”€â”€â”€â”€â”€â”€â”€â”€â”€â”€â”€â”€â”€â”€â”€â”€â”€â”€â”€â”€â”€â”€â”€â”€^[0m
    [0m[34mâ”‚[0m [0m[31mâ”‚[0m [0m[34mâ•­[0m[0m[34mâ”€â”€â”€â”€â”€â”€â”€â”€â”€â”€â”€â”€â”€â”€â”€â”€â”€â”€â”€â”€â”€â”€â”€â”€â”€â”€â”€â”€â”€â”€â”€â”€â”€â”€â”€â”€â”€â”€â”€â”€â”€â”€â”€â”€â”€â”€â”€â”€â”€â”€â”€â”€â”€â”€â”€â”€â”€â”€â”€â”€â”€â”€â”€â”€â”€â”€'[0m
[0m[34m158[0m [0m[34mâ”‚[0m [0m[31mâ”‚[0m [0m[34mâ”‚[0m [0m[31m                pool,[0m
[0m[34m159[0m [0m[34mâ”‚[0m [0m[31mâ”‚[0m [0m[34mâ”‚[0m [0m[31m                position,[0m
[0m[34m160[0m [0m[34mâ”‚[0m [0m[31mâ”‚[0m [0m[34mâ”‚[0m [0m[31m                remove_amount,[0m
    [0m[34mÂ·[0m [0m[31mâ”‚[0m [0m[34mâ”‚[0m
[0m[34m163[0m [0m[34mâ”‚[0m [0m[31mâ”‚[0m [0m[34mâ”‚[0m [0m[31m                ts::ctx(scenario)[0m
[0m[34m164[0m [0m[34mâ”‚[0m [0m[31mâ”‚[0m [0m[34mâ”‚[0m [0m[31m            )[0m;
    [0m[34mâ”‚[0m [0m[31mâ•°[0m[0m[31mâ”€[0m[0m[34mâ”‚[0m[0m[31mâ”€â”€â”€â”€â”€â”€â”€â”€â”€â”€â”€â”€â”€^ Invalid call of 'sui_amm::pool::remove_liquidity_partial'. The call expected 8 argument(s) but got 6[0m
    [0m[34mâ”‚[0m   [0m[34mâ•°[0m[0m[34mâ”€â”€â”€â”€â”€â”€â”€â”€â”€â”€â”€â”€â”€' Found 6 argument(s) here[0m
    [0m[34mâ”‚[0m    
    [0m[34mâ”Œâ”€[0m ./sources/pool.move:426:16
    [0m[34mâ”‚[0m
[0m[34m426[0m [0m[34mâ”‚[0m     public fun remove_liquidity_partial<CoinA, CoinB>(
    [0m[34mâ”‚[0m                [0m[34m------------------------[0m [0m[34mExpected 8 argument(s)[0m

[0m[1m[38;5;9merror[E04007][0m[1m: incompatible types[0m
    [0m[34mâ”Œâ”€[0m ./tests/security_tests.move:192:36
    [0m[34mâ”‚[0m  
[0m[34m192[0m [0m[34mâ”‚[0m               let (coin_a, coin_b) = [0m[31mpool::remove_liquidity_partial([0m
    [0m[34mâ”‚[0m [0m[31mâ•­[0m[0m[31mâ”€â”€â”€â”€â”€â”€â”€â”€â”€â”€â”€â”€â”€â”€â”€â”€â”€â”€â”€â”€â”€â”€â”€â”€â”€â”€â”€â”€â”€â”€â”€â”€â”€â”€â”€â”€^[0m
[0m[34m193[0m [0m[34mâ”‚[0m [0m[31mâ”‚[0m [0m[31m                pool,[0m
[0m[34m194[0m [0m[34mâ”‚[0m [0m[31mâ”‚[0m [0m[31m                position,[0m
[0m[34m195[0m [0m[34mâ”‚[0m [0m[31mâ”‚[0m [0m[31m                remove_amount,[0m
    [0m[34mÂ·[0m [0m[31mâ”‚[0m
[0m[34m198[0m [0m[34mâ”‚[0m [0m[31mâ”‚[0m [0m[31m                ts::ctx(scenario)[0m
[0m[34m199[0m [0m[34mâ”‚[0m [0m[31mâ”‚[0m [0m[31m            )[0m;
    [0m[34mâ”‚[0m [0m[31mâ•°[0m[0m[31mâ”€â”€â”€â”€â”€â”€â”€â”€â”€â”€â”€â”€â”€^ Invalid call of 'sui_amm::pool::remove_liquidity_partial'. Invalid argument for parameter 'clock'[0m
    [0m[34mâ”‚[0m  
    [0m[34mâ”Œâ”€[0m /home/sati/.move/https___github_com_MystenLabs_sui_git_494fa6ede17f366f1cd850f01ccb9f42dc75c470/crates/sui-framework/packages/sui-framework/sources/test/test_scenario.move:370:47
    [0m[34mâ”‚[0m
[0m[34m370[0m [0m[34mâ”‚[0m public fun ctx(scenario: &mut Scenario): &mut TxContext {
    [0m[34mâ”‚[0m                                               [0m[34m---------[0m [0m[34mGiven: 'sui::tx_context::TxContext'[0m
    [0m[34mâ”‚[0m
    [0m[34mâ”Œâ”€[0m ./sources/pool.move:432:17
    [0m[34mâ”‚[0m
[0m[34m432[0m [0m[34mâ”‚[0m         clock: &Clock,
    [0m[34mâ”‚[0m                 [0m[34m-----[0m [0m[34mExpected: 'sui::clock::Clock'[0m

[0m[1m[38;5;9merror[E04016][0m[1m: too few arguments[0m
    [0m[34mâ”Œâ”€[0m ./tests/security_tests.move:192:36
    [0m[34mâ”‚[0m    
[0m[34m192[0m [0m[34mâ”‚[0m                 let (coin_a, coin_b) = [0m[31mpool::remove_liquidity_partial([0m
    [0m[34mâ”‚[0m [0m[31mâ•­[0m[0m[31mâ”€â”€[0m[0m[31mâ”€â”€â”€â”€â”€â”€â”€â”€â”€â”€â”€â”€â”€â”€â”€â”€â”€â”€â”€â”€â”€â”€â”€â”€â”€â”€â”€â”€â”€â”€â”€â”€â”€â”€â”€â”€^[0m
    [0m[34mâ”‚[0m [0m[31mâ”‚[0m [0m[34mâ•­[0m[0m[34mâ”€â”€â”€â”€â”€â”€â”€â”€â”€â”€â”€â”€â”€â”€â”€â”€â”€â”€â”€â”€â”€â”€â”€â”€â”€â”€â”€â”€â”€â”€â”€â”€â”€â”€â”€â”€â”€â”€â”€â”€â”€â”€â”€â”€â”€â”€â”€â”€â”€â”€â”€â”€â”€â”€â”€â”€â”€â”€â”€â”€â”€â”€â”€â”€â”€â”€'[0m
[0m[34m193[0m [0m[34mâ”‚[0m [0m[31mâ”‚[0m [0m[34mâ”‚[0m [0m[31m                pool,[0m
[0m[34m194[0m [0m[34mâ”‚[0m [0m[31mâ”‚[0m [0m[34mâ”‚[0m [0m[31m                position,[0m
[0m[34m195[0m [0m[34mâ”‚[0m [0m[31mâ”‚[0m [0m[34mâ”‚[0m [0m[31m                remove_amount,[0m
    [0m[34mÂ·[0m [0m[31mâ”‚[0m [0m[34mâ”‚[0m
[0m[34m198[0m [0m[34mâ”‚[0m [0m[31mâ”‚[0m [0m[34mâ”‚[0m [0m[31m                ts::ctx(scenario)[0m
[0m[34m199[0m [0m[34mâ”‚[0m [0m[31mâ”‚[0m [0m[34mâ”‚[0m [0m[31m            )[0m;
    [0m[34mâ”‚[0m [0m[31mâ•°[0m[0m[31mâ”€[0m[0m[34mâ”‚[0m[0m[31mâ”€â”€â”€â”€â”€â”€â”€â”€â”€â”€â”€â”€â”€^ Invalid call of 'sui_amm::pool::remove_liquidity_partial'. The call expected 8 argument(s) but got 6[0m
    [0m[34mâ”‚[0m   [0m[34mâ•°[0m[0m[34mâ”€â”€â”€â”€â”€â”€â”€â”€â”€â”€â”€â”€â”€' Found 6 argument(s) here[0m
    [0m[34mâ”‚[0m    
    [0m[34mâ”Œâ”€[0m ./sources/pool.move:426:16
    [0m[34mâ”‚[0m
[0m[34m426[0m [0m[34mâ”‚[0m     public fun remove_liquidity_partial<CoinA, CoinB>(
    [0m[34mâ”‚[0m                [0m[34m------------------------[0m [0m[34mExpected 8 argument(s)[0m

[0m[1m[38;5;9merror[E04007][0m[1m: incompatible types[0m
    [0m[34mâ”Œâ”€[0m ./tests/security_tests.move:232:50
    [0m[34mâ”‚[0m  
[0m[34m232[0m [0m[34mâ”‚[0m               let (position, refund_a, refund_b) = [0m[31mpool::add_liquidity([0m
    [0m[34mâ”‚[0m [0m[31mâ•­[0m[0m[31mâ”€â”€â”€â”€â”€â”€â”€â”€â”€â”€â”€â”€â”€â”€â”€â”€â”€â”€â”€â”€â”€â”€â”€â”€â”€â”€â”€â”€â”€â”€â”€â”€â”€â”€â”€â”€â”€â”€â”€â”€â”€â”€â”€â”€â”€â”€â”€â”€â”€â”€^[0m
[0m[34m233[0m [0m[34mâ”‚[0m [0m[31mâ”‚[0m [0m[31m                &mut pool,[0m
[0m[34m234[0m [0m[34mâ”‚[0m [0m[31mâ”‚[0m [0m[31m                coin_a,[0m
[0m[34m235[0m [0m[34mâ”‚[0m [0m[31mâ”‚[0m [0m[31m                coin_b,[0m
[0m[34m236[0m [0m[34mâ”‚[0m [0m[31mâ”‚[0m [0m[31m                0,[0m
[0m[34m237[0m [0m[34mâ”‚[0m [0m[31mâ”‚[0m [0m[31m                ts::ctx(scenario)[0m
[0m[34m238[0m [0m[34mâ”‚[0m [0m[31mâ”‚[0m [0m[31m            )[0m;
    [0m[34mâ”‚[0m [0m[31mâ•°[0m[0m[31mâ”€â”€â”€â”€â”€â”€â”€â”€â”€â”€â”€â”€â”€^ Invalid call of 'sui_amm::pool::add_liquidity'. Invalid argument for parameter 'clock'[0m
    [0m[34mâ”‚[0m  
    [0m[34mâ”Œâ”€[0m /home/sati/.move/https___github_com_MystenLabs_sui_git_494fa6ede17f366f1cd850f01ccb9f42dc75c470/crates/sui-framework/packages/sui-framework/sources/test/test_scenario.move:370:47
    [0m[34mâ”‚[0m
[0m[34m370[0m [0m[34mâ”‚[0m public fun ctx(scenario: &mut Scenario): &mut TxContext {
    [0m[34mâ”‚[0m                                               [0m[34m---------[0m [0m[34mGiven: 'sui::tx_context::TxContext'[0m
    [0m[34mâ”‚[0m
    [0m[34mâ”Œâ”€[0m ./sources/pool.move:158:17
    [0m[34mâ”‚[0m
[0m[34m158[0m [0m[34mâ”‚[0m         clock: &Clock,
    [0m[34mâ”‚[0m                 [0m[34m-----[0m [0m[34mExpected: 'sui::clock::Clock'[0m

[0m[1m[38;5;9merror[E04016][0m[1m: too few arguments[0m
    [0m[34mâ”Œâ”€[0m ./tests/security_tests.move:232:50
    [0m[34mâ”‚[0m    
[0m[34m232[0m [0m[34mâ”‚[0m                 let (position, refund_a, refund_b) = [0m[31mpool::add_liquidity([0m
    [0m[34mâ”‚[0m [0m[31mâ•­[0m[0m[31mâ”€â”€[0m[0m[31mâ”€â”€â”€â”€â”€â”€â”€â”€â”€â”€â”€â”€â”€â”€â”€â”€â”€â”€â”€â”€â”€â”€â”€â”€â”€â”€â”€â”€â”€â”€â”€â”€â”€â”€â”€â”€â”€â”€â”€â”€â”€â”€â”€â”€â”€â”€â”€â”€â”€â”€^[0m
    [0m[34mâ”‚[0m [0m[31mâ”‚[0m [0m[34mâ•­[0m[0m[34mâ”€â”€â”€â”€â”€â”€â”€â”€â”€â”€â”€â”€â”€â”€â”€â”€â”€â”€â”€â”€â”€â”€â”€â”€â”€â”€â”€â”€â”€â”€â”€â”€â”€â”€â”€â”€â”€â”€â”€â”€â”€â”€â”€â”€â”€â”€â”€â”€â”€â”€â”€â”€â”€â”€â”€â”€â”€â”€â”€â”€â”€â”€â”€â”€â”€â”€â”€â”€â”€'[0m
[0m[34m233[0m [0m[34mâ”‚[0m [0m[31mâ”‚[0m [0m[34mâ”‚[0m [0m[31m                &mut pool,[0m
[0m[34m234[0m [0m[34mâ”‚[0m [0m[31mâ”‚[0m [0m[34mâ”‚[0m [0m[31m                coin_a,[0m
[0m[34m235[0m [0m[34mâ”‚[0m [0m[31mâ”‚[0m [0m[34mâ”‚[0m [0m[31m                coin_b,[0m
[0m[34m236[0m [0m[34mâ”‚[0m [0m[31mâ”‚[0m [0m[34mâ”‚[0m [0m[31m                0,[0m
[0m[34m237[0m [0m[34mâ”‚[0m [0m[31mâ”‚[0m [0m[34mâ”‚[0m [0m[31m                ts::ctx(scenario)[0m
[0m[34m238[0m [0m[34mâ”‚[0m [0m[31mâ”‚[0m [0m[34mâ”‚[0m [0m[31m            )[0m;
    [0m[34mâ”‚[0m [0m[31mâ•°[0m[0m[31mâ”€[0m[0m[34mâ”‚[0m[0m[31mâ”€â”€â”€â”€â”€â”€â”€â”€â”€â”€â”€â”€â”€^ Invalid call of 'sui_amm::pool::add_liquidity'. The call expected 7 argument(s) but got 5[0m
    [0m[34mâ”‚[0m   [0m[34mâ•°[0m[0m[34mâ”€â”€â”€â”€â”€â”€â”€â”€â”€â”€â”€â”€â”€' Found 5 argument(s) here[0m
    [0m[34mâ”‚[0m    
    [0m[34mâ”Œâ”€[0m ./sources/pool.move:153:16
    [0m[34mâ”‚[0m
[0m[34m153[0m [0m[34mâ”‚[0m     public fun add_liquidity<CoinA, CoinB>(
    [0m[34mâ”‚[0m                [0m[34m-------------[0m [0m[34mExpected 7 argument(s)[0m

[0m[1m[38;5;9merror[E04007][0m[1m: incompatible types[0m
    [0m[34mâ”Œâ”€[0m ./tests/security_tests.move:264:50
    [0m[34mâ”‚[0m  
[0m[34m264[0m [0m[34mâ”‚[0m               let (position, refund_a, refund_b) = [0m[31mpool::add_liquidity([0m
    [0m[34mâ”‚[0m [0m[31mâ•­[0m[0m[31mâ”€â”€â”€â”€â”€â”€â”€â”€â”€â”€â”€â”€â”€â”€â”€â”€â”€â”€â”€â”€â”€â”€â”€â”€â”€â”€â”€â”€â”€â”€â”€â”€â”€â”€â”€â”€â”€â”€â”€â”€â”€â”€â”€â”€â”€â”€â”€â”€â”€â”€^[0m
[0m[34m265[0m [0m[34mâ”‚[0m [0m[31mâ”‚[0m [0m[31m                &mut pool,[0m
[0m[34m266[0m [0m[34mâ”‚[0m [0m[31mâ”‚[0m [0m[31m                coin_a,[0m
[0m[34m267[0m [0m[34mâ”‚[0m [0m[31mâ”‚[0m [0m[31m                coin_b,[0m
[0m[34m268[0m [0m[34mâ”‚[0m [0m[31mâ”‚[0m [0m[31m                0,[0m
[0m[34m269[0m [0m[34mâ”‚[0m [0m[31mâ”‚[0m [0m[31m                ts::ctx(scenario)[0m
[0m[34m270[0m [0m[34mâ”‚[0m [0m[31mâ”‚[0m [0m[31m            )[0m;
    [0m[34mâ”‚[0m [0m[31mâ•°[0m[0m[31mâ”€â”€â”€â”€â”€â”€â”€â”€â”€â”€â”€â”€â”€^ Invalid call of 'sui_amm::pool::add_liquidity'. Invalid argument for parameter 'clock'[0m
    [0m[34mâ”‚[0m  
    [0m[34mâ”Œâ”€[0m /home/sati/.move/https___github_com_MystenLabs_sui_git_494fa6ede17f366f1cd850f01ccb9f42dc75c470/crates/sui-framework/packages/sui-framework/sources/test/test_scenario.move:370:47
    [0m[34mâ”‚[0m
[0m[34m370[0m [0m[34mâ”‚[0m public fun ctx(scenario: &mut Scenario): &mut TxContext {
    [0m[34mâ”‚[0m                                               [0m[34m---------[0m [0m[34mGiven: 'sui::tx_context::TxContext'[0m
    [0m[34mâ”‚[0m
    [0m[34mâ”Œâ”€[0m ./sources/pool.move:158:17
    [0m[34mâ”‚[0m
[0m[34m158[0m [0m[34mâ”‚[0m         clock: &Clock,
    [0m[34mâ”‚[0m                 [0m[34m-----[0m [0m[34mExpected: 'sui::clock::Clock'[0m

[0m[1m[38;5;9merror[E04016][0m[1m: too few arguments[0m
    [0m[34mâ”Œâ”€[0m ./tests/security_tests.move:264:50
    [0m[34mâ”‚[0m    
[0m[34m264[0m [0m[34mâ”‚[0m                 let (position, refund_a, refund_b) = [0m[31mpool::add_liquidity([0m
    [0m[34mâ”‚[0m [0m[31mâ•­[0m[0m[31mâ”€â”€[0m[0m[31mâ”€â”€â”€â”€â”€â”€â”€â”€â”€â”€â”€â”€â”€â”€â”€â”€â”€â”€â”€â”€â”€â”€â”€â”€â”€â”€â”€â”€â”€â”€â”€â”€â”€â”€â”€â”€â”€â”€â”€â”€â”€â”€â”€â”€â”€â”€â”€â”€â”€â”€^[0m
    [0m[34mâ”‚[0m [0m[31mâ”‚[0m [0m[34mâ•­[0m[0m[34mâ”€â”€â”€â”€â”€â”€â”€â”€â”€â”€â”€â”€â”€â”€â”€â”€â”€â”€â”€â”€â”€â”€â”€â”€â”€â”€â”€â”€â”€â”€â”€â”€â”€â”€â”€â”€â”€â”€â”€â”€â”€â”€â”€â”€â”€â”€â”€â”€â”€â”€â”€â”€â”€â”€â”€â”€â”€â”€â”€â”€â”€â”€â”€â”€â”€â”€â”€â”€â”€'[0m
[0m[34m265[0m [0m[34mâ”‚[0m [0m[31mâ”‚[0m [0m[34mâ”‚[0m [0m[31m                &mut pool,[0m
[0m[34m266[0m [0m[34mâ”‚[0m [0m[31mâ”‚[0m [0m[34mâ”‚[0m [0m[31m                coin_a,[0m
[0m[34m267[0m [0m[34mâ”‚[0m [0m[31mâ”‚[0m [0m[34mâ”‚[0m [0m[31m                coin_b,[0m
[0m[34m268[0m [0m[34mâ”‚[0m [0m[31mâ”‚[0m [0m[34mâ”‚[0m [0m[31m                0,[0m
[0m[34m269[0m [0m[34mâ”‚[0m [0m[31mâ”‚[0m [0m[34mâ”‚[0m [0m[31m                ts::ctx(scenario)[0m
[0m[34m270[0m [0m[34mâ”‚[0m [0m[31mâ”‚[0m [0m[34mâ”‚[0m [0m[31m            )[0m;
    [0m[34mâ”‚[0m [0m[31mâ•°[0m[0m[31mâ”€[0m[0m[34mâ”‚[0m[0m[31mâ”€â”€â”€â”€â”€â”€â”€â”€â”€â”€â”€â”€â”€^ Invalid call of 'sui_amm::pool::add_liquidity'. The call expected 7 argument(s) but got 5[0m
    [0m[34mâ”‚[0m   [0m[34mâ•°[0m[0m[34mâ”€â”€â”€â”€â”€â”€â”€â”€â”€â”€â”€â”€â”€' Found 5 argument(s) here[0m
    [0m[34mâ”‚[0m    
    [0m[34mâ”Œâ”€[0m ./sources/pool.move:153:16
    [0m[34mâ”‚[0m
[0m[34m153[0m [0m[34mâ”‚[0m     public fun add_liquidity<CoinA, CoinB>(
    [0m[34mâ”‚[0m                [0m[34m-------------[0m [0m[34mExpected 7 argument(s)[0m

[0m[1m[38;5;11mwarning[W09002][0m[1m: unused variable[0m
   [0m[34mâ”Œâ”€[0m ./tests/factory_tests.move:25:17
   [0m[34mâ”‚[0m
[0m[34m25[0m [0m[34mâ”‚[0m             let [0m[33mclock[0m = clock::create_for_testing(ctx);
   [0m[34mâ”‚[0m                 [0m[33m^^^^^[0m [0m[33mUnused local variable 'clock'. Consider removing or prefixing with an underscore: '_clock'[0m
   [0m[34mâ”‚[0m
   [0m[34m=[0m This warning can be suppressed with '#[allow(unused_variable)]' applied to the 'module' or module member ('const', 'fun', or 'struct')

[0m[1m[38;5;9merror[E03002][0m[1m: unbound module[0m
   [0m[34mâ”Œâ”€[0m ./tests/factory_tests.move:25:25
   [0m[34mâ”‚[0m
[0m[34m25[0m [0m[34mâ”‚[0m             let clock = [0m[31mclock[0m::create_for_testing(ctx);
   [0m[34mâ”‚[0m                         [0m[31m^^^^^[0m [0m[31mUnbound module alias 'clock'[0m

[0m[1m[38;5;11mwarning[W09002][0m[1m: unused variable[0m
   [0m[34mâ”Œâ”€[0m ./tests/factory_tests.move:35:17
   [0m[34mâ”‚[0m
[0m[34m35[0m [0m[34mâ”‚[0m             let [0m[33mclock[0m = clock::create_for_testing(ctx);
   [0m[34mâ”‚[0m                 [0m[33m^^^^^[0m [0m[33mUnused local variable 'clock'. Consider removing or prefixing with an underscore: '_clock'[0m
   [0m[34mâ”‚[0m
   [0m[34m=[0m This warning can be suppressed with '#[allow(unused_variable)]' applied to the 'module' or module member ('const', 'fun', or 'struct')

[0m[1m[38;5;9merror[E03002][0m[1m: unbound module[0m
   [0m[34mâ”Œâ”€[0m ./tests/factory_tests.move:35:25
   [0m[34mâ”‚[0m
[0m[34m35[0m [0m[34mâ”‚[0m             let clock = [0m[31mclock[0m::create_for_testing(ctx);
   [0m[34mâ”‚[0m                         [0m[31m^^^^^[0m [0m[31mUnbound module alias 'clock'[0m

[0m[1m[38;5;9merror[E04007][0m[1m: incompatible types[0m
    [0m[34mâ”Œâ”€[0m ./tests/factory_tests.move:39:50
    [0m[34mâ”‚[0m
[0m[34m 39[0m [0m[34mâ”‚[0m             let (position, refund_a, refund_b) = [0m[31mfactory::create_pool<BTC, USDC>(registry, 30, 0, coin_a, coin_b, ctx)[0m;
    [0m[34mâ”‚[0m                                                  [0m[31m^^^^^^^^^^^^^^^^^^^^^^^^^^^^^^^^^^^^^^^^^^^^^^^^^^^^^^^^^^^^^^^^^^^^^[0m [0m[31mInvalid call of 'sui_amm::factory::create_pool'. Invalid argument for parameter 'clock'[0m
    [0m[34mâ”‚[0m
    [0m[34mâ”Œâ”€[0m /home/sati/.move/https___github_com_MystenLabs_sui_git_494fa6ede17f366f1cd850f01ccb9f42dc75c470/crates/sui-framework/packages/sui-framework/sources/test/test_scenario.move:370:47
    [0m[34mâ”‚[0m
[0m[34m370[0m [0m[34mâ”‚[0m public fun ctx(scenario: &mut Scenario): &mut TxContext {
    [0m[34mâ”‚[0m                                               [0m[34m---------[0m [0m[34mGiven: 'sui::tx_context::TxContext'[0m
    [0m[34mâ”‚[0m
    [0m[34mâ”Œâ”€[0m ./sources/factory.move:84:17
    [0m[34mâ”‚[0m
[0m[34m 84[0m [0m[34mâ”‚[0m         clock: &sui::clock::Clock,
    [0m[34mâ”‚[0m                 [0m[34m-----------------[0m [0m[34mExpected: 'sui::clock::Clock'[0m

[0m[1m[38;5;9merror[E04016][0m[1m: too few arguments[0m
   [0m[34mâ”Œâ”€[0m ./tests/factory_tests.move:39:50
   [0m[34mâ”‚[0m
[0m[34m39[0m [0m[34mâ”‚[0m             let (position, refund_a, refund_b) = [0m[31mfactory::create_pool<BTC, USDC>(registry, 30, 0, coin_a, coin_b, ctx)[0m;
   [0m[34mâ”‚[0m                                                  [0m[31m^^^^^^^^^^^^^^^^^^^^^^^^^^^^^^^^^^^^^^^^^^^^^^^^^^^^^^^^^^^^^^^^^^^^^[0m
   [0m[34mâ”‚[0m                                                  [0m[31mâ”‚[0m                              [0m[34mâ”‚[0m
   [0m[34mâ”‚[0m                                                  [0m[31mâ”‚[0m                              [0m[34mFound 6 argument(s) here[0m
   [0m[34mâ”‚[0m                                                  [0m[31mInvalid call of 'sui_amm::factory::create_pool'. The call expected 7 argument(s) but got 6[0m
   [0m[34mâ”‚[0m
   [0m[34mâ”Œâ”€[0m ./sources/factory.move:78:16
   [0m[34mâ”‚[0m
[0m[34m78[0m [0m[34mâ”‚[0m     public fun create_pool<CoinA, CoinB>(
   [0m[34mâ”‚[0m                [0m[34m-----------[0m [0m[34mExpected 7 argument(s)[0m

[0m[1m[38;5;11mwarning[W09002][0m[1m: unused variable[0m
   [0m[34mâ”Œâ”€[0m ./tests/factory_tests.move:75:17
   [0m[34mâ”‚[0m
[0m[34m75[0m [0m[34mâ”‚[0m             let [0m[33mclock[0m = clock::create_for_testing(ctx);
   [0m[34mâ”‚[0m                 [0m[33m^^^^^[0m [0m[33mUnused local variable 'clock'. Consider removing or prefixing with an underscore: '_clock'[0m
   [0m[34mâ”‚[0m
   [0m[34m=[0m This warning can be suppressed with '#[allow(unused_variable)]' applied to the 'module' or module member ('const', 'fun', or 'struct')

[0m[1m[38;5;9merror[E03002][0m[1m: unbound module[0m
   [0m[34mâ”Œâ”€[0m ./tests/factory_tests.move:75:25
   [0m[34mâ”‚[0m
[0m[34m75[0m [0m[34mâ”‚[0m             let clock = [0m[31mclock[0m::create_for_testing(ctx);
   [0m[34mâ”‚[0m                         [0m[31m^^^^^[0m [0m[31mUnbound module alias 'clock'[0m

[0m[1m[38;5;11mwarning[W09002][0m[1m: unused variable[0m
   [0m[34mâ”Œâ”€[0m ./tests/factory_tests.move:84:17
   [0m[34mâ”‚[0m
[0m[34m84[0m [0m[34mâ”‚[0m             let [0m[33mclock[0m = clock::create_for_testing(ctx);
   [0m[34mâ”‚[0m                 [0m[33m^^^^^[0m [0m[33mUnused local variable 'clock'. Consider removing or prefixing with an underscore: '_clock'[0m
   [0m[34mâ”‚[0m
   [0m[34m=[0m This warning can be suppressed with '#[allow(unused_variable)]' applied to the 'module' or module member ('const', 'fun', or 'struct')

[0m[1m[38;5;9merror[E03002][0m[1m: unbound module[0m
   [0m[34mâ”Œâ”€[0m ./tests/factory_tests.move:84:25
   [0m[34mâ”‚[0m
[0m[34m84[0m [0m[34mâ”‚[0m             let clock = [0m[31mclock[0m::create_for_testing(ctx);
   [0m[34mâ”‚[0m                         [0m[31m^^^^^[0m [0m[31mUnbound module alias 'clock'[0m

[0m[1m[38;5;9merror[E04007][0m[1m: incompatible types[0m
    [0m[34mâ”Œâ”€[0m ./tests/factory_tests.move:89:50
    [0m[34mâ”‚[0m
[0m[34m 89[0m [0m[34mâ”‚[0m             let (position, refund_a, refund_b) = [0m[31mfactory::create_pool<BTC, USDC>(registry, 30, 0, coin_a, coin_b, ctx)[0m;
    [0m[34mâ”‚[0m                                                  [0m[31m^^^^^^^^^^^^^^^^^^^^^^^^^^^^^^^^^^^^^^^^^^^^^^^^^^^^^^^^^^^^^^^^^^^^^[0m [0m[31mInvalid call of 'sui_amm::factory::create_pool'. Invalid argument for parameter 'clock'[0m
    [0m[34mâ”‚[0m
    [0m[34mâ”Œâ”€[0m /home/sati/.move/https___github_com_MystenLabs_sui_git_494fa6ede17f366f1cd850f01ccb9f42dc75c470/crates/sui-framework/packages/sui-framework/sources/test/test_scenario.move:370:47
    [0m[34mâ”‚[0m
[0m[34m370[0m [0m[34mâ”‚[0m public fun ctx(scenario: &mut Scenario): &mut TxContext {
    [0m[34mâ”‚[0m                                               [0m[34m---------[0m [0m[34mGiven: 'sui::tx_context::TxContext'[0m
    [0m[34mâ”‚[0m
    [0m[34mâ”Œâ”€[0m ./sources/factory.move:84:17
    [0m[34mâ”‚[0m
[0m[34m 84[0m [0m[34mâ”‚[0m         clock: &sui::clock::Clock,
    [0m[34mâ”‚[0m                 [0m[34m-----------------[0m [0m[34mExpected: 'sui::clock::Clock'[0m

[0m[1m[38;5;9merror[E04016][0m[1m: too few arguments[0m
   [0m[34mâ”Œâ”€[0m ./tests/factory_tests.move:89:50
   [0m[34mâ”‚[0m
[0m[34m89[0m [0m[34mâ”‚[0m             let (position, refund_a, refund_b) = [0m[31mfactory::create_pool<BTC, USDC>(registry, 30, 0, coin_a, coin_b, ctx)[0m;
   [0m[34mâ”‚[0m                                                  [0m[31m^^^^^^^^^^^^^^^^^^^^^^^^^^^^^^^^^^^^^^^^^^^^^^^^^^^^^^^^^^^^^^^^^^^^^[0m
   [0m[34mâ”‚[0m                                                  [0m[31mâ”‚[0m                              [0m[34mâ”‚[0m
   [0m[34mâ”‚[0m                                                  [0m[31mâ”‚[0m                              [0m[34mFound 6 argument(s) here[0m
   [0m[34mâ”‚[0m                                                  [0m[31mInvalid call of 'sui_amm::factory::create_pool'. The call expected 7 argument(s) but got 6[0m
   [0m[34mâ”‚[0m
   [0m[34mâ”Œâ”€[0m ./sources/factory.move:78:16
   [0m[34mâ”‚[0m
[0m[34m78[0m [0m[34mâ”‚[0m     public fun create_pool<CoinA, CoinB>(
   [0m[34mâ”‚[0m                [0m[34m-----------[0m [0m[34mExpected 7 argument(s)[0m

[0m[1m[38;5;9merror[E04007][0m[1m: incompatible types[0m
    [0m[34mâ”Œâ”€[0m ./tests/factory_tests.move:99:34
    [0m[34mâ”‚[0m
[0m[34m 99[0m [0m[34mâ”‚[0m             let (_p, _ra, _rb) = [0m[31mfactory::create_pool<BTC, USDC>(registry, 30, 0, coin_a2, coin_b2, ctx)[0m;
    [0m[34mâ”‚[0m                                  [0m[31m^^^^^^^^^^^^^^^^^^^^^^^^^^^^^^^^^^^^^^^^^^^^^^^^^^^^^^^^^^^^^^^^^^^^^^^[0m [0m[31mInvalid call of 'sui_amm::factory::create_pool'. Invalid argument for parameter 'clock'[0m
    [0m[34mâ”‚[0m
    [0m[34mâ”Œâ”€[0m /home/sati/.move/https___github_com_MystenLabs_sui_git_494fa6ede17f366f1cd850f01ccb9f42dc75c470/crates/sui-framework/packages/sui-framework/sources/test/test_scenario.move:370:47
    [0m[34mâ”‚[0m
[0m[34m370[0m [0m[34mâ”‚[0m public fun ctx(scenario: &mut Scenario): &mut TxContext {
    [0m[34mâ”‚[0m                                               [0m[34m---------[0m [0m[34mGiven: 'sui::tx_context::TxContext'[0m
    [0m[34mâ”‚[0m
    [0m[34mâ”Œâ”€[0m ./sources/factory.move:84:17
    [0m[34mâ”‚[0m
[0m[34m 84[0m [0m[34mâ”‚[0m         clock: &sui::clock::Clock,
    [0m[34mâ”‚[0m                 [0m[34m-----------------[0m [0m[34mExpected: 'sui::clock::Clock'[0m

[0m[1m[38;5;9merror[E04016][0m[1m: too few arguments[0m
   [0m[34mâ”Œâ”€[0m ./tests/factory_tests.move:99:34
   [0m[34mâ”‚[0m
[0m[34m99[0m [0m[34mâ”‚[0m             let (_p, _ra, _rb) = [0m[31mfactory::create_pool<BTC, USDC>(registry, 30, 0, coin_a2, coin_b2, ctx)[0m;
   [0m[34mâ”‚[0m                                  [0m[31m^^^^^^^^^^^^^^^^^^^^^^^^^^^^^^^^^^^^^^^^^^^^^^^^^^^^^^^^^^^^^^^^^^^^^^^[0m
   [0m[34mâ”‚[0m                                  [0m[31mâ”‚[0m                              [0m[34mâ”‚[0m
   [0m[34mâ”‚[0m                                  [0m[31mâ”‚[0m                              [0m[34mFound 6 argument(s) here[0m
   [0m[34mâ”‚[0m                                  [0m[31mInvalid call of 'sui_amm::factory::create_pool'. The call expected 7 argument(s) but got 6[0m
   [0m[34mâ”‚[0m
   [0m[34mâ”Œâ”€[0m ./sources/factory.move:78:16
   [0m[34mâ”‚[0m
[0m[34m78[0m [0m[34mâ”‚[0m     public fun create_pool<CoinA, CoinB>(
   [0m[34mâ”‚[0m                [0m[34m-----------[0m [0m[34mExpected 7 argument(s)[0m

[0m[1m[38;5;11mwarning[W09002][0m[1m: unused variable[0m
    [0m[34mâ”Œâ”€[0m ./tests/factory_tests.move:125:17
    [0m[34mâ”‚[0m
[0m[34m125[0m [0m[34mâ”‚[0m             let [0m[33mclock[0m = clock::create_for_testing(ctx);
    [0m[34mâ”‚[0m                 [0m[33m^^^^^[0m [0m[33mUnused local variable 'clock'. Consider removing or prefixing with an underscore: '_clock'[0m
    [0m[34mâ”‚[0m
    [0m[34m=[0m This warning can be suppressed with '#[allow(unused_variable)]' applied to the 'module' or module member ('const', 'fun', or 'struct')

[0m[1m[38;5;9merror[E03002][0m[1m: unbound module[0m
    [0m[34mâ”Œâ”€[0m ./tests/factory_tests.move:125:25
    [0m[34mâ”‚[0m
[0m[34m125[0m [0m[34mâ”‚[0m             let clock = [0m[31mclock[0m::create_for_testing(ctx);
    [0m[34mâ”‚[0m                         [0m[31m^^^^^[0m [0m[31mUnbound module alias 'clock'[0m

[0m[1m[38;5;11mwarning[W09002][0m[1m: unused variable[0m
    [0m[34mâ”Œâ”€[0m ./tests/factory_tests.move:134:17
    [0m[34mâ”‚[0m
[0m[34m134[0m [0m[34mâ”‚[0m             let [0m[33mclock[0m = clock::create_for_testing(ctx);
    [0m[34mâ”‚[0m                 [0m[33m^^^^^[0m [0m[33mUnused local variable 'clock'. Consider removing or prefixing with an underscore: '_clock'[0m
    [0m[34mâ”‚[0m
    [0m[34m=[0m This warning can be suppressed with '#[allow(unused_variable)]' applied to the 'module' or module member ('const', 'fun', or 'struct')

[0m[1m[38;5;9merror[E03002][0m[1m: unbound module[0m
    [0m[34mâ”Œâ”€[0m ./tests/factory_tests.move:134:25
    [0m[34mâ”‚[0m
[0m[34m134[0m [0m[34mâ”‚[0m             let clock = [0m[31mclock[0m::create_for_testing(ctx);
    [0m[34mâ”‚[0m                         [0m[31m^^^^^[0m [0m[31mUnbound module alias 'clock'[0m

[0m[1m[38;5;9merror[E04007][0m[1m: incompatible types[0m
    [0m[34mâ”Œâ”€[0m ./tests/factory_tests.move:139:34
    [0m[34mâ”‚[0m
[0m[34m139[0m [0m[34mâ”‚[0m             let (_p, _ra, _rb) = [0m[31mfactory::create_pool<BTC, USDC>(registry, 25, 0, coin_a, coin_b, ctx)[0m;
    [0m[34mâ”‚[0m                                  [0m[31m^^^^^^^^^^^^^^^^^^^^^^^^^^^^^^^^^^^^^^^^^^^^^^^^^^^^^^^^^^^^^^^^^^^^^[0m [0m[31mInvalid call of 'sui_amm::factory::create_pool'. Invalid argument for parameter 'clock'[0m
    [0m[34mâ”‚[0m
    [0m[34mâ”Œâ”€[0m /home/sati/.move/https___github_com_MystenLabs_sui_git_494fa6ede17f366f1cd850f01ccb9f42dc75c470/crates/sui-framework/packages/sui-framework/sources/test/test_scenario.move:370:47
    [0m[34mâ”‚[0m
[0m[34m370[0m [0m[34mâ”‚[0m public fun ctx(scenario: &mut Scenario): &mut TxContext {
    [0m[34mâ”‚[0m                                               [0m[34m---------[0m [0m[34mGiven: 'sui::tx_context::TxContext'[0m
    [0m[34mâ”‚[0m
    [0m[34mâ”Œâ”€[0m ./sources/factory.move:84:17
    [0m[34mâ”‚[0m
[0m[34m 84[0m [0m[34mâ”‚[0m         clock: &sui::clock::Clock,
    [0m[34mâ”‚[0m                 [0m[34m-----------------[0m [0m[34mExpected: 'sui::clock::Clock'[0m

[0m[1m[38;5;9merror[E04016][0m[1m: too few arguments[0m
    [0m[34mâ”Œâ”€[0m ./tests/factory_tests.move:139:34
    [0m[34mâ”‚[0m
[0m[34m139[0m [0m[34mâ”‚[0m             let (_p, _ra, _rb) = [0m[31mfactory::create_pool<BTC, USDC>(registry, 25, 0, coin_a, coin_b, ctx)[0m;
    [0m[34mâ”‚[0m                                  [0m[31m^^^^^^^^^^^^^^^^^^^^^^^^^^^^^^^^^^^^^^^^^^^^^^^^^^^^^^^^^^^^^^^^^^^^^[0m
    [0m[34mâ”‚[0m                                  [0m[31mâ”‚[0m                              [0m[34mâ”‚[0m
    [0m[34mâ”‚[0m                                  [0m[31mâ”‚[0m                              [0m[34mFound 6 argument(s) here[0m
    [0m[34mâ”‚[0m                                  [0m[31mInvalid call of 'sui_amm::factory::create_pool'. The call expected 7 argument(s) but got 6[0m
    [0m[34mâ”‚[0m
    [0m[34mâ”Œâ”€[0m ./sources/factory.move:78:16
    [0m[34mâ”‚[0m
[0m[34m 78[0m [0m[34mâ”‚[0m     public fun create_pool<CoinA, CoinB>(
    [0m[34mâ”‚[0m                [0m[34m-----------[0m [0m[34mExpected 7 argument(s)[0m

[0m[1m[38;5;11mwarning[W09002][0m[1m: unused variable[0m
    [0m[34mâ”Œâ”€[0m ./tests/factory_tests.move:161:17
    [0m[34mâ”‚[0m
[0m[34m161[0m [0m[34mâ”‚[0m             let [0m[33mclock[0m = clock::create_for_testing(ctx);
    [0m[34mâ”‚[0m                 [0m[33m^^^^^[0m [0m[33mUnused local variable 'clock'. Consider removing or prefixing with an underscore: '_clock'[0m
    [0m[34mâ”‚[0m
    [0m[34m=[0m This warning can be suppressed with '#[allow(unused_variable)]' applied to the 'module' or module member ('const', 'fun', or 'struct')

[0m[1m[38;5;9merror[E03002][0m[1m: unbound module[0m
    [0m[34mâ”Œâ”€[0m ./tests/factory_tests.move:161:25
    [0m[34mâ”‚[0m
[0m[34m161[0m [0m[34mâ”‚[0m             let clock = [0m[31mclock[0m::create_for_testing(ctx);
    [0m[34mâ”‚[0m                         [0m[31m^^^^^[0m [0m[31mUnbound module alias 'clock'[0m

[0m[1m[38;5;11mwarning[W09002][0m[1m: unused variable[0m
    [0m[34mâ”Œâ”€[0m ./tests/factory_tests.move:171:17
    [0m[34mâ”‚[0m
[0m[34m171[0m [0m[34mâ”‚[0m             let [0m[33mclock[0m = clock::create_for_testing(ctx);
    [0m[34mâ”‚[0m                 [0m[33m^^^^^[0m [0m[33mUnused local variable 'clock'. Consider removing or prefixing with an underscore: '_clock'[0m
    [0m[34mâ”‚[0m
    [0m[34m=[0m This warning can be suppressed with '#[allow(unused_variable)]' applied to the 'module' or module member ('const', 'fun', or 'struct')

[0m[1m[38;5;9merror[E03002][0m[1m: unbound module[0m
    [0m[34mâ”Œâ”€[0m ./tests/factory_tests.move:171:25
    [0m[34mâ”‚[0m
[0m[34m171[0m [0m[34mâ”‚[0m             let clock = [0m[31mclock[0m::create_for_testing(ctx);
    [0m[34mâ”‚[0m                         [0m[31m^^^^^[0m [0m[31mUnbound module alias 'clock'[0m

[0m[1m[38;5;9merror[E04007][0m[1m: incompatible types[0m
    [0m[34mâ”Œâ”€[0m ./tests/factory_tests.move:176:34
    [0m[34mâ”‚[0m
[0m[34m176[0m [0m[34mâ”‚[0m             let (p1, ra1, rb1) = [0m[31mfactory::create_pool<BTC, USDC>(registry, 30, 0, coin_a1, coin_b1, ctx)[0m;
    [0m[34mâ”‚[0m                                  [0m[31m^^^^^^^^^^^^^^^^^^^^^^^^^^^^^^^^^^^^^^^^^^^^^^^^^^^^^^^^^^^^^^^^^^^^^^^[0m [0m[31mInvalid call of 'sui_amm::factory::create_pool'. Invalid argument for parameter 'clock'[0m
    [0m[34mâ”‚[0m
    [0m[34mâ”Œâ”€[0m /home/sati/.move/https___github_com_MystenLabs_sui_git_494fa6ede17f366f1cd850f01ccb9f42dc75c470/crates/sui-framework/packages/sui-framework/sources/test/test_scenario.move:370:47
    [0m[34mâ”‚[0m
[0m[34m370[0m [0m[34mâ”‚[0m public fun ctx(scenario: &mut Scenario): &mut TxContext {
    [0m[34mâ”‚[0m                                               [0m[34m---------[0m [0m[34mGiven: 'sui::tx_context::TxContext'[0m
    [0m[34mâ”‚[0m
    [0m[34mâ”Œâ”€[0m ./sources/factory.move:84:17
    [0m[34mâ”‚[0m
[0m[34m 84[0m [0m[34mâ”‚[0m         clock: &sui::clock::Clock,
    [0m[34mâ”‚[0m                 [0m[34m-----------------[0m [0m[34mExpected: 'sui::clock::Clock'[0m

[0m[1m[38;5;9merror[E04016][0m[1m: too few arguments[0m
    [0m[34mâ”Œâ”€[0m ./tests/factory_tests.move:176:34
    [0m[34mâ”‚[0m
[0m[34m176[0m [0m[34mâ”‚[0m             let (p1, ra1, rb1) = [0m[31mfactory::create_pool<BTC, USDC>(registry, 30, 0, coin_a1, coin_b1, ctx)[0m;
    [0m[34mâ”‚[0m                                  [0m[31m^^^^^^^^^^^^^^^^^^^^^^^^^^^^^^^^^^^^^^^^^^^^^^^^^^^^^^^^^^^^^^^^^^^^^^^[0m
    [0m[34mâ”‚[0m                                  [0m[31mâ”‚[0m                              [0m[34mâ”‚[0m
    [0m[34mâ”‚[0m                                  [0m[31mâ”‚[0m                              [0m[34mFound 6 argument(s) here[0m
    [0m[34mâ”‚[0m                                  [0m[31mInvalid call of 'sui_amm::factory::create_pool'. The call expected 7 argument(s) but got 6[0m
    [0m[34mâ”‚[0m
    [0m[34mâ”Œâ”€[0m ./sources/factory.move:78:16
    [0m[34mâ”‚[0m
[0m[34m 78[0m [0m[34mâ”‚[0m     public fun create_pool<CoinA, CoinB>(
    [0m[34mâ”‚[0m                [0m[34m-----------[0m [0m[34mExpected 7 argument(s)[0m

[0m[1m[38;5;9merror[E04007][0m[1m: incompatible types[0m
    [0m[34mâ”Œâ”€[0m ./tests/factory_tests.move:183:34
    [0m[34mâ”‚[0m
[0m[34m183[0m [0m[34mâ”‚[0m             let (p2, ra2, rb2) = [0m[31mfactory::create_pool<ETH, USDC>(registry, 30, 0, coin_a2, coin_b2, ctx)[0m;
    [0m[34mâ”‚[0m                                  [0m[31m^^^^^^^^^^^^^^^^^^^^^^^^^^^^^^^^^^^^^^^^^^^^^^^^^^^^^^^^^^^^^^^^^^^^^^^[0m [0m[31mInvalid call of 'sui_amm::factory::create_pool'. Invalid argument for parameter 'clock'[0m
    [0m[34mâ”‚[0m
    [0m[34mâ”Œâ”€[0m /home/sati/.move/https___github_com_MystenLabs_sui_git_494fa6ede17f366f1cd850f01ccb9f42dc75c470/crates/sui-framework/packages/sui-framework/sources/test/test_scenario.move:370:47
    [0m[34mâ”‚[0m
[0m[34m370[0m [0m[34mâ”‚[0m public fun ctx(scenario: &mut Scenario): &mut TxContext {
    [0m[34mâ”‚[0m                                               [0m[34m---------[0m [0m[34mGiven: 'sui::tx_context::TxContext'[0m
    [0m[34mâ”‚[0m
    [0m[34mâ”Œâ”€[0m ./sources/factory.move:84:17
    [0m[34mâ”‚[0m
[0m[34m 84[0m [0m[34mâ”‚[0m         clock: &sui::clock::Clock,
    [0m[34mâ”‚[0m                 [0m[34m-----------------[0m [0m[34mExpected: 'sui::clock::Clock'[0m

[0m[1m[38;5;9merror[E04016][0m[1m: too few arguments[0m
    [0m[34mâ”Œâ”€[0m ./tests/factory_tests.move:183:34
    [0m[34mâ”‚[0m
[0m[34m183[0m [0m[34mâ”‚[0m             let (p2, ra2, rb2) = [0m[31mfactory::create_pool<ETH, USDC>(registry, 30, 0, coin_a2, coin_b2, ctx)[0m;
    [0m[34mâ”‚[0m                                  [0m[31m^^^^^^^^^^^^^^^^^^^^^^^^^^^^^^^^^^^^^^^^^^^^^^^^^^^^^^^^^^^^^^^^^^^^^^^[0m
    [0m[34mâ”‚[0m                                  [0m[31mâ”‚[0m                              [0m[34mâ”‚[0m
    [0m[34mâ”‚[0m                                  [0m[31mâ”‚[0m                              [0m[34mFound 6 argument(s) here[0m
    [0m[34mâ”‚[0m                                  [0m[31mInvalid call of 'sui_amm::factory::create_pool'. The call expected 7 argument(s) but got 6[0m
    [0m[34mâ”‚[0m
    [0m[34mâ”Œâ”€[0m ./sources/factory.move:78:16
    [0m[34mâ”‚[0m
[0m[34m 78[0m [0m[34mâ”‚[0m     public fun create_pool<CoinA, CoinB>(
    [0m[34mâ”‚[0m                [0m[34m-----------[0m [0m[34mExpected 7 argument(s)[0m

[0m[1m[38;5;9merror[E04007][0m[1m: incompatible types[0m
    [0m[34mâ”Œâ”€[0m ./tests/factory_tests.move:191:34
    [0m[34mâ”‚[0m
[0m[34m191[0m [0m[34mâ”‚[0m             let (p3, ra3, rb3) = [0m[31mfactory::create_pool<BTC, USDC>(registry, 100, 0, coin_a3, coin_b3, ctx)[0m;
    [0m[34mâ”‚[0m                                  [0m[31m^^^^^^^^^^^^^^^^^^^^^^^^^^^^^^^^^^^^^^^^^^^^^^^^^^^^^^^^^^^^^^^^^^^^^^^^[0m [0m[31mInvalid call of 'sui_amm::factory::create_pool'. Invalid argument for parameter 'clock'[0m
    [0m[34mâ”‚[0m
    [0m[34mâ”Œâ”€[0m /home/sati/.move/https___github_com_MystenLabs_sui_git_494fa6ede17f366f1cd850f01ccb9f42dc75c470/crates/sui-framework/packages/sui-framework/sources/test/test_scenario.move:370:47
    [0m[34mâ”‚[0m
[0m[34m370[0m [0m[34mâ”‚[0m public fun ctx(scenario: &mut Scenario): &mut TxContext {
    [0m[34mâ”‚[0m                                               [0m[34m---------[0m [0m[34mGiven: 'sui::tx_context::TxContext'[0m
    [0m[34mâ”‚[0m
    [0m[34mâ”Œâ”€[0m ./sources/factory.move:84:17
    [0m[34mâ”‚[0m
[0m[34m 84[0m [0m[34mâ”‚[0m         clock: &sui::clock::Clock,
    [0m[34mâ”‚[0m                 [0m[34m-----------------[0m [0m[34mExpected: 'sui::clock::Clock'[0m

[0m[1m[38;5;9merror[E04016][0m[1m: too few arguments[0m
    [0m[34mâ”Œâ”€[0m ./tests/factory_tests.move:191:34
    [0m[34mâ”‚[0m
[0m[34m191[0m [0m[34mâ”‚[0m             let (p3, ra3, rb3) = [0m[31mfactory::create_pool<BTC, USDC>(registry, 100, 0, coin_a3, coin_b3, ctx)[0m;
    [0m[34mâ”‚[0m                                  [0m[31m^^^^^^^^^^^^^^^^^^^^^^^^^^^^^^^^^^^^^^^^^^^^^^^^^^^^^^^^^^^^^^^^^^^^^^^^[0m
    [0m[34mâ”‚[0m                                  [0m[31mâ”‚[0m                              [0m[34mâ”‚[0m
    [0m[34mâ”‚[0m                                  [0m[31mâ”‚[0m                              [0m[34mFound 6 argument(s) here[0m
    [0m[34mâ”‚[0m                                  [0m[31mInvalid call of 'sui_amm::factory::create_pool'. The call expected 7 argument(s) but got 6[0m
    [0m[34mâ”‚[0m
    [0m[34mâ”Œâ”€[0m ./sources/factory.move:78:16
    [0m[34mâ”‚[0m
[0m[34m 78[0m [0m[34mâ”‚[0m     public fun create_pool<CoinA, CoinB>(
    [0m[34mâ”‚[0m                [0m[34m-----------[0m [0m[34mExpected 7 argument(s)[0m

[0m[1m[38;5;9merror[E04007][0m[1m: incompatible types[0m
    [0m[34mâ”Œâ”€[0m ./tests/factory_tests.move:199:34
    [0m[34mâ”‚[0m
[0m[34m199[0m [0m[34mâ”‚[0m             let (p4, ra4, rb4) = [0m[31mfactory::create_stable_pool<BTC, ETH>(registry, 5, 100, coin_a4, coin_b4, ctx)[0m;
    [0m[34mâ”‚[0m                                  [0m[31m^^^^^^^^^^^^^^^^^^^^^^^^^^^^^^^^^^^^^^^^^^^^^^^^^^^^^^^^^^^^^^^^^^^^^^^^^^^^^^[0m [0m[31mInvalid call of 'sui_amm::factory::create_stable_pool'. Invalid argument for parameter 'clock'[0m
    [0m[34mâ”‚[0m
    [0m[34mâ”Œâ”€[0m /home/sati/.move/https___github_com_MystenLabs_sui_git_494fa6ede17f366f1cd850f01ccb9f42dc75c470/crates/sui-framework/packages/sui-framework/sources/test/test_scenario.move:370:47
    [0m[34mâ”‚[0m
[0m[34m370[0m [0m[34mâ”‚[0m public fun ctx(scenario: &mut Scenario): &mut TxContext {
    [0m[34mâ”‚[0m                                               [0m[34m---------[0m [0m[34mGiven: 'sui::tx_context::TxContext'[0m
    [0m[34mâ”‚[0m
    [0m[34mâ”Œâ”€[0m ./sources/factory.move:157:17
    [0m[34mâ”‚[0m
[0m[34m157[0m [0m[34mâ”‚[0m         clock: &sui::clock::Clock,
    [0m[34mâ”‚[0m                 [0m[34m-----------------[0m [0m[34mExpected: 'sui::clock::Clock'[0m

[0m[1m[38;5;9merror[E04016][0m[1m: too few arguments[0m
    [0m[34mâ”Œâ”€[0m ./tests/factory_tests.move:199:34
    [0m[34mâ”‚[0m
[0m[34m199[0m [0m[34mâ”‚[0m             let (p4, ra4, rb4) = [0m[31mfactory::create_stable_pool<BTC, ETH>(registry, 5, 100, coin_a4, coin_b4, ctx)[0m;
    [0m[34mâ”‚[0m                                  [0m[31m^^^^^^^^^^^^^^^^^^^^^^^^^^^^^^^^^^^^^^^^^^^^^^^^^^^^^^^^^^^^^^^^^^^^^^^^^^^^^^[0m
    [0m[34mâ”‚[0m                                  [0m[31mâ”‚[0m                                    [0m[34mâ”‚[0m
    [0m[34mâ”‚[0m                                  [0m[31mâ”‚[0m                                    [0m[34mFound 6 argument(s) here[0m
    [0m[34mâ”‚[0m                                  [0m[31mInvalid call of 'sui_amm::factory::create_stable_pool'. The call expected 7 argument(s) but got 6[0m
    [0m[34mâ”‚[0m
    [0m[34mâ”Œâ”€[0m ./sources/factory.move:151:16
    [0m[34mâ”‚[0m
[0m[34m151[0m [0m[34mâ”‚[0m     public fun create_stable_pool<CoinA, CoinB>(
    [0m[34mâ”‚[0m                [0m[34m------------------[0m [0m[34mExpected 7 argument(s)[0m

[0m[1m[38;5;11mwarning[W09002][0m[1m: unused variable[0m
    [0m[34mâ”Œâ”€[0m ./tests/factory_tests.move:259:17
    [0m[34mâ”‚[0m
[0m[34m259[0m [0m[34mâ”‚[0m             let [0m[33mclock[0m = clock::create_for_testing(ctx);
    [0m[34mâ”‚[0m                 [0m[33m^^^^^[0m [0m[33mUnused local variable 'clock'. Consider removing or prefixing with an underscore: '_clock'[0m
    [0m[34mâ”‚[0m
    [0m[34m=[0m This warning can be suppressed with '#[allow(unused_variable)]' applied to the 'module' or module member ('const', 'fun', or 'struct')

[0m[1m[38;5;9merror[E03002][0m[1m: unbound module[0m
    [0m[34mâ”Œâ”€[0m ./tests/factory_tests.move:259:25
    [0m[34mâ”‚[0m
[0m[34m259[0m [0m[34mâ”‚[0m             let clock = [0m[31mclock[0m::create_for_testing(ctx);
    [0m[34mâ”‚[0m                         [0m[31m^^^^^[0m [0m[31mUnbound module alias 'clock'[0m

[0m[1m[38;5;11mwarning[W09002][0m[1m: unused variable[0m
    [0m[34mâ”Œâ”€[0m ./tests/factory_tests.move:268:17
    [0m[34mâ”‚[0m
[0m[34m268[0m [0m[34mâ”‚[0m             let [0m[33mclock[0m = clock::create_for_testing(ctx);
    [0m[34mâ”‚[0m                 [0m[33m^^^^^[0m [0m[33mUnused local variable 'clock'. Consider removing or prefixing with an underscore: '_clock'[0m
    [0m[34mâ”‚[0m
    [0m[34m=[0m This warning can be suppressed with '#[allow(unused_variable)]' applied to the 'module' or module member ('const', 'fun', or 'struct')

[0m[1m[38;5;9merror[E03002][0m[1m: unbound module[0m
    [0m[34mâ”Œâ”€[0m ./tests/factory_tests.move:268:25
    [0m[34mâ”‚[0m
[0m[34m268[0m [0m[34mâ”‚[0m             let clock = [0m[31mclock[0m::create_for_testing(ctx);
    [0m[34mâ”‚[0m                         [0m[31m^^^^^[0m [0m[31mUnbound module alias 'clock'[0m

[0m[1m[38;5;9merror[E04007][0m[1m: incompatible types[0m
    [0m[34mâ”Œâ”€[0m ./tests/factory_tests.move:272:50
    [0m[34mâ”‚[0m
[0m[34m272[0m [0m[34mâ”‚[0m             let (position, refund_a, refund_b) = [0m[31mfactory::create_stable_pool<BTC, USDC>(registry, 5, 100, coin_a, coin_b, ctx)[0m;
    [0m[34mâ”‚[0m                                                  [0m[31m^^^^^^^^^^^^^^^^^^^^^^^^^^^^^^^^^^^^^^^^^^^^^^^^^^^^^^^^^^^^^^^^^^^^^^^^^^^^^[0m [0m[31mInvalid call of 'sui_amm::factory::create_stable_pool'. Invalid argument for parameter 'clock'[0m
    [0m[34mâ”‚[0m
    [0m[34mâ”Œâ”€[0m /home/sati/.move/https___github_com_MystenLabs_sui_git_494fa6ede17f366f1cd850f01ccb9f42dc75c470/crates/sui-framework/packages/sui-framework/sources/test/test_scenario.move:370:47
    [0m[34mâ”‚[0m
[0m[34m370[0m [0m[34mâ”‚[0m public fun ctx(scenario: &mut Scenario): &mut TxContext {
    [0m[34mâ”‚[0m                                               [0m[34m---------[0m [0m[34mGiven: 'sui::tx_context::TxContext'[0m
    [0m[34mâ”‚[0m
    [0m[34mâ”Œâ”€[0m ./sources/factory.move:157:17
    [0m[34mâ”‚[0m
[0m[34m157[0m [0m[34mâ”‚[0m         clock: &sui::clock::Clock,
    [0m[34mâ”‚[0m                 [0m[34m-----------------[0m [0m[34mExpected: 'sui::clock::Clock'[0m

[0m[1m[38;5;9merror[E04016][0m[1m: too few arguments[0m
    [0m[34mâ”Œâ”€[0m ./tests/factory_tests.move:272:50
    [0m[34mâ”‚[0m
[0m[34m272[0m [0m[34mâ”‚[0m             let (position, refund_a, refund_b) = [0m[31mfactory::create_stable_pool<BTC, USDC>(registry, 5, 100, coin_a, coin_b, ctx)[0m;
    [0m[34mâ”‚[0m                                                  [0m[31m^^^^^^^^^^^^^^^^^^^^^^^^^^^^^^^^^^^^^^^^^^^^^^^^^^^^^^^^^^^^^^^^^^^^^^^^^^^^^[0m
    [0m[34mâ”‚[0m                                                  [0m[31mâ”‚[0m                                     [0m[34mâ”‚[0m
    [0m[34mâ”‚[0m                                                  [0m[31mâ”‚[0m                                     [0m[34mFound 6 argument(s) here[0m
    [0m[34mâ”‚[0m                                                  [0m[31mInvalid call of 'sui_amm::factory::create_stable_pool'. The call expected 7 argument(s) but got 6[0m
    [0m[34mâ”‚[0m
    [0m[34mâ”Œâ”€[0m ./sources/factory.move:151:16
    [0m[34mâ”‚[0m
[0m[34m151[0m [0m[34mâ”‚[0m     public fun create_stable_pool<CoinA, CoinB>(
    [0m[34mâ”‚[0m                [0m[34m------------------[0m [0m[34mExpected 7 argument(s)[0m

[0m[1m[38;5;11mwarning[W09002][0m[1m: unused variable[0m
    [0m[34mâ”Œâ”€[0m ./tests/factory_tests.move:300:17
    [0m[34mâ”‚[0m
[0m[34m300[0m [0m[34mâ”‚[0m             let [0m[33mclock[0m = clock::create_for_testing(ctx);
    [0m[34mâ”‚[0m                 [0m[33m^^^^^[0m [0m[33mUnused local variable 'clock'. Consider removing or prefixing with an underscore: '_clock'[0m
    [0m[34mâ”‚[0m
    [0m[34m=[0m This warning can be suppressed with '#[allow(unused_variable)]' applied to the 'module' or module member ('const', 'fun', or 'struct')

[0m[1m[38;5;9merror[E03002][0m[1m: unbound module[0m
    [0m[34mâ”Œâ”€[0m ./tests/factory_tests.move:300:25
    [0m[34mâ”‚[0m
[0m[34m300[0m [0m[34mâ”‚[0m             let clock = [0m[31mclock[0m::create_for_testing(ctx);
    [0m[34mâ”‚[0m                         [0m[31m^^^^^[0m [0m[31mUnbound module alias 'clock'[0m

[0m[1m[38;5;11mwarning[W09002][0m[1m: unused variable[0m
    [0m[34mâ”Œâ”€[0m ./tests/factory_tests.move:309:17
    [0m[34mâ”‚[0m
[0m[34m309[0m [0m[34mâ”‚[0m             let [0m[33mclock[0m = clock::create_for_testing(ctx);
    [0m[34mâ”‚[0m                 [0m[33m^^^^^[0m [0m[33mUnused local variable 'clock'. Consider removing or prefixing with an underscore: '_clock'[0m
    [0m[34mâ”‚[0m
    [0m[34m=[0m This warning can be suppressed with '#[allow(unused_variable)]' applied to the 'module' or module member ('const', 'fun', or 'struct')

[0m[1m[38;5;9merror[E03002][0m[1m: unbound module[0m
    [0m[34mâ”Œâ”€[0m ./tests/factory_tests.move:309:25
    [0m[34mâ”‚[0m
[0m[34m309[0m [0m[34mâ”‚[0m             let clock = [0m[31mclock[0m::create_for_testing(ctx);
    [0m[34mâ”‚[0m                         [0m[31m^^^^^[0m [0m[31mUnbound module alias 'clock'[0m

[0m[1m[38;5;9merror[E04007][0m[1m: incompatible types[0m
    [0m[34mâ”Œâ”€[0m ./tests/factory_tests.move:314:50
    [0m[34mâ”‚[0m
[0m[34m314[0m [0m[34mâ”‚[0m             let (position, refund_a, refund_b) = [0m[31mfactory::create_pool<BTC, USDC>(registry, 30, 0, coin_a, coin_b, ctx)[0m;
    [0m[34mâ”‚[0m                                                  [0m[31m^^^^^^^^^^^^^^^^^^^^^^^^^^^^^^^^^^^^^^^^^^^^^^^^^^^^^^^^^^^^^^^^^^^^^[0m [0m[31mInvalid call of 'sui_amm::factory::create_pool'. Invalid argument for parameter 'clock'[0m
    [0m[34mâ”‚[0m
    [0m[34mâ”Œâ”€[0m /home/sati/.move/https___github_com_MystenLabs_sui_git_494fa6ede17f366f1cd850f01ccb9f42dc75c470/crates/sui-framework/packages/sui-framework/sources/test/test_scenario.move:370:47
    [0m[34mâ”‚[0m
[0m[34m370[0m [0m[34mâ”‚[0m public fun ctx(scenario: &mut Scenario): &mut TxContext {
    [0m[34mâ”‚[0m                                               [0m[34m---------[0m [0m[34mGiven: 'sui::tx_context::TxContext'[0m
    [0m[34mâ”‚[0m
    [0m[34mâ”Œâ”€[0m ./sources/factory.move:84:17
    [0m[34mâ”‚[0m
[0m[34m 84[0m [0m[34mâ”‚[0m         clock: &sui::clock::Clock,
    [0m[34mâ”‚[0m                 [0m[34m-----------------[0m [0m[34mExpected: 'sui::clock::Clock'[0m

[0m[1m[38;5;9merror[E04016][0m[1m: too few arguments[0m
    [0m[34mâ”Œâ”€[0m ./tests/factory_tests.move:314:50
    [0m[34mâ”‚[0m
[0m[34m314[0m [0m[34mâ”‚[0m             let (position, refund_a, refund_b) = [0m[31mfactory::create_pool<BTC, USDC>(registry, 30, 0, coin_a, coin_b, ctx)[0m;
    [0m[34mâ”‚[0m                                                  [0m[31m^^^^^^^^^^^^^^^^^^^^^^^^^^^^^^^^^^^^^^^^^^^^^^^^^^^^^^^^^^^^^^^^^^^^^[0m
    [0m[34mâ”‚[0m                                                  [0m[31mâ”‚[0m                              [0m[34mâ”‚[0m
    [0m[34mâ”‚[0m                                                  [0m[31mâ”‚[0m                              [0m[34mFound 6 argument(s) here[0m
    [0m[34mâ”‚[0m                                                  [0m[31mInvalid call of 'sui_amm::factory::create_pool'. The call expected 7 argument(s) but got 6[0m
    [0m[34mâ”‚[0m
    [0m[34mâ”Œâ”€[0m ./sources/factory.move:78:16
    [0m[34mâ”‚[0m
[0m[34m 78[0m [0m[34mâ”‚[0m     public fun create_pool<CoinA, CoinB>(
    [0m[34mâ”‚[0m                [0m[34m-----------[0m [0m[34mExpected 7 argument(s)[0m

[0m[1m[38;5;9merror[E04007][0m[1m: incompatible types[0m
    [0m[34mâ”Œâ”€[0m ./tests/factory_tests.move:322:53
    [0m[34mâ”‚[0m
[0m[34m322[0m [0m[34mâ”‚[0m             let (position2, refund_a2, refund_b2) = [0m[31mfactory::create_stable_pool<BTC, USDC>(registry, 5, 100, coin_a2, coin_b2, ctx)[0m;
    [0m[34mâ”‚[0m                                                     [0m[31m^^^^^^^^^^^^^^^^^^^^^^^^^^^^^^^^^^^^^^^^^^^^^^^^^^^^^^^^^^^^^^^^^^^^^^^^^^^^^^^[0m [0m[31mInvalid call of 'sui_amm::factory::create_stable_pool'. Invalid argument for parameter 'clock'[0m
    [0m[34mâ”‚[0m
    [0m[34mâ”Œâ”€[0m /home/sati/.move/https___github_com_MystenLabs_sui_git_494fa6ede17f366f1cd850f01ccb9f42dc75c470/crates/sui-framework/packages/sui-framework/sources/test/test_scenario.move:370:47
    [0m[34mâ”‚[0m
[0m[34m370[0m [0m[34mâ”‚[0m public fun ctx(scenario: &mut Scenario): &mut TxContext {
    [0m[34mâ”‚[0m                                               [0m[34m---------[0m [0m[34mGiven: 'sui::tx_context::TxContext'[0m
    [0m[34mâ”‚[0m
    [0m[34mâ”Œâ”€[0m ./sources/factory.move:157:17
    [0m[34mâ”‚[0m
[0m[34m157[0m [0m[34mâ”‚[0m         clock: &sui::clock::Clock,
    [0m[34mâ”‚[0m                 [0m[34m-----------------[0m [0m[34mExpected: 'sui::clock::Clock'[0m

[0m[1m[38;5;9merror[E04016][0m[1m: too few arguments[0m
    [0m[34mâ”Œâ”€[0m ./tests/factory_tests.move:322:53
    [0m[34mâ”‚[0m
[0m[34m322[0m [0m[34mâ”‚[0m             let (position2, refund_a2, refund_b2) = [0m[31mfactory::create_stable_pool<BTC, USDC>(registry, 5, 100, coin_a2, coin_b2, ctx)[0m;
    [0m[34mâ”‚[0m                                                     [0m[31m^^^^^^^^^^^^^^^^^^^^^^^^^^^^^^^^^^^^^^^^^^^^^^^^^^^^^^^^^^^^^^^^^^^^^^^^^^^^^^^[0m
    [0m[34mâ”‚[0m                                                     [0m[31mâ”‚[0m                                     [0m[34mâ”‚[0m
    [0m[34mâ”‚[0m                                                     [0m[31mâ”‚[0m                                     [0m[34mFound 6 argument(s) here[0m
    [0m[34mâ”‚[0m                                                     [0m[31mInvalid call of 'sui_amm::factory::create_stable_pool'. The call expected 7 argument(s) but got 6[0m
    [0m[34mâ”‚[0m
    [0m[34mâ”Œâ”€[0m ./sources/factory.move:151:16
    [0m[34mâ”‚[0m
[0m[34m151[0m [0m[34mâ”‚[0m     public fun create_stable_pool<CoinA, CoinB>(
    [0m[34mâ”‚[0m                [0m[34m------------------[0m [0m[34mExpected 7 argument(s)[0m

[0m[1m[38;5;11mwarning[W09002][0m[1m: unused variable[0m
   [0m[34mâ”Œâ”€[0m ./tests/view_functions_tests.move:26:17
   [0m[34mâ”‚[0m
[0m[34m26[0m [0m[34mâ”‚[0m             let [0m[33mclock[0m = clock::create_for_testing(ctx);
   [0m[34mâ”‚[0m                 [0m[33m^^^^^[0m [0m[33mUnused local variable 'clock'. Consider removing or prefixing with an underscore: '_clock'[0m
   [0m[34mâ”‚[0m
   [0m[34m=[0m This warning can be suppressed with '#[allow(unused_variable)]' applied to the 'module' or module member ('const', 'fun', or 'struct')

[0m[1m[38;5;11mwarning[W09002][0m[1m: unused variable[0m
   [0m[34mâ”Œâ”€[0m ./tests/view_functions_tests.move:83:17
   [0m[34mâ”‚[0m
[0m[34m83[0m [0m[34mâ”‚[0m             let [0m[33mclock[0m = clock::create_for_testing(ctx);
   [0m[34mâ”‚[0m                 [0m[33m^^^^^[0m [0m[33mUnused local variable 'clock'. Consider removing or prefixing with an underscore: '_clock'[0m
   [0m[34mâ”‚[0m
   [0m[34m=[0m This warning can be suppressed with '#[allow(unused_variable)]' applied to the 'module' or module member ('const', 'fun', or 'struct')

[0m[1m[38;5;11mwarning[W09002][0m[1m: unused variable[0m
    [0m[34mâ”Œâ”€[0m ./tests/view_functions_tests.move:155:17
    [0m[34mâ”‚[0m
[0m[34m155[0m [0m[34mâ”‚[0m             let [0m[33mclock[0m = clock::create_for_testing(ctx);
    [0m[34mâ”‚[0m                 [0m[33m^^^^^[0m [0m[33mUnused local variable 'clock'. Consider removing or prefixing with an underscore: '_clock'[0m
    [0m[34mâ”‚[0m
    [0m[34m=[0m This warning can be suppressed with '#[allow(unused_variable)]' applied to the 'module' or module member ('const', 'fun', or 'struct')

[0m[1m[38;5;11mwarning[W09002][0m[1m: unused variable[0m
    [0m[34mâ”Œâ”€[0m ./tests/view_functions_tests.move:225:17
    [0m[34mâ”‚[0m
[0m[34m225[0m [0m[34mâ”‚[0m             let [0m[33mclock[0m = clock::create_for_testing(ctx);
    [0m[34mâ”‚[0m                 [0m[33m^^^^^[0m [0m[33mUnused local variable 'clock'. Consider removing or prefixing with an underscore: '_clock'[0m
    [0m[34mâ”‚[0m
    [0m[34m=[0m This warning can be suppressed with '#[allow(unused_variable)]' applied to the 'module' or module member ('const', 'fun', or 'struct')

[0m[1m[38;5;11mwarning[W09002][0m[1m: unused variable[0m
   [0m[34mâ”Œâ”€[0m ./tests/multi_lp_tests.move:29:17
   [0m[34mâ”‚[0m
[0m[34m29[0m [0m[34mâ”‚[0m             let [0m[33mclock[0m = clock::create_for_testing(ctx);
   [0m[34mâ”‚[0m                 [0m[33m^^^^^[0m [0m[33mUnused local variable 'clock'. Consider removing or prefixing with an underscore: '_clock'[0m
   [0m[34mâ”‚[0m
   [0m[34m=[0m This warning can be suppressed with '#[allow(unused_variable)]' applied to the 'module' or module member ('const', 'fun', or 'struct')

[0m[1m[38;5;11mwarning[W09002][0m[1m: unused variable[0m
   [0m[34mâ”Œâ”€[0m ./tests/multi_lp_tests.move:96:17
   [0m[34mâ”‚[0m
[0m[34m96[0m [0m[34mâ”‚[0m             let [0m[33mclock[0m = clock::create_for_testing(ctx);
   [0m[34mâ”‚[0m                 [0m[33m^^^^^[0m [0m[33mUnused local variable 'clock'. Consider removing or prefixing with an underscore: '_clock'[0m
   [0m[34mâ”‚[0m
   [0m[34m=[0m This warning can be suppressed with '#[allow(unused_variable)]' applied to the 'module' or module member ('const', 'fun', or 'struct')

[0m[1m[38;5;11mwarning[W09002][0m[1m: unused variable[0m
    [0m[34mâ”Œâ”€[0m ./tests/multi_lp_tests.move:118:17
    [0m[34mâ”‚[0m
[0m[34m118[0m [0m[34mâ”‚[0m             let [0m[33mclock[0m = clock::create_for_testing(ctx);
    [0m[34mâ”‚[0m                 [0m[33m^^^^^[0m [0m[33mUnused local variable 'clock'. Consider removing or prefixing with an underscore: '_clock'[0m
    [0m[34mâ”‚[0m
    [0m[34m=[0m This warning can be suppressed with '#[allow(unused_variable)]' applied to the 'module' or module member ('const', 'fun', or 'struct')

[0m[1m[38;5;11mwarning[W09002][0m[1m: unused variable[0m
    [0m[34mâ”Œâ”€[0m ./tests/multi_lp_tests.move:149:17
    [0m[34mâ”‚[0m
[0m[34m149[0m [0m[34mâ”‚[0m             let [0m[33mclock[0m = clock::create_for_testing(ctx);
    [0m[34mâ”‚[0m                 [0m[33m^^^^^[0m [0m[33mUnused local variable 'clock'. Consider removing or prefixing with an underscore: '_clock'[0m
    [0m[34mâ”‚[0m
    [0m[34m=[0m This warning can be suppressed with '#[allow(unused_variable)]' applied to the 'module' or module member ('const', 'fun', or 'struct')

[0m[1m[38;5;11mwarning[W09002][0m[1m: unused variable[0m
    [0m[34mâ”Œâ”€[0m ./tests/multi_lp_tests.move:216:17
    [0m[34mâ”‚[0m
[0m[34m216[0m [0m[34mâ”‚[0m             let [0m[33mclock[0m = clock::create_for_testing(ctx);
    [0m[34mâ”‚[0m                 [0m[33m^^^^^[0m [0m[33mUnused local variable 'clock'. Consider removing or prefixing with an underscore: '_clock'[0m
    [0m[34mâ”‚[0m
    [0m[34m=[0m This warning can be suppressed with '#[allow(unused_variable)]' applied to the 'module' or module member ('const', 'fun', or 'struct')

[0m[1m[38;5;11mwarning[W09002][0m[1m: unused variable[0m
    [0m[34mâ”Œâ”€[0m ./tests/multi_lp_tests.move:235:17
    [0m[34mâ”‚[0m
[0m[34m235[0m [0m[34mâ”‚[0m             let [0m[33mclock[0m = clock::create_for_testing(ctx);
    [0m[34mâ”‚[0m                 [0m[33m^^^^^[0m [0m[33mUnused local variable 'clock'. Consider removing or prefixing with an underscore: '_clock'[0m
    [0m[34mâ”‚[0m
    [0m[34m=[0m This warning can be suppressed with '#[allow(unused_variable)]' applied to the 'module' or module member ('const', 'fun', or 'struct')

[0m[1m[38;5;11mwarning[W09002][0m[1m: unused variable[0m
    [0m[34mâ”Œâ”€[0m ./tests/multi_lp_tests.move:267:17
    [0m[34mâ”‚[0m
[0m[34m267[0m [0m[34mâ”‚[0m             let [0m[33mclock[0m = clock::create_for_testing(ctx);
    [0m[34mâ”‚[0m                 [0m[33m^^^^^[0m [0m[33mUnused local variable 'clock'. Consider removing or prefixing with an underscore: '_clock'[0m
    [0m[34mâ”‚[0m
    [0m[34m=[0m This warning can be suppressed with '#[allow(unused_variable)]' applied to the 'module' or module member ('const', 'fun', or 'struct')

